<?xml version="1.0" encoding="UTF-8"?>
<!-- Generated by org.testng.reporters.JUnitXMLReporter -->
<testsuite ignored="0" hostname="LAPTOP-FUQ7CI23" failures="3" tests="4" name="Test" time="26.01" errors="0" timestamp="2022-06-15T01:12:00 IST">
  <testcase classname="com.Shanon.Leads.VerifyLeadCreation" name="createNewLeadTest" time="0.609">
    <failure type="java.lang.StackOverflowError">
      <![CDATA[java.lang.StackOverflowError
at com.Shanon.pages.HomePage.LeadsTab(HomePage.java:29)
at com.Shanon.pages.HomePage.LeadsTab(HomePage.java:29)
at com.Shanon.pages.HomePage.LeadsTab(HomePage.java:29)
at com.Shanon.pages.HomePage.LeadsTab(HomePage.java:29)
at com.Shanon.pages.HomePage.LeadsTab(HomePage.java:29)
at com.Shanon.pages.HomePage.LeadsTab(HomePage.java:29)
at com.Shanon.pages.HomePage.LeadsTab(HomePage.java:29)
at com.Shanon.pages.HomePage.LeadsTab(HomePage.java:29)
at com.Shanon.pages.HomePage.LeadsTab(HomePage.java:29)
at com.Shanon.pages.HomePage.LeadsTab(HomePage.java:29)
at com.Shanon.pages.HomePage.LeadsTab(HomePage.java:29)
at com.Shanon.pages.HomePage.LeadsTab(HomePage.java:29)
at com.Shanon.pages.HomePage.LeadsTab(HomePage.java:29)
at com.Shanon.pages.HomePage.LeadsTab(HomePage.java:29)
at com.Shanon.pages.HomePage.LeadsTab(HomePage.java:29)
at com.Shanon.pages.HomePage.LeadsTab(HomePage.java:29)
at com.Shanon.pages.HomePage.LeadsTab(HomePage.java:29)
at com.Shanon.pages.HomePage.LeadsTab(HomePage.java:29)
at com.Shanon.pages.HomePage.LeadsTab(HomePage.java:29)
at com.Shanon.pages.HomePage.LeadsTab(HomePage.java:29)
at com.Shanon.pages.HomePage.LeadsTab(HomePage.java:29)
at com.Shanon.pages.HomePage.LeadsTab(HomePage.java:29)
at com.Shanon.pages.HomePage.LeadsTab(HomePage.java:29)
at com.Shanon.pages.HomePage.LeadsTab(HomePage.java:29)
at com.Shanon.pages.HomePage.LeadsTab(HomePage.java:29)
at com.Shanon.pages.HomePage.LeadsTab(HomePage.java:29)
at com.Shanon.pages.HomePage.LeadsTab(HomePage.java:29)
at com.Shanon.pages.HomePage.LeadsTab(HomePage.java:29)
at com.Shanon.pages.HomePage.LeadsTab(HomePage.java:29)
at com.Shanon.pages.HomePage.LeadsTab(HomePage.java:29)
at com.Shanon.pages.HomePage.LeadsTab(HomePage.java:29)
at com.Shanon.pages.HomePage.LeadsTab(HomePage.java:29)
at com.Shanon.pages.HomePage.LeadsTab(HomePage.java:29)
at com.Shanon.pages.HomePage.LeadsTab(HomePage.java:29)
at com.Shanon.pages.HomePage.LeadsTab(HomePage.java:29)
at com.Shanon.pages.HomePage.LeadsTab(HomePage.java:29)
at com.Shanon.pages.HomePage.LeadsTab(HomePage.java:29)
at com.Shanon.pages.HomePage.LeadsTab(HomePage.java:29)
at com.Shanon.pages.HomePage.LeadsTab(HomePage.java:29)
at com.Shanon.pages.HomePage.LeadsTab(HomePage.java:29)
at com.Shanon.pages.HomePage.LeadsTab(HomePage.java:29)
at com.Shanon.pages.HomePage.LeadsTab(HomePage.java:29)
at com.Shanon.pages.HomePage.LeadsTab(HomePage.java:29)
at com.Shanon.pages.HomePage.LeadsTab(HomePage.java:29)
at com.Shanon.pages.HomePage.LeadsTab(HomePage.java:29)
at com.Shanon.pages.HomePage.LeadsTab(HomePage.java:29)
at com.Shanon.pages.HomePage.LeadsTab(HomePage.java:29)
at com.Shanon.pages.HomePage.LeadsTab(HomePage.java:29)
at com.Shanon.pages.HomePage.LeadsTab(HomePage.java:29)
at com.Shanon.pages.HomePage.LeadsTab(HomePage.java:29)
at com.Shanon.pages.HomePage.LeadsTab(HomePage.java:29)
at com.Shanon.pages.HomePage.LeadsTab(HomePage.java:29)
at com.Shanon.pages.HomePage.LeadsTab(HomePage.java:29)
at com.Shanon.pages.HomePage.LeadsTab(HomePage.java:29)
at com.Shanon.pages.HomePage.LeadsTab(HomePage.java:29)
at com.Shanon.pages.HomePage.LeadsTab(HomePage.java:29)
at com.Shanon.pages.HomePage.LeadsTab(HomePage.java:29)
at com.Shanon.pages.HomePage.LeadsTab(HomePage.java:29)
at com.Shanon.pages.HomePage.LeadsTab(HomePage.java:29)
at com.Shanon.pages.HomePage.LeadsTab(HomePage.java:29)
at com.Shanon.pages.HomePage.LeadsTab(HomePage.java:29)
at com.Shanon.pages.HomePage.LeadsTab(HomePage.java:29)
at com.Shanon.pages.HomePage.LeadsTab(HomePage.java:29)
at com.Shanon.pages.HomePage.LeadsTab(HomePage.java:29)
at com.Shanon.pages.HomePage.LeadsTab(HomePage.java:29)
at com.Shanon.pages.HomePage.LeadsTab(HomePage.java:29)
at com.Shanon.pages.HomePage.LeadsTab(HomePage.java:29)
at com.Shanon.pages.HomePage.LeadsTab(HomePage.java:29)
at com.Shanon.pages.HomePage.LeadsTab(HomePage.java:29)
at com.Shanon.pages.HomePage.LeadsTab(HomePage.java:29)
at com.Shanon.pages.HomePage.LeadsTab(HomePage.java:29)
at com.Shanon.pages.HomePage.LeadsTab(HomePage.java:29)
at com.Shanon.pages.HomePage.LeadsTab(HomePage.java:29)
at com.Shanon.pages.HomePage.LeadsTab(HomePage.java:29)
at com.Shanon.pages.HomePage.LeadsTab(HomePage.java:29)
at com.Shanon.pages.HomePage.LeadsTab(HomePage.java:29)
at com.Shanon.pages.HomePage.LeadsTab(HomePage.java:29)
at com.Shanon.pages.HomePage.LeadsTab(HomePage.java:29)
at com.Shanon.pages.HomePage.LeadsTab(HomePage.java:29)
at com.Shanon.pages.HomePage.LeadsTab(HomePage.java:29)
at com.Shanon.pages.HomePage.LeadsTab(HomePage.java:29)
at com.Shanon.pages.HomePage.LeadsTab(HomePage.java:29)
at com.Shanon.pages.HomePage.LeadsTab(HomePage.java:29)
at com.Shanon.pages.HomePage.LeadsTab(HomePage.java:29)
at com.Shanon.pages.HomePage.LeadsTab(HomePage.java:29)
at com.Shanon.pages.HomePage.LeadsTab(HomePage.java:29)
at com.Shanon.pages.HomePage.LeadsTab(HomePage.java:29)
at com.Shanon.pages.HomePage.LeadsTab(HomePage.java:29)
at com.Shanon.pages.HomePage.LeadsTab(HomePage.java:29)
at com.Shanon.pages.HomePage.LeadsTab(HomePage.java:29)
at com.Shanon.pages.HomePage.LeadsTab(HomePage.java:29)
at com.Shanon.pages.HomePage.LeadsTab(HomePage.java:29)
at com.Shanon.pages.HomePage.LeadsTab(HomePage.java:29)
at com.Shanon.pages.HomePage.LeadsTab(HomePage.java:29)
at com.Shanon.pages.HomePage.LeadsTab(HomePage.java:29)
at com.Shanon.pages.HomePage.LeadsTab(HomePage.java:29)
at com.Shanon.pages.HomePage.LeadsTab(HomePage.java:29)
at com.Shanon.pages.HomePage.LeadsTab(HomePage.java:29)
at com.Shanon.pages.HomePage.LeadsTab(HomePage.java:29)
at com.Shanon.pages.HomePage.LeadsTab(HomePage.java:29)
at com.Shanon.pages.HomePage.LeadsTab(HomePage.java:29)
at com.Shanon.pages.HomePage.LeadsTab(HomePage.java:29)
at com.Shanon.pages.HomePage.LeadsTab(HomePage.java:29)
at com.Shanon.pages.HomePage.LeadsTab(HomePage.java:29)
at com.Shanon.pages.HomePage.LeadsTab(HomePage.java:29)
at com.Shanon.pages.HomePage.LeadsTab(HomePage.java:29)
at com.Shanon.pages.HomePage.LeadsTab(HomePage.java:29)
at com.Shanon.pages.HomePage.LeadsTab(HomePage.java:29)
at com.Shanon.pages.HomePage.LeadsTab(HomePage.java:29)
at com.Shanon.pages.HomePage.LeadsTab(HomePage.java:29)
at com.Shanon.pages.HomePage.LeadsTab(HomePage.java:29)
at com.Shanon.pages.HomePage.LeadsTab(HomePage.java:29)
at com.Shanon.pages.HomePage.LeadsTab(HomePage.java:29)
at com.Shanon.pages.HomePage.LeadsTab(HomePage.java:29)
at com.Shanon.pages.HomePage.LeadsTab(HomePage.java:29)
at com.Shanon.pages.HomePage.LeadsTab(HomePage.java:29)
at com.Shanon.pages.HomePage.LeadsTab(HomePage.java:29)
at com.Shanon.pages.HomePage.LeadsTab(HomePage.java:29)
at com.Shanon.pages.HomePage.LeadsTab(HomePage.java:29)
at com.Shanon.pages.HomePage.LeadsTab(HomePage.java:29)
at com.Shanon.pages.HomePage.LeadsTab(HomePage.java:29)
at com.Shanon.pages.HomePage.LeadsTab(HomePage.java:29)
at com.Shanon.pages.HomePage.LeadsTab(HomePage.java:29)
at com.Shanon.pages.HomePage.LeadsTab(HomePage.java:29)
at com.Shanon.pages.HomePage.LeadsTab(HomePage.java:29)
at com.Shanon.pages.HomePage.LeadsTab(HomePage.java:29)
at com.Shanon.pages.HomePage.LeadsTab(HomePage.java:29)
at com.Shanon.pages.HomePage.LeadsTab(HomePage.java:29)
at com.Shanon.pages.HomePage.LeadsTab(HomePage.java:29)
at com.Shanon.pages.HomePage.LeadsTab(HomePage.java:29)
at com.Shanon.pages.HomePage.LeadsTab(HomePage.java:29)
at com.Shanon.pages.HomePage.LeadsTab(HomePage.java:29)
at com.Shanon.pages.HomePage.LeadsTab(HomePage.java:29)
at com.Shanon.pages.HomePage.LeadsTab(HomePage.java:29)
at com.Shanon.pages.HomePage.LeadsTab(HomePage.java:29)
at com.Shanon.pages.HomePage.LeadsTab(HomePage.java:29)
at com.Shanon.pages.HomePage.LeadsTab(HomePage.java:29)
at com.Shanon.pages.HomePage.LeadsTab(HomePage.java:29)
at com.Shanon.pages.HomePage.LeadsTab(HomePage.java:29)
at com.Shanon.pages.HomePage.LeadsTab(HomePage.java:29)
at com.Shanon.pages.HomePage.LeadsTab(HomePage.java:29)
at com.Shanon.pages.HomePage.LeadsTab(HomePage.java:29)
at com.Shanon.pages.HomePage.LeadsTab(HomePage.java:29)
at com.Shanon.pages.HomePage.LeadsTab(HomePage.java:29)
at com.Shanon.pages.HomePage.LeadsTab(HomePage.java:29)
at com.Shanon.pages.HomePage.LeadsTab(HomePage.java:29)
at com.Shanon.pages.HomePage.LeadsTab(HomePage.java:29)
at com.Shanon.pages.HomePage.LeadsTab(HomePage.java:29)
at com.Shanon.pages.HomePage.LeadsTab(HomePage.java:29)
at com.Shanon.pages.HomePage.LeadsTab(HomePage.java:29)
at com.Shanon.pages.HomePage.LeadsTab(HomePage.java:29)
at com.Shanon.pages.HomePage.LeadsTab(HomePage.java:29)
at com.Shanon.pages.HomePage.LeadsTab(HomePage.java:29)
at com.Shanon.pages.HomePage.LeadsTab(HomePage.java:29)
at com.Shanon.pages.HomePage.LeadsTab(HomePage.java:29)
at com.Shanon.pages.HomePage.LeadsTab(HomePage.java:29)
at com.Shanon.pages.HomePage.LeadsTab(HomePage.java:29)
at com.Shanon.pages.HomePage.LeadsTab(HomePage.java:29)
at com.Shanon.pages.HomePage.LeadsTab(HomePage.java:29)
at com.Shanon.pages.HomePage.LeadsTab(HomePage.java:29)
at com.Shanon.pages.HomePage.LeadsTab(HomePage.java:29)
at com.Shanon.pages.HomePage.LeadsTab(HomePage.java:29)
at com.Shanon.pages.HomePage.LeadsTab(HomePage.java:29)
at com.Shanon.pages.HomePage.LeadsTab(HomePage.java:29)
at com.Shanon.pages.HomePage.LeadsTab(HomePage.java:29)
at com.Shanon.pages.HomePage.LeadsTab(HomePage.java:29)
at com.Shanon.pages.HomePage.LeadsTab(HomePage.java:29)
at com.Shanon.pages.HomePage.LeadsTab(HomePage.java:29)
at com.Shanon.pages.HomePage.LeadsTab(HomePage.java:29)
at com.Shanon.pages.HomePage.LeadsTab(HomePage.java:29)
at com.Shanon.pages.HomePage.LeadsTab(HomePage.java:29)
at com.Shanon.pages.HomePage.LeadsTab(HomePage.java:29)
at com.Shanon.pages.HomePage.LeadsTab(HomePage.java:29)
at com.Shanon.pages.HomePage.LeadsTab(HomePage.java:29)
at com.Shanon.pages.HomePage.LeadsTab(HomePage.java:29)
at com.Shanon.pages.HomePage.LeadsTab(HomePage.java:29)
at com.Shanon.pages.HomePage.LeadsTab(HomePage.java:29)
at com.Shanon.pages.HomePage.LeadsTab(HomePage.java:29)
at com.Shanon.pages.HomePage.LeadsTab(HomePage.java:29)
at com.Shanon.pages.HomePage.LeadsTab(HomePage.java:29)
at com.Shanon.pages.HomePage.LeadsTab(HomePage.java:29)
at com.Shanon.pages.HomePage.LeadsTab(HomePage.java:29)
at com.Shanon.pages.HomePage.LeadsTab(HomePage.java:29)
at com.Shanon.pages.HomePage.LeadsTab(HomePage.java:29)
at com.Shanon.pages.HomePage.LeadsTab(HomePage.java:29)
at com.Shanon.pages.HomePage.LeadsTab(HomePage.java:29)
at com.Shanon.pages.HomePage.LeadsTab(HomePage.java:29)
at com.Shanon.pages.HomePage.LeadsTab(HomePage.java:29)
at com.Shanon.pages.HomePage.LeadsTab(HomePage.java:29)
at com.Shanon.pages.HomePage.LeadsTab(HomePage.java:29)
at com.Shanon.pages.HomePage.LeadsTab(HomePage.java:29)
at com.Shanon.pages.HomePage.LeadsTab(HomePage.java:29)
at com.Shanon.pages.HomePage.LeadsTab(HomePage.java:29)
at com.Shanon.pages.HomePage.LeadsTab(HomePage.java:29)
at com.Shanon.pages.HomePage.LeadsTab(HomePage.java:29)
at com.Shanon.pages.HomePage.LeadsTab(HomePage.java:29)
at com.Shanon.pages.HomePage.LeadsTab(HomePage.java:29)
at com.Shanon.pages.HomePage.LeadsTab(HomePage.java:29)
at com.Shanon.pages.HomePage.LeadsTab(HomePage.java:29)
at com.Shanon.pages.HomePage.LeadsTab(HomePage.java:29)
at com.Shanon.pages.HomePage.LeadsTab(HomePage.java:29)
at com.Shanon.pages.HomePage.LeadsTab(HomePage.java:29)
at com.Shanon.pages.HomePage.LeadsTab(HomePage.java:29)
at com.Shanon.pages.HomePage.LeadsTab(HomePage.java:29)
at com.Shanon.pages.HomePage.LeadsTab(HomePage.java:29)
at com.Shanon.pages.HomePage.LeadsTab(HomePage.java:29)
at com.Shanon.pages.HomePage.LeadsTab(HomePage.java:29)
at com.Shanon.pages.HomePage.LeadsTab(HomePage.java:29)
at com.Shanon.pages.HomePage.LeadsTab(HomePage.java:29)
at com.Shanon.pages.HomePage.LeadsTab(HomePage.java:29)
at com.Shanon.pages.HomePage.LeadsTab(HomePage.java:29)
at com.Shanon.pages.HomePage.LeadsTab(HomePage.java:29)
at com.Shanon.pages.HomePage.LeadsTab(HomePage.java:29)
at com.Shanon.pages.HomePage.LeadsTab(HomePage.java:29)
at com.Shanon.pages.HomePage.LeadsTab(HomePage.java:29)
at com.Shanon.pages.HomePage.LeadsTab(HomePage.java:29)
at com.Shanon.pages.HomePage.LeadsTab(HomePage.java:29)
at com.Shanon.pages.HomePage.LeadsTab(HomePage.java:29)
at com.Shanon.pages.HomePage.LeadsTab(HomePage.java:29)
at com.Shanon.pages.HomePage.LeadsTab(HomePage.java:29)
at com.Shanon.pages.HomePage.LeadsTab(HomePage.java:29)
at com.Shanon.pages.HomePage.LeadsTab(HomePage.java:29)
at com.Shanon.pages.HomePage.LeadsTab(HomePage.java:29)
at com.Shanon.pages.HomePage.LeadsTab(HomePage.java:29)
at com.Shanon.pages.HomePage.LeadsTab(HomePage.java:29)
at com.Shanon.pages.HomePage.LeadsTab(HomePage.java:29)
at com.Shanon.pages.HomePage.LeadsTab(HomePage.java:29)
at com.Shanon.pages.HomePage.LeadsTab(HomePage.java:29)
at com.Shanon.pages.HomePage.LeadsTab(HomePage.java:29)
at com.Shanon.pages.HomePage.LeadsTab(HomePage.java:29)
at com.Shanon.pages.HomePage.LeadsTab(HomePage.java:29)
at com.Shanon.pages.HomePage.LeadsTab(HomePage.java:29)
at com.Shanon.pages.HomePage.LeadsTab(HomePage.java:29)
at com.Shanon.pages.HomePage.LeadsTab(HomePage.java:29)
at com.Shanon.pages.HomePage.LeadsTab(HomePage.java:29)
at com.Shanon.pages.HomePage.LeadsTab(HomePage.java:29)
at com.Shanon.pages.HomePage.LeadsTab(HomePage.java:29)
at com.Shanon.pages.HomePage.LeadsTab(HomePage.java:29)
at com.Shanon.pages.HomePage.LeadsTab(HomePage.java:29)
at com.Shanon.pages.HomePage.LeadsTab(HomePage.java:29)
at com.Shanon.pages.HomePage.LeadsTab(HomePage.java:29)
at com.Shanon.pages.HomePage.LeadsTab(HomePage.java:29)
at com.Shanon.pages.HomePage.LeadsTab(HomePage.java:29)
at com.Shanon.pages.HomePage.LeadsTab(HomePage.java:29)
at com.Shanon.pages.HomePage.LeadsTab(HomePage.java:29)
at com.Shanon.pages.HomePage.LeadsTab(HomePage.java:29)
at com.Shanon.pages.HomePage.LeadsTab(HomePage.java:29)
at com.Shanon.pages.HomePage.LeadsTab(HomePage.java:29)
at com.Shanon.pages.HomePage.LeadsTab(HomePage.java:29)
at com.Shanon.pages.HomePage.LeadsTab(HomePage.java:29)
at com.Shanon.pages.HomePage.LeadsTab(HomePage.java:29)
at com.Shanon.pages.HomePage.LeadsTab(HomePage.java:29)
at com.Shanon.pages.HomePage.LeadsTab(HomePage.java:29)
at com.Shanon.pages.HomePage.LeadsTab(HomePage.java:29)
at com.Shanon.pages.HomePage.LeadsTab(HomePage.java:29)
at com.Shanon.pages.HomePage.LeadsTab(HomePage.java:29)
at com.Shanon.pages.HomePage.LeadsTab(HomePage.java:29)
at com.Shanon.pages.HomePage.LeadsTab(HomePage.java:29)
at com.Shanon.pages.HomePage.LeadsTab(HomePage.java:29)
at com.Shanon.pages.HomePage.LeadsTab(HomePage.java:29)
at com.Shanon.pages.HomePage.LeadsTab(HomePage.java:29)
at com.Shanon.pages.HomePage.LeadsTab(HomePage.java:29)
at com.Shanon.pages.HomePage.LeadsTab(HomePage.java:29)
at com.Shanon.pages.HomePage.LeadsTab(HomePage.java:29)
at com.Shanon.pages.HomePage.LeadsTab(HomePage.java:29)
at com.Shanon.pages.HomePage.LeadsTab(HomePage.java:29)
at com.Shanon.pages.HomePage.LeadsTab(HomePage.java:29)
at com.Shanon.pages.HomePage.LeadsTab(HomePage.java:29)
at com.Shanon.pages.HomePage.LeadsTab(HomePage.java:29)
at com.Shanon.pages.HomePage.LeadsTab(HomePage.java:29)
at com.Shanon.pages.HomePage.LeadsTab(HomePage.java:29)
at com.Shanon.pages.HomePage.LeadsTab(HomePage.java:29)
at com.Shanon.pages.HomePage.LeadsTab(HomePage.java:29)
at com.Shanon.pages.HomePage.LeadsTab(HomePage.java:29)
at com.Shanon.pages.HomePage.LeadsTab(HomePage.java:29)
at com.Shanon.pages.HomePage.LeadsTab(HomePage.java:29)
at com.Shanon.pages.HomePage.LeadsTab(HomePage.java:29)
at com.Shanon.pages.HomePage.LeadsTab(HomePage.java:29)
at com.Shanon.pages.HomePage.LeadsTab(HomePage.java:29)
at com.Shanon.pages.HomePage.LeadsTab(HomePage.java:29)
at com.Shanon.pages.HomePage.LeadsTab(HomePage.java:29)
at com.Shanon.pages.HomePage.LeadsTab(HomePage.java:29)
at com.Shanon.pages.HomePage.LeadsTab(HomePage.java:29)
at com.Shanon.pages.HomePage.LeadsTab(HomePage.java:29)
at com.Shanon.pages.HomePage.LeadsTab(HomePage.java:29)
at com.Shanon.pages.HomePage.LeadsTab(HomePage.java:29)
at com.Shanon.pages.HomePage.LeadsTab(HomePage.java:29)
at com.Shanon.pages.HomePage.LeadsTab(HomePage.java:29)
at com.Shanon.pages.HomePage.LeadsTab(HomePage.java:29)
at com.Shanon.pages.HomePage.LeadsTab(HomePage.java:29)
at com.Shanon.pages.HomePage.LeadsTab(HomePage.java:29)
at com.Shanon.pages.HomePage.LeadsTab(HomePage.java:29)
at com.Shanon.pages.HomePage.LeadsTab(HomePage.java:29)
at com.Shanon.pages.HomePage.LeadsTab(HomePage.java:29)
at com.Shanon.pages.HomePage.LeadsTab(HomePage.java:29)
at com.Shanon.pages.HomePage.LeadsTab(HomePage.java:29)
at com.Shanon.pages.HomePage.LeadsTab(HomePage.java:29)
at com.Shanon.pages.HomePage.LeadsTab(HomePage.java:29)
at com.Shanon.pages.HomePage.LeadsTab(HomePage.java:29)
at com.Shanon.pages.HomePage.LeadsTab(HomePage.java:29)
at com.Shanon.pages.HomePage.LeadsTab(HomePage.java:29)
at com.Shanon.pages.HomePage.LeadsTab(HomePage.java:29)
at com.Shanon.pages.HomePage.LeadsTab(HomePage.java:29)
at com.Shanon.pages.HomePage.LeadsTab(HomePage.java:29)
at com.Shanon.pages.HomePage.LeadsTab(HomePage.java:29)
at com.Shanon.pages.HomePage.LeadsTab(HomePage.java:29)
at com.Shanon.pages.HomePage.LeadsTab(HomePage.java:29)
at com.Shanon.pages.HomePage.LeadsTab(HomePage.java:29)
at com.Shanon.pages.HomePage.LeadsTab(HomePage.java:29)
at com.Shanon.pages.HomePage.LeadsTab(HomePage.java:29)
at com.Shanon.pages.HomePage.LeadsTab(HomePage.java:29)
at com.Shanon.pages.HomePage.LeadsTab(HomePage.java:29)
at com.Shanon.pages.HomePage.LeadsTab(HomePage.java:29)
at com.Shanon.pages.HomePage.LeadsTab(HomePage.java:29)
at com.Shanon.pages.HomePage.LeadsTab(HomePage.java:29)
at com.Shanon.pages.HomePage.LeadsTab(HomePage.java:29)
at com.Shanon.pages.HomePage.LeadsTab(HomePage.java:29)
at com.Shanon.pages.HomePage.LeadsTab(HomePage.java:29)
at com.Shanon.pages.HomePage.LeadsTab(HomePage.java:29)
at com.Shanon.pages.HomePage.LeadsTab(HomePage.java:29)
at com.Shanon.pages.HomePage.LeadsTab(HomePage.java:29)
at com.Shanon.pages.HomePage.LeadsTab(HomePage.java:29)
at com.Shanon.pages.HomePage.LeadsTab(HomePage.java:29)
at com.Shanon.pages.HomePage.LeadsTab(HomePage.java:29)
at com.Shanon.pages.HomePage.LeadsTab(HomePage.java:29)
at com.Shanon.pages.HomePage.LeadsTab(HomePage.java:29)
at com.Shanon.pages.HomePage.LeadsTab(HomePage.java:29)
at com.Shanon.pages.HomePage.LeadsTab(HomePage.java:29)
at com.Shanon.pages.HomePage.LeadsTab(HomePage.java:29)
at com.Shanon.pages.HomePage.LeadsTab(HomePage.java:29)
at com.Shanon.pages.HomePage.LeadsTab(HomePage.java:29)
at com.Shanon.pages.HomePage.LeadsTab(HomePage.java:29)
at com.Shanon.pages.HomePage.LeadsTab(HomePage.java:29)
at com.Shanon.pages.HomePage.LeadsTab(HomePage.java:29)
at com.Shanon.pages.HomePage.LeadsTab(HomePage.java:29)
at com.Shanon.pages.HomePage.LeadsTab(HomePage.java:29)
at com.Shanon.pages.HomePage.LeadsTab(HomePage.java:29)
at com.Shanon.pages.HomePage.LeadsTab(HomePage.java:29)
at com.Shanon.pages.HomePage.LeadsTab(HomePage.java:29)
at com.Shanon.pages.HomePage.LeadsTab(HomePage.java:29)
at com.Shanon.pages.HomePage.LeadsTab(HomePage.java:29)
at com.Shanon.pages.HomePage.LeadsTab(HomePage.java:29)
at com.Shanon.pages.HomePage.LeadsTab(HomePage.java:29)
at com.Shanon.pages.HomePage.LeadsTab(HomePage.java:29)
at com.Shanon.pages.HomePage.LeadsTab(HomePage.java:29)
at com.Shanon.pages.HomePage.LeadsTab(HomePage.java:29)
at com.Shanon.pages.HomePage.LeadsTab(HomePage.java:29)
at com.Shanon.pages.HomePage.LeadsTab(HomePage.java:29)
at com.Shanon.pages.HomePage.LeadsTab(HomePage.java:29)
at com.Shanon.pages.HomePage.LeadsTab(HomePage.java:29)
at com.Shanon.pages.HomePage.LeadsTab(HomePage.java:29)
at com.Shanon.pages.HomePage.LeadsTab(HomePage.java:29)
at com.Shanon.pages.HomePage.LeadsTab(HomePage.java:29)
at com.Shanon.pages.HomePage.LeadsTab(HomePage.java:29)
at com.Shanon.pages.HomePage.LeadsTab(HomePage.java:29)
at com.Shanon.pages.HomePage.LeadsTab(HomePage.java:29)
at com.Shanon.pages.HomePage.LeadsTab(HomePage.java:29)
at com.Shanon.pages.HomePage.LeadsTab(HomePage.java:29)
at com.Shanon.pages.HomePage.LeadsTab(HomePage.java:29)
at com.Shanon.pages.HomePage.LeadsTab(HomePage.java:29)
at com.Shanon.pages.HomePage.LeadsTab(HomePage.java:29)
at com.Shanon.pages.HomePage.LeadsTab(HomePage.java:29)
at com.Shanon.pages.HomePage.LeadsTab(HomePage.java:29)
at com.Shanon.pages.HomePage.LeadsTab(HomePage.java:29)
at com.Shanon.pages.HomePage.LeadsTab(HomePage.java:29)
at com.Shanon.pages.HomePage.LeadsTab(HomePage.java:29)
at com.Shanon.pages.HomePage.LeadsTab(HomePage.java:29)
at com.Shanon.pages.HomePage.LeadsTab(HomePage.java:29)
at com.Shanon.pages.HomePage.LeadsTab(HomePage.java:29)
at com.Shanon.pages.HomePage.LeadsTab(HomePage.java:29)
at com.Shanon.pages.HomePage.LeadsTab(HomePage.java:29)
at com.Shanon.pages.HomePage.LeadsTab(HomePage.java:29)
at com.Shanon.pages.HomePage.LeadsTab(HomePage.java:29)
at com.Shanon.pages.HomePage.LeadsTab(HomePage.java:29)
at com.Shanon.pages.HomePage.LeadsTab(HomePage.java:29)
at com.Shanon.pages.HomePage.LeadsTab(HomePage.java:29)
at com.Shanon.pages.HomePage.LeadsTab(HomePage.java:29)
at com.Shanon.pages.HomePage.LeadsTab(HomePage.java:29)
at com.Shanon.pages.HomePage.LeadsTab(HomePage.java:29)
at com.Shanon.pages.HomePage.LeadsTab(HomePage.java:29)
at com.Shanon.pages.HomePage.LeadsTab(HomePage.java:29)
at com.Shanon.pages.HomePage.LeadsTab(HomePage.java:29)
at com.Shanon.pages.HomePage.LeadsTab(HomePage.java:29)
at com.Shanon.pages.HomePage.LeadsTab(HomePage.java:29)
at com.Shanon.pages.HomePage.LeadsTab(HomePage.java:29)
at com.Shanon.pages.HomePage.LeadsTab(HomePage.java:29)
at com.Shanon.pages.HomePage.LeadsTab(HomePage.java:29)
at com.Shanon.pages.HomePage.LeadsTab(HomePage.java:29)
at com.Shanon.pages.HomePage.LeadsTab(HomePage.java:29)
at com.Shanon.pages.HomePage.LeadsTab(HomePage.java:29)
at com.Shanon.pages.HomePage.LeadsTab(HomePage.java:29)
at com.Shanon.pages.HomePage.LeadsTab(HomePage.java:29)
at com.Shanon.pages.HomePage.LeadsTab(HomePage.java:29)
at com.Shanon.pages.HomePage.LeadsTab(HomePage.java:29)
at com.Shanon.pages.HomePage.LeadsTab(HomePage.java:29)
at com.Shanon.pages.HomePage.LeadsTab(HomePage.java:29)
at com.Shanon.pages.HomePage.LeadsTab(HomePage.java:29)
at com.Shanon.pages.HomePage.LeadsTab(HomePage.java:29)
at com.Shanon.pages.HomePage.LeadsTab(HomePage.java:29)
at com.Shanon.pages.HomePage.LeadsTab(HomePage.java:29)
at com.Shanon.pages.HomePage.LeadsTab(HomePage.java:29)
at com.Shanon.pages.HomePage.LeadsTab(HomePage.java:29)
at com.Shanon.pages.HomePage.LeadsTab(HomePage.java:29)
at com.Shanon.pages.HomePage.LeadsTab(HomePage.java:29)
at com.Shanon.pages.HomePage.LeadsTab(HomePage.java:29)
at com.Shanon.pages.HomePage.LeadsTab(HomePage.java:29)
at com.Shanon.pages.HomePage.LeadsTab(HomePage.java:29)
at com.Shanon.pages.HomePage.LeadsTab(HomePage.java:29)
at com.Shanon.pages.HomePage.LeadsTab(HomePage.java:29)
at com.Shanon.pages.HomePage.LeadsTab(HomePage.java:29)
at com.Shanon.pages.HomePage.LeadsTab(HomePage.java:29)
at com.Shanon.pages.HomePage.LeadsTab(HomePage.java:29)
at com.Shanon.pages.HomePage.LeadsTab(HomePage.java:29)
at com.Shanon.pages.HomePage.LeadsTab(HomePage.java:29)
at com.Shanon.pages.HomePage.LeadsTab(HomePage.java:29)
at com.Shanon.pages.HomePage.LeadsTab(HomePage.java:29)
at com.Shanon.pages.HomePage.LeadsTab(HomePage.java:29)
at com.Shanon.pages.HomePage.LeadsTab(HomePage.java:29)
at com.Shanon.pages.HomePage.LeadsTab(HomePage.java:29)
at com.Shanon.pages.HomePage.LeadsTab(HomePage.java:29)
at com.Shanon.pages.HomePage.LeadsTab(HomePage.java:29)
at com.Shanon.pages.HomePage.LeadsTab(HomePage.java:29)
at com.Shanon.pages.HomePage.LeadsTab(HomePage.java:29)
at com.Shanon.pages.HomePage.LeadsTab(HomePage.java:29)
at com.Shanon.pages.HomePage.LeadsTab(HomePage.java:29)
at com.Shanon.pages.HomePage.LeadsTab(HomePage.java:29)
at com.Shanon.pages.HomePage.LeadsTab(HomePage.java:29)
at com.Shanon.pages.HomePage.LeadsTab(HomePage.java:29)
at com.Shanon.pages.HomePage.LeadsTab(HomePage.java:29)
at com.Shanon.pages.HomePage.LeadsTab(HomePage.java:29)
at com.Shanon.pages.HomePage.LeadsTab(HomePage.java:29)
at com.Shanon.pages.HomePage.LeadsTab(HomePage.java:29)
at com.Shanon.pages.HomePage.LeadsTab(HomePage.java:29)
at com.Shanon.pages.HomePage.LeadsTab(HomePage.java:29)
at com.Shanon.pages.HomePage.LeadsTab(HomePage.java:29)
at com.Shanon.pages.HomePage.LeadsTab(HomePage.java:29)
at com.Shanon.pages.HomePage.LeadsTab(HomePage.java:29)
at com.Shanon.pages.HomePage.LeadsTab(HomePage.java:29)
at com.Shanon.pages.HomePage.LeadsTab(HomePage.java:29)
at com.Shanon.pages.HomePage.LeadsTab(HomePage.java:29)
at com.Shanon.pages.HomePage.LeadsTab(HomePage.java:29)
at com.Shanon.pages.HomePage.LeadsTab(HomePage.java:29)
at com.Shanon.pages.HomePage.LeadsTab(HomePage.java:29)
at com.Shanon.pages.HomePage.LeadsTab(HomePage.java:29)
at com.Shanon.pages.HomePage.LeadsTab(HomePage.java:29)
at com.Shanon.pages.HomePage.LeadsTab(HomePage.java:29)
at com.Shanon.pages.HomePage.LeadsTab(HomePage.java:29)
at com.Shanon.pages.HomePage.LeadsTab(HomePage.java:29)
at com.Shanon.pages.HomePage.LeadsTab(HomePage.java:29)
at com.Shanon.pages.HomePage.LeadsTab(HomePage.java:29)
at com.Shanon.pages.HomePage.LeadsTab(HomePage.java:29)
at com.Shanon.pages.HomePage.LeadsTab(HomePage.java:29)
at com.Shanon.pages.HomePage.LeadsTab(HomePage.java:29)
at com.Shanon.pages.HomePage.LeadsTab(HomePage.java:29)
at com.Shanon.pages.HomePage.LeadsTab(HomePage.java:29)
at com.Shanon.pages.HomePage.LeadsTab(HomePage.java:29)
at com.Shanon.pages.HomePage.LeadsTab(HomePage.java:29)
at com.Shanon.pages.HomePage.LeadsTab(HomePage.java:29)
at com.Shanon.pages.HomePage.LeadsTab(HomePage.java:29)
at com.Shanon.pages.HomePage.LeadsTab(HomePage.java:29)
at com.Shanon.pages.HomePage.LeadsTab(HomePage.java:29)
at com.Shanon.pages.HomePage.LeadsTab(HomePage.java:29)
at com.Shanon.pages.HomePage.LeadsTab(HomePage.java:29)
at com.Shanon.pages.HomePage.LeadsTab(HomePage.java:29)
at com.Shanon.pages.HomePage.LeadsTab(HomePage.java:29)
at com.Shanon.pages.HomePage.LeadsTab(HomePage.java:29)
at com.Shanon.pages.HomePage.LeadsTab(HomePage.java:29)
at com.Shanon.pages.HomePage.LeadsTab(HomePage.java:29)
at com.Shanon.pages.HomePage.LeadsTab(HomePage.java:29)
at com.Shanon.pages.HomePage.LeadsTab(HomePage.java:29)
at com.Shanon.pages.HomePage.LeadsTab(HomePage.java:29)
at com.Shanon.pages.HomePage.LeadsTab(HomePage.java:29)
at com.Shanon.pages.HomePage.LeadsTab(HomePage.java:29)
at com.Shanon.pages.HomePage.LeadsTab(HomePage.java:29)
at com.Shanon.pages.HomePage.LeadsTab(HomePage.java:29)
at com.Shanon.pages.HomePage.LeadsTab(HomePage.java:29)
at com.Shanon.pages.HomePage.LeadsTab(HomePage.java:29)
at com.Shanon.pages.HomePage.LeadsTab(HomePage.java:29)
at com.Shanon.pages.HomePage.LeadsTab(HomePage.java:29)
at com.Shanon.pages.HomePage.LeadsTab(HomePage.java:29)
at com.Shanon.pages.HomePage.LeadsTab(HomePage.java:29)
at com.Shanon.pages.HomePage.LeadsTab(HomePage.java:29)
at com.Shanon.pages.HomePage.LeadsTab(HomePage.java:29)
at com.Shanon.pages.HomePage.LeadsTab(HomePage.java:29)
at com.Shanon.pages.HomePage.LeadsTab(HomePage.java:29)
at com.Shanon.pages.HomePage.LeadsTab(HomePage.java:29)
at com.Shanon.pages.HomePage.LeadsTab(HomePage.java:29)
at com.Shanon.pages.HomePage.LeadsTab(HomePage.java:29)
at com.Shanon.pages.HomePage.LeadsTab(HomePage.java:29)
at com.Shanon.pages.HomePage.LeadsTab(HomePage.java:29)
at com.Shanon.pages.HomePage.LeadsTab(HomePage.java:29)
at com.Shanon.pages.HomePage.LeadsTab(HomePage.java:29)
at com.Shanon.pages.HomePage.LeadsTab(HomePage.java:29)
at com.Shanon.pages.HomePage.LeadsTab(HomePage.java:29)
at com.Shanon.pages.HomePage.LeadsTab(HomePage.java:29)
at com.Shanon.pages.HomePage.LeadsTab(HomePage.java:29)
at com.Shanon.pages.HomePage.LeadsTab(HomePage.java:29)
at com.Shanon.pages.HomePage.LeadsTab(HomePage.java:29)
at com.Shanon.pages.HomePage.LeadsTab(HomePage.java:29)
at com.Shanon.pages.HomePage.LeadsTab(HomePage.java:29)
at com.Shanon.pages.HomePage.LeadsTab(HomePage.java:29)
at com.Shanon.pages.HomePage.LeadsTab(HomePage.java:29)
at com.Shanon.pages.HomePage.LeadsTab(HomePage.java:29)
at com.Shanon.pages.HomePage.LeadsTab(HomePage.java:29)
at com.Shanon.pages.HomePage.LeadsTab(HomePage.java:29)
at com.Shanon.pages.HomePage.LeadsTab(HomePage.java:29)
at com.Shanon.pages.HomePage.LeadsTab(HomePage.java:29)
at com.Shanon.pages.HomePage.LeadsTab(HomePage.java:29)
at com.Shanon.pages.HomePage.LeadsTab(HomePage.java:29)
at com.Shanon.pages.HomePage.LeadsTab(HomePage.java:29)
at com.Shanon.pages.HomePage.LeadsTab(HomePage.java:29)
at com.Shanon.pages.HomePage.LeadsTab(HomePage.java:29)
at com.Shanon.pages.HomePage.LeadsTab(HomePage.java:29)
at com.Shanon.pages.HomePage.LeadsTab(HomePage.java:29)
at com.Shanon.pages.HomePage.LeadsTab(HomePage.java:29)
at com.Shanon.pages.HomePage.LeadsTab(HomePage.java:29)
at com.Shanon.pages.HomePage.LeadsTab(HomePage.java:29)
at com.Shanon.pages.HomePage.LeadsTab(HomePage.java:29)
at com.Shanon.pages.HomePage.LeadsTab(HomePage.java:29)
at com.Shanon.pages.HomePage.LeadsTab(HomePage.java:29)
at com.Shanon.pages.HomePage.LeadsTab(HomePage.java:29)
at com.Shanon.pages.HomePage.LeadsTab(HomePage.java:29)
at com.Shanon.pages.HomePage.LeadsTab(HomePage.java:29)
at com.Shanon.pages.HomePage.LeadsTab(HomePage.java:29)
at com.Shanon.pages.HomePage.LeadsTab(HomePage.java:29)
at com.Shanon.pages.HomePage.LeadsTab(HomePage.java:29)
at com.Shanon.pages.HomePage.LeadsTab(HomePage.java:29)
at com.Shanon.pages.HomePage.LeadsTab(HomePage.java:29)
at com.Shanon.pages.HomePage.LeadsTab(HomePage.java:29)
at com.Shanon.pages.HomePage.LeadsTab(HomePage.java:29)
at com.Shanon.pages.HomePage.LeadsTab(HomePage.java:29)
at com.Shanon.pages.HomePage.LeadsTab(HomePage.java:29)
at com.Shanon.pages.HomePage.LeadsTab(HomePage.java:29)
at com.Shanon.pages.HomePage.LeadsTab(HomePage.java:29)
at com.Shanon.pages.HomePage.LeadsTab(HomePage.java:29)
at com.Shanon.pages.HomePage.LeadsTab(HomePage.java:29)
at com.Shanon.pages.HomePage.LeadsTab(HomePage.java:29)
at com.Shanon.pages.HomePage.LeadsTab(HomePage.java:29)
at com.Shanon.pages.HomePage.LeadsTab(HomePage.java:29)
at com.Shanon.pages.HomePage.LeadsTab(HomePage.java:29)
at com.Shanon.pages.HomePage.LeadsTab(HomePage.java:29)
at com.Shanon.pages.HomePage.LeadsTab(HomePage.java:29)
at com.Shanon.pages.HomePage.LeadsTab(HomePage.java:29)
at com.Shanon.pages.HomePage.LeadsTab(HomePage.java:29)
at com.Shanon.pages.HomePage.LeadsTab(HomePage.java:29)
at com.Shanon.pages.HomePage.LeadsTab(HomePage.java:29)
at com.Shanon.pages.HomePage.LeadsTab(HomePage.java:29)
at com.Shanon.pages.HomePage.LeadsTab(HomePage.java:29)
at com.Shanon.pages.HomePage.LeadsTab(HomePage.java:29)
at com.Shanon.pages.HomePage.LeadsTab(HomePage.java:29)
at com.Shanon.pages.HomePage.LeadsTab(HomePage.java:29)
at com.Shanon.pages.HomePage.LeadsTab(HomePage.java:29)
at com.Shanon.pages.HomePage.LeadsTab(HomePage.java:29)
at com.Shanon.pages.HomePage.LeadsTab(HomePage.java:29)
at com.Shanon.pages.HomePage.LeadsTab(HomePage.java:29)
at com.Shanon.pages.HomePage.LeadsTab(HomePage.java:29)
at com.Shanon.pages.HomePage.LeadsTab(HomePage.java:29)
at com.Shanon.pages.HomePage.LeadsTab(HomePage.java:29)
at com.Shanon.pages.HomePage.LeadsTab(HomePage.java:29)
at com.Shanon.pages.HomePage.LeadsTab(HomePage.java:29)
at com.Shanon.pages.HomePage.LeadsTab(HomePage.java:29)
at com.Shanon.pages.HomePage.LeadsTab(HomePage.java:29)
at com.Shanon.pages.HomePage.LeadsTab(HomePage.java:29)
at com.Shanon.pages.HomePage.LeadsTab(HomePage.java:29)
at com.Shanon.pages.HomePage.LeadsTab(HomePage.java:29)
at com.Shanon.pages.HomePage.LeadsTab(HomePage.java:29)
at com.Shanon.pages.HomePage.LeadsTab(HomePage.java:29)
at com.Shanon.pages.HomePage.LeadsTab(HomePage.java:29)
at com.Shanon.pages.HomePage.LeadsTab(HomePage.java:29)
at com.Shanon.pages.HomePage.LeadsTab(HomePage.java:29)
at com.Shanon.pages.HomePage.LeadsTab(HomePage.java:29)
at com.Shanon.pages.HomePage.LeadsTab(HomePage.java:29)
at com.Shanon.pages.HomePage.LeadsTab(HomePage.java:29)
at com.Shanon.pages.HomePage.LeadsTab(HomePage.java:29)
at com.Shanon.pages.HomePage.LeadsTab(HomePage.java:29)
at com.Shanon.pages.HomePage.LeadsTab(HomePage.java:29)
at com.Shanon.pages.HomePage.LeadsTab(HomePage.java:29)
at com.Shanon.pages.HomePage.LeadsTab(HomePage.java:29)
at com.Shanon.pages.HomePage.LeadsTab(HomePage.java:29)
at com.Shanon.pages.HomePage.LeadsTab(HomePage.java:29)
at com.Shanon.pages.HomePage.LeadsTab(HomePage.java:29)
at com.Shanon.pages.HomePage.LeadsTab(HomePage.java:29)
at com.Shanon.pages.HomePage.LeadsTab(HomePage.java:29)
at com.Shanon.pages.HomePage.LeadsTab(HomePage.java:29)
at com.Shanon.pages.HomePage.LeadsTab(HomePage.java:29)
at com.Shanon.pages.HomePage.LeadsTab(HomePage.java:29)
at com.Shanon.pages.HomePage.LeadsTab(HomePage.java:29)
at com.Shanon.pages.HomePage.LeadsTab(HomePage.java:29)
at com.Shanon.pages.HomePage.LeadsTab(HomePage.java:29)
at com.Shanon.pages.HomePage.LeadsTab(HomePage.java:29)
at com.Shanon.pages.HomePage.LeadsTab(HomePage.java:29)
at com.Shanon.pages.HomePage.LeadsTab(HomePage.java:29)
at com.Shanon.pages.HomePage.LeadsTab(HomePage.java:29)
at com.Shanon.pages.HomePage.LeadsTab(HomePage.java:29)
at com.Shanon.pages.HomePage.LeadsTab(HomePage.java:29)
at com.Shanon.pages.HomePage.LeadsTab(HomePage.java:29)
at com.Shanon.pages.HomePage.LeadsTab(HomePage.java:29)
at com.Shanon.pages.HomePage.LeadsTab(HomePage.java:29)
at com.Shanon.pages.HomePage.LeadsTab(HomePage.java:29)
at com.Shanon.pages.HomePage.LeadsTab(HomePage.java:29)
at com.Shanon.pages.HomePage.LeadsTab(HomePage.java:29)
at com.Shanon.pages.HomePage.LeadsTab(HomePage.java:29)
at com.Shanon.pages.HomePage.LeadsTab(HomePage.java:29)
at com.Shanon.pages.HomePage.LeadsTab(HomePage.java:29)
at com.Shanon.pages.HomePage.LeadsTab(HomePage.java:29)
at com.Shanon.pages.HomePage.LeadsTab(HomePage.java:29)
at com.Shanon.pages.HomePage.LeadsTab(HomePage.java:29)
at com.Shanon.pages.HomePage.LeadsTab(HomePage.java:29)
at com.Shanon.pages.HomePage.LeadsTab(HomePage.java:29)
at com.Shanon.pages.HomePage.LeadsTab(HomePage.java:29)
at com.Shanon.pages.HomePage.LeadsTab(HomePage.java:29)
at com.Shanon.pages.HomePage.LeadsTab(HomePage.java:29)
at com.Shanon.pages.HomePage.LeadsTab(HomePage.java:29)
at com.Shanon.pages.HomePage.LeadsTab(HomePage.java:29)
at com.Shanon.pages.HomePage.LeadsTab(HomePage.java:29)
at com.Shanon.pages.HomePage.LeadsTab(HomePage.java:29)
at com.Shanon.pages.HomePage.LeadsTab(HomePage.java:29)
at com.Shanon.pages.HomePage.LeadsTab(HomePage.java:29)
at com.Shanon.pages.HomePage.LeadsTab(HomePage.java:29)
at com.Shanon.pages.HomePage.LeadsTab(HomePage.java:29)
at com.Shanon.pages.HomePage.LeadsTab(HomePage.java:29)
at com.Shanon.pages.HomePage.LeadsTab(HomePage.java:29)
at com.Shanon.pages.HomePage.LeadsTab(HomePage.java:29)
at com.Shanon.pages.HomePage.LeadsTab(HomePage.java:29)
at com.Shanon.pages.HomePage.LeadsTab(HomePage.java:29)
at com.Shanon.pages.HomePage.LeadsTab(HomePage.java:29)
at com.Shanon.pages.HomePage.LeadsTab(HomePage.java:29)
at com.Shanon.pages.HomePage.LeadsTab(HomePage.java:29)
at com.Shanon.pages.HomePage.LeadsTab(HomePage.java:29)
at com.Shanon.pages.HomePage.LeadsTab(HomePage.java:29)
at com.Shanon.pages.HomePage.LeadsTab(HomePage.java:29)
at com.Shanon.pages.HomePage.LeadsTab(HomePage.java:29)
at com.Shanon.pages.HomePage.LeadsTab(HomePage.java:29)
at com.Shanon.pages.HomePage.LeadsTab(HomePage.java:29)
at com.Shanon.pages.HomePage.LeadsTab(HomePage.java:29)
at com.Shanon.pages.HomePage.LeadsTab(HomePage.java:29)
at com.Shanon.pages.HomePage.LeadsTab(HomePage.java:29)
at com.Shanon.pages.HomePage.LeadsTab(HomePage.java:29)
at com.Shanon.pages.HomePage.LeadsTab(HomePage.java:29)
at com.Shanon.pages.HomePage.LeadsTab(HomePage.java:29)
at com.Shanon.pages.HomePage.LeadsTab(HomePage.java:29)
at com.Shanon.pages.HomePage.LeadsTab(HomePage.java:29)
at com.Shanon.pages.HomePage.LeadsTab(HomePage.java:29)
at com.Shanon.pages.HomePage.LeadsTab(HomePage.java:29)
at com.Shanon.pages.HomePage.LeadsTab(HomePage.java:29)
at com.Shanon.pages.HomePage.LeadsTab(HomePage.java:29)
at com.Shanon.pages.HomePage.LeadsTab(HomePage.java:29)
at com.Shanon.pages.HomePage.LeadsTab(HomePage.java:29)
at com.Shanon.pages.HomePage.LeadsTab(HomePage.java:29)
at com.Shanon.pages.HomePage.LeadsTab(HomePage.java:29)
at com.Shanon.pages.HomePage.LeadsTab(HomePage.java:29)
at com.Shanon.pages.HomePage.LeadsTab(HomePage.java:29)
at com.Shanon.pages.HomePage.LeadsTab(HomePage.java:29)
at com.Shanon.pages.HomePage.LeadsTab(HomePage.java:29)
at com.Shanon.pages.HomePage.LeadsTab(HomePage.java:29)
at com.Shanon.pages.HomePage.LeadsTab(HomePage.java:29)
at com.Shanon.pages.HomePage.LeadsTab(HomePage.java:29)
at com.Shanon.pages.HomePage.LeadsTab(HomePage.java:29)
at com.Shanon.pages.HomePage.LeadsTab(HomePage.java:29)
at com.Shanon.pages.HomePage.LeadsTab(HomePage.java:29)
at com.Shanon.pages.HomePage.LeadsTab(HomePage.java:29)
at com.Shanon.pages.HomePage.LeadsTab(HomePage.java:29)
at com.Shanon.pages.HomePage.LeadsTab(HomePage.java:29)
at com.Shanon.pages.HomePage.LeadsTab(HomePage.java:29)
at com.Shanon.pages.HomePage.LeadsTab(HomePage.java:29)
at com.Shanon.pages.HomePage.LeadsTab(HomePage.java:29)
at com.Shanon.pages.HomePage.LeadsTab(HomePage.java:29)
at com.Shanon.pages.HomePage.LeadsTab(HomePage.java:29)
at com.Shanon.pages.HomePage.LeadsTab(HomePage.java:29)
at com.Shanon.pages.HomePage.LeadsTab(HomePage.java:29)
at com.Shanon.pages.HomePage.LeadsTab(HomePage.java:29)
at com.Shanon.pages.HomePage.LeadsTab(HomePage.java:29)
at com.Shanon.pages.HomePage.LeadsTab(HomePage.java:29)
at com.Shanon.pages.HomePage.LeadsTab(HomePage.java:29)
at com.Shanon.pages.HomePage.LeadsTab(HomePage.java:29)
at com.Shanon.pages.HomePage.LeadsTab(HomePage.java:29)
at com.Shanon.pages.HomePage.LeadsTab(HomePage.java:29)
at com.Shanon.pages.HomePage.LeadsTab(HomePage.java:29)
at com.Shanon.pages.HomePage.LeadsTab(HomePage.java:29)
at com.Shanon.pages.HomePage.LeadsTab(HomePage.java:29)
at com.Shanon.pages.HomePage.LeadsTab(HomePage.java:29)
at com.Shanon.pages.HomePage.LeadsTab(HomePage.java:29)
at com.Shanon.pages.HomePage.LeadsTab(HomePage.java:29)
at com.Shanon.pages.HomePage.LeadsTab(HomePage.java:29)
at com.Shanon.pages.HomePage.LeadsTab(HomePage.java:29)
at com.Shanon.pages.HomePage.LeadsTab(HomePage.java:29)
at com.Shanon.pages.HomePage.LeadsTab(HomePage.java:29)
at com.Shanon.pages.HomePage.LeadsTab(HomePage.java:29)
at com.Shanon.pages.HomePage.LeadsTab(HomePage.java:29)
at com.Shanon.pages.HomePage.LeadsTab(HomePage.java:29)
at com.Shanon.pages.HomePage.LeadsTab(HomePage.java:29)
at com.Shanon.pages.HomePage.LeadsTab(HomePage.java:29)
at com.Shanon.pages.HomePage.LeadsTab(HomePage.java:29)
at com.Shanon.pages.HomePage.LeadsTab(HomePage.java:29)
at com.Shanon.pages.HomePage.LeadsTab(HomePage.java:29)
at com.Shanon.pages.HomePage.LeadsTab(HomePage.java:29)
at com.Shanon.pages.HomePage.LeadsTab(HomePage.java:29)
at com.Shanon.pages.HomePage.LeadsTab(HomePage.java:29)
at com.Shanon.pages.HomePage.LeadsTab(HomePage.java:29)
at com.Shanon.pages.HomePage.LeadsTab(HomePage.java:29)
at com.Shanon.pages.HomePage.LeadsTab(HomePage.java:29)
at com.Shanon.pages.HomePage.LeadsTab(HomePage.java:29)
at com.Shanon.pages.HomePage.LeadsTab(HomePage.java:29)
at com.Shanon.pages.HomePage.LeadsTab(HomePage.java:29)
at com.Shanon.pages.HomePage.LeadsTab(HomePage.java:29)
at com.Shanon.pages.HomePage.LeadsTab(HomePage.java:29)
at com.Shanon.pages.HomePage.LeadsTab(HomePage.java:29)
at com.Shanon.pages.HomePage.LeadsTab(HomePage.java:29)
at com.Shanon.pages.HomePage.LeadsTab(HomePage.java:29)
at com.Shanon.pages.HomePage.LeadsTab(HomePage.java:29)
at com.Shanon.pages.HomePage.LeadsTab(HomePage.java:29)
at com.Shanon.pages.HomePage.LeadsTab(HomePage.java:29)
at com.Shanon.pages.HomePage.LeadsTab(HomePage.java:29)
at com.Shanon.pages.HomePage.LeadsTab(HomePage.java:29)
at com.Shanon.pages.HomePage.LeadsTab(HomePage.java:29)
at com.Shanon.pages.HomePage.LeadsTab(HomePage.java:29)
at com.Shanon.pages.HomePage.LeadsTab(HomePage.java:29)
at com.Shanon.pages.HomePage.LeadsTab(HomePage.java:29)
at com.Shanon.pages.HomePage.LeadsTab(HomePage.java:29)
at com.Shanon.pages.HomePage.LeadsTab(HomePage.java:29)
at com.Shanon.pages.HomePage.LeadsTab(HomePage.java:29)
at com.Shanon.pages.HomePage.LeadsTab(HomePage.java:29)
at com.Shanon.pages.HomePage.LeadsTab(HomePage.java:29)
at com.Shanon.pages.HomePage.LeadsTab(HomePage.java:29)
at com.Shanon.pages.HomePage.LeadsTab(HomePage.java:29)
at com.Shanon.pages.HomePage.LeadsTab(HomePage.java:29)
at com.Shanon.pages.HomePage.LeadsTab(HomePage.java:29)
at com.Shanon.pages.HomePage.LeadsTab(HomePage.java:29)
at com.Shanon.pages.HomePage.LeadsTab(HomePage.java:29)
at com.Shanon.pages.HomePage.LeadsTab(HomePage.java:29)
at com.Shanon.pages.HomePage.LeadsTab(HomePage.java:29)
at com.Shanon.pages.HomePage.LeadsTab(HomePage.java:29)
at com.Shanon.pages.HomePage.LeadsTab(HomePage.java:29)
at com.Shanon.pages.HomePage.LeadsTab(HomePage.java:29)
at com.Shanon.pages.HomePage.LeadsTab(HomePage.java:29)
at com.Shanon.pages.HomePage.LeadsTab(HomePage.java:29)
at com.Shanon.pages.HomePage.LeadsTab(HomePage.java:29)
at com.Shanon.pages.HomePage.LeadsTab(HomePage.java:29)
at com.Shanon.pages.HomePage.LeadsTab(HomePage.java:29)
at com.Shanon.pages.HomePage.LeadsTab(HomePage.java:29)
at com.Shanon.pages.HomePage.LeadsTab(HomePage.java:29)
at com.Shanon.pages.HomePage.LeadsTab(HomePage.java:29)
at com.Shanon.pages.HomePage.LeadsTab(HomePage.java:29)
at com.Shanon.pages.HomePage.LeadsTab(HomePage.java:29)
at com.Shanon.pages.HomePage.LeadsTab(HomePage.java:29)
at com.Shanon.pages.HomePage.LeadsTab(HomePage.java:29)
at com.Shanon.pages.HomePage.LeadsTab(HomePage.java:29)
at com.Shanon.pages.HomePage.LeadsTab(HomePage.java:29)
at com.Shanon.pages.HomePage.LeadsTab(HomePage.java:29)
at com.Shanon.pages.HomePage.LeadsTab(HomePage.java:29)
at com.Shanon.pages.HomePage.LeadsTab(HomePage.java:29)
at com.Shanon.pages.HomePage.LeadsTab(HomePage.java:29)
at com.Shanon.pages.HomePage.LeadsTab(HomePage.java:29)
at com.Shanon.pages.HomePage.LeadsTab(HomePage.java:29)
at com.Shanon.pages.HomePage.LeadsTab(HomePage.java:29)
at com.Shanon.pages.HomePage.LeadsTab(HomePage.java:29)
at com.Shanon.pages.HomePage.LeadsTab(HomePage.java:29)
at com.Shanon.pages.HomePage.LeadsTab(HomePage.java:29)
at com.Shanon.pages.HomePage.LeadsTab(HomePage.java:29)
at com.Shanon.pages.HomePage.LeadsTab(HomePage.java:29)
at com.Shanon.pages.HomePage.LeadsTab(HomePage.java:29)
at com.Shanon.pages.HomePage.LeadsTab(HomePage.java:29)
at com.Shanon.pages.HomePage.LeadsTab(HomePage.java:29)
at com.Shanon.pages.HomePage.LeadsTab(HomePage.java:29)
at com.Shanon.pages.HomePage.LeadsTab(HomePage.java:29)
at com.Shanon.pages.HomePage.LeadsTab(HomePage.java:29)
at com.Shanon.pages.HomePage.LeadsTab(HomePage.java:29)
at com.Shanon.pages.HomePage.LeadsTab(HomePage.java:29)
at com.Shanon.pages.HomePage.LeadsTab(HomePage.java:29)
at com.Shanon.pages.HomePage.LeadsTab(HomePage.java:29)
at com.Shanon.pages.HomePage.LeadsTab(HomePage.java:29)
at com.Shanon.pages.HomePage.LeadsTab(HomePage.java:29)
at com.Shanon.pages.HomePage.LeadsTab(HomePage.java:29)
at com.Shanon.pages.HomePage.LeadsTab(HomePage.java:29)
at com.Shanon.pages.HomePage.LeadsTab(HomePage.java:29)
at com.Shanon.pages.HomePage.LeadsTab(HomePage.java:29)
at com.Shanon.pages.HomePage.LeadsTab(HomePage.java:29)
at com.Shanon.pages.HomePage.LeadsTab(HomePage.java:29)
at com.Shanon.pages.HomePage.LeadsTab(HomePage.java:29)
at com.Shanon.pages.HomePage.LeadsTab(HomePage.java:29)
at com.Shanon.pages.HomePage.LeadsTab(HomePage.java:29)
at com.Shanon.pages.HomePage.LeadsTab(HomePage.java:29)
at com.Shanon.pages.HomePage.LeadsTab(HomePage.java:29)
at com.Shanon.pages.HomePage.LeadsTab(HomePage.java:29)
at com.Shanon.pages.HomePage.LeadsTab(HomePage.java:29)
at com.Shanon.pages.HomePage.LeadsTab(HomePage.java:29)
at com.Shanon.pages.HomePage.LeadsTab(HomePage.java:29)
at com.Shanon.pages.HomePage.LeadsTab(HomePage.java:29)
at com.Shanon.pages.HomePage.LeadsTab(HomePage.java:29)
at com.Shanon.pages.HomePage.LeadsTab(HomePage.java:29)
at com.Shanon.pages.HomePage.LeadsTab(HomePage.java:29)
at com.Shanon.pages.HomePage.LeadsTab(HomePage.java:29)
at com.Shanon.pages.HomePage.LeadsTab(HomePage.java:29)
at com.Shanon.pages.HomePage.LeadsTab(HomePage.java:29)
at com.Shanon.pages.HomePage.LeadsTab(HomePage.java:29)
at com.Shanon.pages.HomePage.LeadsTab(HomePage.java:29)
at com.Shanon.pages.HomePage.LeadsTab(HomePage.java:29)
at com.Shanon.pages.HomePage.LeadsTab(HomePage.java:29)
at com.Shanon.pages.HomePage.LeadsTab(HomePage.java:29)
at com.Shanon.pages.HomePage.LeadsTab(HomePage.java:29)
at com.Shanon.pages.HomePage.LeadsTab(HomePage.java:29)
at com.Shanon.pages.HomePage.LeadsTab(HomePage.java:29)
at com.Shanon.pages.HomePage.LeadsTab(HomePage.java:29)
at com.Shanon.pages.HomePage.LeadsTab(HomePage.java:29)
at com.Shanon.pages.HomePage.LeadsTab(HomePage.java:29)
at com.Shanon.pages.HomePage.LeadsTab(HomePage.java:29)
at com.Shanon.pages.HomePage.LeadsTab(HomePage.java:29)
at com.Shanon.pages.HomePage.LeadsTab(HomePage.java:29)
at com.Shanon.pages.HomePage.LeadsTab(HomePage.java:29)
at com.Shanon.pages.HomePage.LeadsTab(HomePage.java:29)
at com.Shanon.pages.HomePage.LeadsTab(HomePage.java:29)
at com.Shanon.pages.HomePage.LeadsTab(HomePage.java:29)
at com.Shanon.pages.HomePage.LeadsTab(HomePage.java:29)
at com.Shanon.pages.HomePage.LeadsTab(HomePage.java:29)
at com.Shanon.pages.HomePage.LeadsTab(HomePage.java:29)
at com.Shanon.pages.HomePage.LeadsTab(HomePage.java:29)
at com.Shanon.pages.HomePage.LeadsTab(HomePage.java:29)
at com.Shanon.pages.HomePage.LeadsTab(HomePage.java:29)
at com.Shanon.pages.HomePage.LeadsTab(HomePage.java:29)
at com.Shanon.pages.HomePage.LeadsTab(HomePage.java:29)
at com.Shanon.pages.HomePage.LeadsTab(HomePage.java:29)
at com.Shanon.pages.HomePage.LeadsTab(HomePage.java:29)
at com.Shanon.pages.HomePage.LeadsTab(HomePage.java:29)
at com.Shanon.pages.HomePage.LeadsTab(HomePage.java:29)
at com.Shanon.pages.HomePage.LeadsTab(HomePage.java:29)
at com.Shanon.pages.HomePage.LeadsTab(HomePage.java:29)
at com.Shanon.pages.HomePage.LeadsTab(HomePage.java:29)
at com.Shanon.pages.HomePage.LeadsTab(HomePage.java:29)
at com.Shanon.pages.HomePage.LeadsTab(HomePage.java:29)
at com.Shanon.pages.HomePage.LeadsTab(HomePage.java:29)
at com.Shanon.pages.HomePage.LeadsTab(HomePage.java:29)
at com.Shanon.pages.HomePage.LeadsTab(HomePage.java:29)
at com.Shanon.pages.HomePage.LeadsTab(HomePage.java:29)
at com.Shanon.pages.HomePage.LeadsTab(HomePage.java:29)
at com.Shanon.pages.HomePage.LeadsTab(HomePage.java:29)
at com.Shanon.pages.HomePage.LeadsTab(HomePage.java:29)
at com.Shanon.pages.HomePage.LeadsTab(HomePage.java:29)
at com.Shanon.pages.HomePage.LeadsTab(HomePage.java:29)
at com.Shanon.pages.HomePage.LeadsTab(HomePage.java:29)
at com.Shanon.pages.HomePage.LeadsTab(HomePage.java:29)
at com.Shanon.pages.HomePage.LeadsTab(HomePage.java:29)
at com.Shanon.pages.HomePage.LeadsTab(HomePage.java:29)
at com.Shanon.pages.HomePage.LeadsTab(HomePage.java:29)
at com.Shanon.pages.HomePage.LeadsTab(HomePage.java:29)
at com.Shanon.pages.HomePage.LeadsTab(HomePage.java:29)
at com.Shanon.pages.HomePage.LeadsTab(HomePage.java:29)
at com.Shanon.pages.HomePage.LeadsTab(HomePage.java:29)
at com.Shanon.pages.HomePage.LeadsTab(HomePage.java:29)
at com.Shanon.pages.HomePage.LeadsTab(HomePage.java:29)
at com.Shanon.pages.HomePage.LeadsTab(HomePage.java:29)
at com.Shanon.pages.HomePage.LeadsTab(HomePage.java:29)
at com.Shanon.pages.HomePage.LeadsTab(HomePage.java:29)
at com.Shanon.pages.HomePage.LeadsTab(HomePage.java:29)
at com.Shanon.pages.HomePage.LeadsTab(HomePage.java:29)
at com.Shanon.pages.HomePage.LeadsTab(HomePage.java:29)
at com.Shanon.pages.HomePage.LeadsTab(HomePage.java:29)
at com.Shanon.pages.HomePage.LeadsTab(HomePage.java:29)
at com.Shanon.pages.HomePage.LeadsTab(HomePage.java:29)
at com.Shanon.pages.HomePage.LeadsTab(HomePage.java:29)
at com.Shanon.pages.HomePage.LeadsTab(HomePage.java:29)
at com.Shanon.pages.HomePage.LeadsTab(HomePage.java:29)
at com.Shanon.pages.HomePage.LeadsTab(HomePage.java:29)
at com.Shanon.pages.HomePage.LeadsTab(HomePage.java:29)
at com.Shanon.pages.HomePage.LeadsTab(HomePage.java:29)
at com.Shanon.pages.HomePage.LeadsTab(HomePage.java:29)
at com.Shanon.pages.HomePage.LeadsTab(HomePage.java:29)
at com.Shanon.pages.HomePage.LeadsTab(HomePage.java:29)
at com.Shanon.pages.HomePage.LeadsTab(HomePage.java:29)
at com.Shanon.pages.HomePage.LeadsTab(HomePage.java:29)
at com.Shanon.pages.HomePage.LeadsTab(HomePage.java:29)
at com.Shanon.pages.HomePage.LeadsTab(HomePage.java:29)
at com.Shanon.pages.HomePage.LeadsTab(HomePage.java:29)
at com.Shanon.pages.HomePage.LeadsTab(HomePage.java:29)
at com.Shanon.pages.HomePage.LeadsTab(HomePage.java:29)
at com.Shanon.pages.HomePage.LeadsTab(HomePage.java:29)
at com.Shanon.pages.HomePage.LeadsTab(HomePage.java:29)
at com.Shanon.pages.HomePage.LeadsTab(HomePage.java:29)
at com.Shanon.pages.HomePage.LeadsTab(HomePage.java:29)
at com.Shanon.pages.HomePage.LeadsTab(HomePage.java:29)
at com.Shanon.pages.HomePage.LeadsTab(HomePage.java:29)
at com.Shanon.pages.HomePage.LeadsTab(HomePage.java:29)
at com.Shanon.pages.HomePage.LeadsTab(HomePage.java:29)
at com.Shanon.pages.HomePage.LeadsTab(HomePage.java:29)
at com.Shanon.pages.HomePage.LeadsTab(HomePage.java:29)
at com.Shanon.pages.HomePage.LeadsTab(HomePage.java:29)
at com.Shanon.pages.HomePage.LeadsTab(HomePage.java:29)
at com.Shanon.pages.HomePage.LeadsTab(HomePage.java:29)
at com.Shanon.pages.HomePage.LeadsTab(HomePage.java:29)
at com.Shanon.pages.HomePage.LeadsTab(HomePage.java:29)
at com.Shanon.pages.HomePage.LeadsTab(HomePage.java:29)
at com.Shanon.pages.HomePage.LeadsTab(HomePage.java:29)
at com.Shanon.pages.HomePage.LeadsTab(HomePage.java:29)
at com.Shanon.pages.HomePage.LeadsTab(HomePage.java:29)
at com.Shanon.pages.HomePage.LeadsTab(HomePage.java:29)
at com.Shanon.pages.HomePage.LeadsTab(HomePage.java:29)
at com.Shanon.pages.HomePage.LeadsTab(HomePage.java:29)
at com.Shanon.pages.HomePage.LeadsTab(HomePage.java:29)
at com.Shanon.pages.HomePage.LeadsTab(HomePage.java:29)
at com.Shanon.pages.HomePage.LeadsTab(HomePage.java:29)
at com.Shanon.pages.HomePage.LeadsTab(HomePage.java:29)
at com.Shanon.pages.HomePage.LeadsTab(HomePage.java:29)
at com.Shanon.pages.HomePage.LeadsTab(HomePage.java:29)
at com.Shanon.pages.HomePage.LeadsTab(HomePage.java:29)
at com.Shanon.pages.HomePage.LeadsTab(HomePage.java:29)
at com.Shanon.pages.HomePage.LeadsTab(HomePage.java:29)
at com.Shanon.pages.HomePage.LeadsTab(HomePage.java:29)
at com.Shanon.pages.HomePage.LeadsTab(HomePage.java:29)
at com.Shanon.pages.HomePage.LeadsTab(HomePage.java:29)
at com.Shanon.pages.HomePage.LeadsTab(HomePage.java:29)
at com.Shanon.pages.HomePage.LeadsTab(HomePage.java:29)
at com.Shanon.pages.HomePage.LeadsTab(HomePage.java:29)
at com.Shanon.pages.HomePage.LeadsTab(HomePage.java:29)
at com.Shanon.pages.HomePage.LeadsTab(HomePage.java:29)
at com.Shanon.pages.HomePage.LeadsTab(HomePage.java:29)
at com.Shanon.pages.HomePage.LeadsTab(HomePage.java:29)
at com.Shanon.pages.HomePage.LeadsTab(HomePage.java:29)
at com.Shanon.pages.HomePage.LeadsTab(HomePage.java:29)
at com.Shanon.pages.HomePage.LeadsTab(HomePage.java:29)
at com.Shanon.pages.HomePage.LeadsTab(HomePage.java:29)
at com.Shanon.pages.HomePage.LeadsTab(HomePage.java:29)
at com.Shanon.pages.HomePage.LeadsTab(HomePage.java:29)
at com.Shanon.pages.HomePage.LeadsTab(HomePage.java:29)
at com.Shanon.pages.HomePage.LeadsTab(HomePage.java:29)
at com.Shanon.pages.HomePage.LeadsTab(HomePage.java:29)
at com.Shanon.pages.HomePage.LeadsTab(HomePage.java:29)
at com.Shanon.pages.HomePage.LeadsTab(HomePage.java:29)
at com.Shanon.pages.HomePage.LeadsTab(HomePage.java:29)
at com.Shanon.pages.HomePage.LeadsTab(HomePage.java:29)
at com.Shanon.pages.HomePage.LeadsTab(HomePage.java:29)
at com.Shanon.pages.HomePage.LeadsTab(HomePage.java:29)
at com.Shanon.pages.HomePage.LeadsTab(HomePage.java:29)
at com.Shanon.pages.HomePage.LeadsTab(HomePage.java:29)
at com.Shanon.pages.HomePage.LeadsTab(HomePage.java:29)
at com.Shanon.pages.HomePage.LeadsTab(HomePage.java:29)
at com.Shanon.pages.HomePage.LeadsTab(HomePage.java:29)
at com.Shanon.pages.HomePage.LeadsTab(HomePage.java:29)
at com.Shanon.pages.HomePage.LeadsTab(HomePage.java:29)
at com.Shanon.pages.HomePage.LeadsTab(HomePage.java:29)
at com.Shanon.pages.HomePage.LeadsTab(HomePage.java:29)
at com.Shanon.pages.HomePage.LeadsTab(HomePage.java:29)
at com.Shanon.pages.HomePage.LeadsTab(HomePage.java:29)
at com.Shanon.pages.HomePage.LeadsTab(HomePage.java:29)
at com.Shanon.pages.HomePage.LeadsTab(HomePage.java:29)
at com.Shanon.pages.HomePage.LeadsTab(HomePage.java:29)
at com.Shanon.pages.HomePage.LeadsTab(HomePage.java:29)
at com.Shanon.pages.HomePage.LeadsTab(HomePage.java:29)
at com.Shanon.pages.HomePage.LeadsTab(HomePage.java:29)
at com.Shanon.pages.HomePage.LeadsTab(HomePage.java:29)
at com.Shanon.pages.HomePage.LeadsTab(HomePage.java:29)
at com.Shanon.pages.HomePage.LeadsTab(HomePage.java:29)
at com.Shanon.pages.HomePage.LeadsTab(HomePage.java:29)
at com.Shanon.pages.HomePage.LeadsTab(HomePage.java:29)
at com.Shanon.pages.HomePage.LeadsTab(HomePage.java:29)
at com.Shanon.pages.HomePage.LeadsTab(HomePage.java:29)
at com.Shanon.pages.HomePage.LeadsTab(HomePage.java:29)
at com.Shanon.pages.HomePage.LeadsTab(HomePage.java:29)
at com.Shanon.pages.HomePage.LeadsTab(HomePage.java:29)
at com.Shanon.pages.HomePage.LeadsTab(HomePage.java:29)
at com.Shanon.pages.HomePage.LeadsTab(HomePage.java:29)
at com.Shanon.pages.HomePage.LeadsTab(HomePage.java:29)
at com.Shanon.pages.HomePage.LeadsTab(HomePage.java:29)
at com.Shanon.pages.HomePage.LeadsTab(HomePage.java:29)
at com.Shanon.pages.HomePage.LeadsTab(HomePage.java:29)
at com.Shanon.pages.HomePage.LeadsTab(HomePage.java:29)
at com.Shanon.pages.HomePage.LeadsTab(HomePage.java:29)
at com.Shanon.pages.HomePage.LeadsTab(HomePage.java:29)
at com.Shanon.pages.HomePage.LeadsTab(HomePage.java:29)
at com.Shanon.pages.HomePage.LeadsTab(HomePage.java:29)
at com.Shanon.pages.HomePage.LeadsTab(HomePage.java:29)
at com.Shanon.pages.HomePage.LeadsTab(HomePage.java:29)
at com.Shanon.pages.HomePage.LeadsTab(HomePage.java:29)
at com.Shanon.pages.HomePage.LeadsTab(HomePage.java:29)
at com.Shanon.pages.HomePage.LeadsTab(HomePage.java:29)
at com.Shanon.pages.HomePage.LeadsTab(HomePage.java:29)
at com.Shanon.pages.HomePage.LeadsTab(HomePage.java:29)
at com.Shanon.pages.HomePage.LeadsTab(HomePage.java:29)
at com.Shanon.pages.HomePage.LeadsTab(HomePage.java:29)
at com.Shanon.pages.HomePage.LeadsTab(HomePage.java:29)
at com.Shanon.pages.HomePage.LeadsTab(HomePage.java:29)
at com.Shanon.pages.HomePage.LeadsTab(HomePage.java:29)
at com.Shanon.pages.HomePage.LeadsTab(HomePage.java:29)
at com.Shanon.pages.HomePage.LeadsTab(HomePage.java:29)
at com.Shanon.pages.HomePage.LeadsTab(HomePage.java:29)
at com.Shanon.pages.HomePage.LeadsTab(HomePage.java:29)
at com.Shanon.pages.HomePage.LeadsTab(HomePage.java:29)
at com.Shanon.pages.HomePage.LeadsTab(HomePage.java:29)
at com.Shanon.pages.HomePage.LeadsTab(HomePage.java:29)
at com.Shanon.pages.HomePage.LeadsTab(HomePage.java:29)
at com.Shanon.pages.HomePage.LeadsTab(HomePage.java:29)
at com.Shanon.pages.HomePage.LeadsTab(HomePage.java:29)
at com.Shanon.pages.HomePage.LeadsTab(HomePage.java:29)
at com.Shanon.pages.HomePage.LeadsTab(HomePage.java:29)
at com.Shanon.pages.HomePage.LeadsTab(HomePage.java:29)
at com.Shanon.pages.HomePage.LeadsTab(HomePage.java:29)
at com.Shanon.pages.HomePage.LeadsTab(HomePage.java:29)
at com.Shanon.pages.HomePage.LeadsTab(HomePage.java:29)
at com.Shanon.pages.HomePage.LeadsTab(HomePage.java:29)
at com.Shanon.pages.HomePage.LeadsTab(HomePage.java:29)
at com.Shanon.pages.HomePage.LeadsTab(HomePage.java:29)
at com.Shanon.pages.HomePage.LeadsTab(HomePage.java:29)
at com.Shanon.pages.HomePage.LeadsTab(HomePage.java:29)
at com.Shanon.pages.HomePage.LeadsTab(HomePage.java:29)
at com.Shanon.pages.HomePage.LeadsTab(HomePage.java:29)
at com.Shanon.pages.HomePage.LeadsTab(HomePage.java:29)
at com.Shanon.pages.HomePage.LeadsTab(HomePage.java:29)
at com.Shanon.pages.HomePage.LeadsTab(HomePage.java:29)
at com.Shanon.pages.HomePage.LeadsTab(HomePage.java:29)
at com.Shanon.pages.HomePage.LeadsTab(HomePage.java:29)
at com.Shanon.pages.HomePage.LeadsTab(HomePage.java:29)
at com.Shanon.pages.HomePage.LeadsTab(HomePage.java:29)
at com.Shanon.pages.HomePage.LeadsTab(HomePage.java:29)
at com.Shanon.pages.HomePage.LeadsTab(HomePage.java:29)
at com.Shanon.pages.HomePage.LeadsTab(HomePage.java:29)
at com.Shanon.pages.HomePage.LeadsTab(HomePage.java:29)
at com.Shanon.pages.HomePage.LeadsTab(HomePage.java:29)
at com.Shanon.pages.HomePage.LeadsTab(HomePage.java:29)
at com.Shanon.pages.HomePage.LeadsTab(HomePage.java:29)
at com.Shanon.pages.HomePage.LeadsTab(HomePage.java:29)
at com.Shanon.pages.HomePage.LeadsTab(HomePage.java:29)
at com.Shanon.pages.HomePage.LeadsTab(HomePage.java:29)
at com.Shanon.pages.HomePage.LeadsTab(HomePage.java:29)
at com.Shanon.pages.HomePage.LeadsTab(HomePage.java:29)
at com.Shanon.pages.HomePage.LeadsTab(HomePage.java:29)
at com.Shanon.pages.HomePage.LeadsTab(HomePage.java:29)
]]>
    </failure>
  </testcase> <!-- createNewLeadTest -->
  <testcase classname="com.Shanon.Leads.VerifyLeads" name="verifyLeadsTabTest" time="0.557">
    <failure type="java.lang.StackOverflowError">
      <![CDATA[java.lang.StackOverflowError
at com.Shanon.pages.HomePage.LeadsTab(HomePage.java:29)
at com.Shanon.pages.HomePage.LeadsTab(HomePage.java:29)
at com.Shanon.pages.HomePage.LeadsTab(HomePage.java:29)
at com.Shanon.pages.HomePage.LeadsTab(HomePage.java:29)
at com.Shanon.pages.HomePage.LeadsTab(HomePage.java:29)
at com.Shanon.pages.HomePage.LeadsTab(HomePage.java:29)
at com.Shanon.pages.HomePage.LeadsTab(HomePage.java:29)
at com.Shanon.pages.HomePage.LeadsTab(HomePage.java:29)
at com.Shanon.pages.HomePage.LeadsTab(HomePage.java:29)
at com.Shanon.pages.HomePage.LeadsTab(HomePage.java:29)
at com.Shanon.pages.HomePage.LeadsTab(HomePage.java:29)
at com.Shanon.pages.HomePage.LeadsTab(HomePage.java:29)
at com.Shanon.pages.HomePage.LeadsTab(HomePage.java:29)
at com.Shanon.pages.HomePage.LeadsTab(HomePage.java:29)
at com.Shanon.pages.HomePage.LeadsTab(HomePage.java:29)
at com.Shanon.pages.HomePage.LeadsTab(HomePage.java:29)
at com.Shanon.pages.HomePage.LeadsTab(HomePage.java:29)
at com.Shanon.pages.HomePage.LeadsTab(HomePage.java:29)
at com.Shanon.pages.HomePage.LeadsTab(HomePage.java:29)
at com.Shanon.pages.HomePage.LeadsTab(HomePage.java:29)
at com.Shanon.pages.HomePage.LeadsTab(HomePage.java:29)
at com.Shanon.pages.HomePage.LeadsTab(HomePage.java:29)
at com.Shanon.pages.HomePage.LeadsTab(HomePage.java:29)
at com.Shanon.pages.HomePage.LeadsTab(HomePage.java:29)
at com.Shanon.pages.HomePage.LeadsTab(HomePage.java:29)
at com.Shanon.pages.HomePage.LeadsTab(HomePage.java:29)
at com.Shanon.pages.HomePage.LeadsTab(HomePage.java:29)
at com.Shanon.pages.HomePage.LeadsTab(HomePage.java:29)
at com.Shanon.pages.HomePage.LeadsTab(HomePage.java:29)
at com.Shanon.pages.HomePage.LeadsTab(HomePage.java:29)
at com.Shanon.pages.HomePage.LeadsTab(HomePage.java:29)
at com.Shanon.pages.HomePage.LeadsTab(HomePage.java:29)
at com.Shanon.pages.HomePage.LeadsTab(HomePage.java:29)
at com.Shanon.pages.HomePage.LeadsTab(HomePage.java:29)
at com.Shanon.pages.HomePage.LeadsTab(HomePage.java:29)
at com.Shanon.pages.HomePage.LeadsTab(HomePage.java:29)
at com.Shanon.pages.HomePage.LeadsTab(HomePage.java:29)
at com.Shanon.pages.HomePage.LeadsTab(HomePage.java:29)
at com.Shanon.pages.HomePage.LeadsTab(HomePage.java:29)
at com.Shanon.pages.HomePage.LeadsTab(HomePage.java:29)
at com.Shanon.pages.HomePage.LeadsTab(HomePage.java:29)
at com.Shanon.pages.HomePage.LeadsTab(HomePage.java:29)
at com.Shanon.pages.HomePage.LeadsTab(HomePage.java:29)
at com.Shanon.pages.HomePage.LeadsTab(HomePage.java:29)
at com.Shanon.pages.HomePage.LeadsTab(HomePage.java:29)
at com.Shanon.pages.HomePage.LeadsTab(HomePage.java:29)
at com.Shanon.pages.HomePage.LeadsTab(HomePage.java:29)
at com.Shanon.pages.HomePage.LeadsTab(HomePage.java:29)
at com.Shanon.pages.HomePage.LeadsTab(HomePage.java:29)
at com.Shanon.pages.HomePage.LeadsTab(HomePage.java:29)
at com.Shanon.pages.HomePage.LeadsTab(HomePage.java:29)
at com.Shanon.pages.HomePage.LeadsTab(HomePage.java:29)
at com.Shanon.pages.HomePage.LeadsTab(HomePage.java:29)
at com.Shanon.pages.HomePage.LeadsTab(HomePage.java:29)
at com.Shanon.pages.HomePage.LeadsTab(HomePage.java:29)
at com.Shanon.pages.HomePage.LeadsTab(HomePage.java:29)
at com.Shanon.pages.HomePage.LeadsTab(HomePage.java:29)
at com.Shanon.pages.HomePage.LeadsTab(HomePage.java:29)
at com.Shanon.pages.HomePage.LeadsTab(HomePage.java:29)
at com.Shanon.pages.HomePage.LeadsTab(HomePage.java:29)
at com.Shanon.pages.HomePage.LeadsTab(HomePage.java:29)
at com.Shanon.pages.HomePage.LeadsTab(HomePage.java:29)
at com.Shanon.pages.HomePage.LeadsTab(HomePage.java:29)
at com.Shanon.pages.HomePage.LeadsTab(HomePage.java:29)
at com.Shanon.pages.HomePage.LeadsTab(HomePage.java:29)
at com.Shanon.pages.HomePage.LeadsTab(HomePage.java:29)
at com.Shanon.pages.HomePage.LeadsTab(HomePage.java:29)
at com.Shanon.pages.HomePage.LeadsTab(HomePage.java:29)
at com.Shanon.pages.HomePage.LeadsTab(HomePage.java:29)
at com.Shanon.pages.HomePage.LeadsTab(HomePage.java:29)
at com.Shanon.pages.HomePage.LeadsTab(HomePage.java:29)
at com.Shanon.pages.HomePage.LeadsTab(HomePage.java:29)
at com.Shanon.pages.HomePage.LeadsTab(HomePage.java:29)
at com.Shanon.pages.HomePage.LeadsTab(HomePage.java:29)
at com.Shanon.pages.HomePage.LeadsTab(HomePage.java:29)
at com.Shanon.pages.HomePage.LeadsTab(HomePage.java:29)
at com.Shanon.pages.HomePage.LeadsTab(HomePage.java:29)
at com.Shanon.pages.HomePage.LeadsTab(HomePage.java:29)
at com.Shanon.pages.HomePage.LeadsTab(HomePage.java:29)
at com.Shanon.pages.HomePage.LeadsTab(HomePage.java:29)
at com.Shanon.pages.HomePage.LeadsTab(HomePage.java:29)
at com.Shanon.pages.HomePage.LeadsTab(HomePage.java:29)
at com.Shanon.pages.HomePage.LeadsTab(HomePage.java:29)
at com.Shanon.pages.HomePage.LeadsTab(HomePage.java:29)
at com.Shanon.pages.HomePage.LeadsTab(HomePage.java:29)
at com.Shanon.pages.HomePage.LeadsTab(HomePage.java:29)
at com.Shanon.pages.HomePage.LeadsTab(HomePage.java:29)
at com.Shanon.pages.HomePage.LeadsTab(HomePage.java:29)
at com.Shanon.pages.HomePage.LeadsTab(HomePage.java:29)
at com.Shanon.pages.HomePage.LeadsTab(HomePage.java:29)
at com.Shanon.pages.HomePage.LeadsTab(HomePage.java:29)
at com.Shanon.pages.HomePage.LeadsTab(HomePage.java:29)
at com.Shanon.pages.HomePage.LeadsTab(HomePage.java:29)
at com.Shanon.pages.HomePage.LeadsTab(HomePage.java:29)
at com.Shanon.pages.HomePage.LeadsTab(HomePage.java:29)
at com.Shanon.pages.HomePage.LeadsTab(HomePage.java:29)
at com.Shanon.pages.HomePage.LeadsTab(HomePage.java:29)
at com.Shanon.pages.HomePage.LeadsTab(HomePage.java:29)
at com.Shanon.pages.HomePage.LeadsTab(HomePage.java:29)
at com.Shanon.pages.HomePage.LeadsTab(HomePage.java:29)
at com.Shanon.pages.HomePage.LeadsTab(HomePage.java:29)
at com.Shanon.pages.HomePage.LeadsTab(HomePage.java:29)
at com.Shanon.pages.HomePage.LeadsTab(HomePage.java:29)
at com.Shanon.pages.HomePage.LeadsTab(HomePage.java:29)
at com.Shanon.pages.HomePage.LeadsTab(HomePage.java:29)
at com.Shanon.pages.HomePage.LeadsTab(HomePage.java:29)
at com.Shanon.pages.HomePage.LeadsTab(HomePage.java:29)
at com.Shanon.pages.HomePage.LeadsTab(HomePage.java:29)
at com.Shanon.pages.HomePage.LeadsTab(HomePage.java:29)
at com.Shanon.pages.HomePage.LeadsTab(HomePage.java:29)
at com.Shanon.pages.HomePage.LeadsTab(HomePage.java:29)
at com.Shanon.pages.HomePage.LeadsTab(HomePage.java:29)
at com.Shanon.pages.HomePage.LeadsTab(HomePage.java:29)
at com.Shanon.pages.HomePage.LeadsTab(HomePage.java:29)
at com.Shanon.pages.HomePage.LeadsTab(HomePage.java:29)
at com.Shanon.pages.HomePage.LeadsTab(HomePage.java:29)
at com.Shanon.pages.HomePage.LeadsTab(HomePage.java:29)
at com.Shanon.pages.HomePage.LeadsTab(HomePage.java:29)
at com.Shanon.pages.HomePage.LeadsTab(HomePage.java:29)
at com.Shanon.pages.HomePage.LeadsTab(HomePage.java:29)
at com.Shanon.pages.HomePage.LeadsTab(HomePage.java:29)
at com.Shanon.pages.HomePage.LeadsTab(HomePage.java:29)
at com.Shanon.pages.HomePage.LeadsTab(HomePage.java:29)
at com.Shanon.pages.HomePage.LeadsTab(HomePage.java:29)
at com.Shanon.pages.HomePage.LeadsTab(HomePage.java:29)
at com.Shanon.pages.HomePage.LeadsTab(HomePage.java:29)
at com.Shanon.pages.HomePage.LeadsTab(HomePage.java:29)
at com.Shanon.pages.HomePage.LeadsTab(HomePage.java:29)
at com.Shanon.pages.HomePage.LeadsTab(HomePage.java:29)
at com.Shanon.pages.HomePage.LeadsTab(HomePage.java:29)
at com.Shanon.pages.HomePage.LeadsTab(HomePage.java:29)
at com.Shanon.pages.HomePage.LeadsTab(HomePage.java:29)
at com.Shanon.pages.HomePage.LeadsTab(HomePage.java:29)
at com.Shanon.pages.HomePage.LeadsTab(HomePage.java:29)
at com.Shanon.pages.HomePage.LeadsTab(HomePage.java:29)
at com.Shanon.pages.HomePage.LeadsTab(HomePage.java:29)
at com.Shanon.pages.HomePage.LeadsTab(HomePage.java:29)
at com.Shanon.pages.HomePage.LeadsTab(HomePage.java:29)
at com.Shanon.pages.HomePage.LeadsTab(HomePage.java:29)
at com.Shanon.pages.HomePage.LeadsTab(HomePage.java:29)
at com.Shanon.pages.HomePage.LeadsTab(HomePage.java:29)
at com.Shanon.pages.HomePage.LeadsTab(HomePage.java:29)
at com.Shanon.pages.HomePage.LeadsTab(HomePage.java:29)
at com.Shanon.pages.HomePage.LeadsTab(HomePage.java:29)
at com.Shanon.pages.HomePage.LeadsTab(HomePage.java:29)
at com.Shanon.pages.HomePage.LeadsTab(HomePage.java:29)
at com.Shanon.pages.HomePage.LeadsTab(HomePage.java:29)
at com.Shanon.pages.HomePage.LeadsTab(HomePage.java:29)
at com.Shanon.pages.HomePage.LeadsTab(HomePage.java:29)
at com.Shanon.pages.HomePage.LeadsTab(HomePage.java:29)
at com.Shanon.pages.HomePage.LeadsTab(HomePage.java:29)
at com.Shanon.pages.HomePage.LeadsTab(HomePage.java:29)
at com.Shanon.pages.HomePage.LeadsTab(HomePage.java:29)
at com.Shanon.pages.HomePage.LeadsTab(HomePage.java:29)
at com.Shanon.pages.HomePage.LeadsTab(HomePage.java:29)
at com.Shanon.pages.HomePage.LeadsTab(HomePage.java:29)
at com.Shanon.pages.HomePage.LeadsTab(HomePage.java:29)
at com.Shanon.pages.HomePage.LeadsTab(HomePage.java:29)
at com.Shanon.pages.HomePage.LeadsTab(HomePage.java:29)
at com.Shanon.pages.HomePage.LeadsTab(HomePage.java:29)
at com.Shanon.pages.HomePage.LeadsTab(HomePage.java:29)
at com.Shanon.pages.HomePage.LeadsTab(HomePage.java:29)
at com.Shanon.pages.HomePage.LeadsTab(HomePage.java:29)
at com.Shanon.pages.HomePage.LeadsTab(HomePage.java:29)
at com.Shanon.pages.HomePage.LeadsTab(HomePage.java:29)
at com.Shanon.pages.HomePage.LeadsTab(HomePage.java:29)
at com.Shanon.pages.HomePage.LeadsTab(HomePage.java:29)
at com.Shanon.pages.HomePage.LeadsTab(HomePage.java:29)
at com.Shanon.pages.HomePage.LeadsTab(HomePage.java:29)
at com.Shanon.pages.HomePage.LeadsTab(HomePage.java:29)
at com.Shanon.pages.HomePage.LeadsTab(HomePage.java:29)
at com.Shanon.pages.HomePage.LeadsTab(HomePage.java:29)
at com.Shanon.pages.HomePage.LeadsTab(HomePage.java:29)
at com.Shanon.pages.HomePage.LeadsTab(HomePage.java:29)
at com.Shanon.pages.HomePage.LeadsTab(HomePage.java:29)
at com.Shanon.pages.HomePage.LeadsTab(HomePage.java:29)
at com.Shanon.pages.HomePage.LeadsTab(HomePage.java:29)
at com.Shanon.pages.HomePage.LeadsTab(HomePage.java:29)
at com.Shanon.pages.HomePage.LeadsTab(HomePage.java:29)
at com.Shanon.pages.HomePage.LeadsTab(HomePage.java:29)
at com.Shanon.pages.HomePage.LeadsTab(HomePage.java:29)
at com.Shanon.pages.HomePage.LeadsTab(HomePage.java:29)
at com.Shanon.pages.HomePage.LeadsTab(HomePage.java:29)
at com.Shanon.pages.HomePage.LeadsTab(HomePage.java:29)
at com.Shanon.pages.HomePage.LeadsTab(HomePage.java:29)
at com.Shanon.pages.HomePage.LeadsTab(HomePage.java:29)
at com.Shanon.pages.HomePage.LeadsTab(HomePage.java:29)
at com.Shanon.pages.HomePage.LeadsTab(HomePage.java:29)
at com.Shanon.pages.HomePage.LeadsTab(HomePage.java:29)
at com.Shanon.pages.HomePage.LeadsTab(HomePage.java:29)
at com.Shanon.pages.HomePage.LeadsTab(HomePage.java:29)
at com.Shanon.pages.HomePage.LeadsTab(HomePage.java:29)
at com.Shanon.pages.HomePage.LeadsTab(HomePage.java:29)
at com.Shanon.pages.HomePage.LeadsTab(HomePage.java:29)
at com.Shanon.pages.HomePage.LeadsTab(HomePage.java:29)
at com.Shanon.pages.HomePage.LeadsTab(HomePage.java:29)
at com.Shanon.pages.HomePage.LeadsTab(HomePage.java:29)
at com.Shanon.pages.HomePage.LeadsTab(HomePage.java:29)
at com.Shanon.pages.HomePage.LeadsTab(HomePage.java:29)
at com.Shanon.pages.HomePage.LeadsTab(HomePage.java:29)
at com.Shanon.pages.HomePage.LeadsTab(HomePage.java:29)
at com.Shanon.pages.HomePage.LeadsTab(HomePage.java:29)
at com.Shanon.pages.HomePage.LeadsTab(HomePage.java:29)
at com.Shanon.pages.HomePage.LeadsTab(HomePage.java:29)
at com.Shanon.pages.HomePage.LeadsTab(HomePage.java:29)
at com.Shanon.pages.HomePage.LeadsTab(HomePage.java:29)
at com.Shanon.pages.HomePage.LeadsTab(HomePage.java:29)
at com.Shanon.pages.HomePage.LeadsTab(HomePage.java:29)
at com.Shanon.pages.HomePage.LeadsTab(HomePage.java:29)
at com.Shanon.pages.HomePage.LeadsTab(HomePage.java:29)
at com.Shanon.pages.HomePage.LeadsTab(HomePage.java:29)
at com.Shanon.pages.HomePage.LeadsTab(HomePage.java:29)
at com.Shanon.pages.HomePage.LeadsTab(HomePage.java:29)
at com.Shanon.pages.HomePage.LeadsTab(HomePage.java:29)
at com.Shanon.pages.HomePage.LeadsTab(HomePage.java:29)
at com.Shanon.pages.HomePage.LeadsTab(HomePage.java:29)
at com.Shanon.pages.HomePage.LeadsTab(HomePage.java:29)
at com.Shanon.pages.HomePage.LeadsTab(HomePage.java:29)
at com.Shanon.pages.HomePage.LeadsTab(HomePage.java:29)
at com.Shanon.pages.HomePage.LeadsTab(HomePage.java:29)
at com.Shanon.pages.HomePage.LeadsTab(HomePage.java:29)
at com.Shanon.pages.HomePage.LeadsTab(HomePage.java:29)
at com.Shanon.pages.HomePage.LeadsTab(HomePage.java:29)
at com.Shanon.pages.HomePage.LeadsTab(HomePage.java:29)
at com.Shanon.pages.HomePage.LeadsTab(HomePage.java:29)
at com.Shanon.pages.HomePage.LeadsTab(HomePage.java:29)
at com.Shanon.pages.HomePage.LeadsTab(HomePage.java:29)
at com.Shanon.pages.HomePage.LeadsTab(HomePage.java:29)
at com.Shanon.pages.HomePage.LeadsTab(HomePage.java:29)
at com.Shanon.pages.HomePage.LeadsTab(HomePage.java:29)
at com.Shanon.pages.HomePage.LeadsTab(HomePage.java:29)
at com.Shanon.pages.HomePage.LeadsTab(HomePage.java:29)
at com.Shanon.pages.HomePage.LeadsTab(HomePage.java:29)
at com.Shanon.pages.HomePage.LeadsTab(HomePage.java:29)
at com.Shanon.pages.HomePage.LeadsTab(HomePage.java:29)
at com.Shanon.pages.HomePage.LeadsTab(HomePage.java:29)
at com.Shanon.pages.HomePage.LeadsTab(HomePage.java:29)
at com.Shanon.pages.HomePage.LeadsTab(HomePage.java:29)
at com.Shanon.pages.HomePage.LeadsTab(HomePage.java:29)
at com.Shanon.pages.HomePage.LeadsTab(HomePage.java:29)
at com.Shanon.pages.HomePage.LeadsTab(HomePage.java:29)
at com.Shanon.pages.HomePage.LeadsTab(HomePage.java:29)
at com.Shanon.pages.HomePage.LeadsTab(HomePage.java:29)
at com.Shanon.pages.HomePage.LeadsTab(HomePage.java:29)
at com.Shanon.pages.HomePage.LeadsTab(HomePage.java:29)
at com.Shanon.pages.HomePage.LeadsTab(HomePage.java:29)
at com.Shanon.pages.HomePage.LeadsTab(HomePage.java:29)
at com.Shanon.pages.HomePage.LeadsTab(HomePage.java:29)
at com.Shanon.pages.HomePage.LeadsTab(HomePage.java:29)
at com.Shanon.pages.HomePage.LeadsTab(HomePage.java:29)
at com.Shanon.pages.HomePage.LeadsTab(HomePage.java:29)
at com.Shanon.pages.HomePage.LeadsTab(HomePage.java:29)
at com.Shanon.pages.HomePage.LeadsTab(HomePage.java:29)
at com.Shanon.pages.HomePage.LeadsTab(HomePage.java:29)
at com.Shanon.pages.HomePage.LeadsTab(HomePage.java:29)
at com.Shanon.pages.HomePage.LeadsTab(HomePage.java:29)
at com.Shanon.pages.HomePage.LeadsTab(HomePage.java:29)
at com.Shanon.pages.HomePage.LeadsTab(HomePage.java:29)
at com.Shanon.pages.HomePage.LeadsTab(HomePage.java:29)
at com.Shanon.pages.HomePage.LeadsTab(HomePage.java:29)
at com.Shanon.pages.HomePage.LeadsTab(HomePage.java:29)
at com.Shanon.pages.HomePage.LeadsTab(HomePage.java:29)
at com.Shanon.pages.HomePage.LeadsTab(HomePage.java:29)
at com.Shanon.pages.HomePage.LeadsTab(HomePage.java:29)
at com.Shanon.pages.HomePage.LeadsTab(HomePage.java:29)
at com.Shanon.pages.HomePage.LeadsTab(HomePage.java:29)
at com.Shanon.pages.HomePage.LeadsTab(HomePage.java:29)
at com.Shanon.pages.HomePage.LeadsTab(HomePage.java:29)
at com.Shanon.pages.HomePage.LeadsTab(HomePage.java:29)
at com.Shanon.pages.HomePage.LeadsTab(HomePage.java:29)
at com.Shanon.pages.HomePage.LeadsTab(HomePage.java:29)
at com.Shanon.pages.HomePage.LeadsTab(HomePage.java:29)
at com.Shanon.pages.HomePage.LeadsTab(HomePage.java:29)
at com.Shanon.pages.HomePage.LeadsTab(HomePage.java:29)
at com.Shanon.pages.HomePage.LeadsTab(HomePage.java:29)
at com.Shanon.pages.HomePage.LeadsTab(HomePage.java:29)
at com.Shanon.pages.HomePage.LeadsTab(HomePage.java:29)
at com.Shanon.pages.HomePage.LeadsTab(HomePage.java:29)
at com.Shanon.pages.HomePage.LeadsTab(HomePage.java:29)
at com.Shanon.pages.HomePage.LeadsTab(HomePage.java:29)
at com.Shanon.pages.HomePage.LeadsTab(HomePage.java:29)
at com.Shanon.pages.HomePage.LeadsTab(HomePage.java:29)
at com.Shanon.pages.HomePage.LeadsTab(HomePage.java:29)
at com.Shanon.pages.HomePage.LeadsTab(HomePage.java:29)
at com.Shanon.pages.HomePage.LeadsTab(HomePage.java:29)
at com.Shanon.pages.HomePage.LeadsTab(HomePage.java:29)
at com.Shanon.pages.HomePage.LeadsTab(HomePage.java:29)
at com.Shanon.pages.HomePage.LeadsTab(HomePage.java:29)
at com.Shanon.pages.HomePage.LeadsTab(HomePage.java:29)
at com.Shanon.pages.HomePage.LeadsTab(HomePage.java:29)
at com.Shanon.pages.HomePage.LeadsTab(HomePage.java:29)
at com.Shanon.pages.HomePage.LeadsTab(HomePage.java:29)
at com.Shanon.pages.HomePage.LeadsTab(HomePage.java:29)
at com.Shanon.pages.HomePage.LeadsTab(HomePage.java:29)
at com.Shanon.pages.HomePage.LeadsTab(HomePage.java:29)
at com.Shanon.pages.HomePage.LeadsTab(HomePage.java:29)
at com.Shanon.pages.HomePage.LeadsTab(HomePage.java:29)
at com.Shanon.pages.HomePage.LeadsTab(HomePage.java:29)
at com.Shanon.pages.HomePage.LeadsTab(HomePage.java:29)
at com.Shanon.pages.HomePage.LeadsTab(HomePage.java:29)
at com.Shanon.pages.HomePage.LeadsTab(HomePage.java:29)
at com.Shanon.pages.HomePage.LeadsTab(HomePage.java:29)
at com.Shanon.pages.HomePage.LeadsTab(HomePage.java:29)
at com.Shanon.pages.HomePage.LeadsTab(HomePage.java:29)
at com.Shanon.pages.HomePage.LeadsTab(HomePage.java:29)
at com.Shanon.pages.HomePage.LeadsTab(HomePage.java:29)
at com.Shanon.pages.HomePage.LeadsTab(HomePage.java:29)
at com.Shanon.pages.HomePage.LeadsTab(HomePage.java:29)
at com.Shanon.pages.HomePage.LeadsTab(HomePage.java:29)
at com.Shanon.pages.HomePage.LeadsTab(HomePage.java:29)
at com.Shanon.pages.HomePage.LeadsTab(HomePage.java:29)
at com.Shanon.pages.HomePage.LeadsTab(HomePage.java:29)
at com.Shanon.pages.HomePage.LeadsTab(HomePage.java:29)
at com.Shanon.pages.HomePage.LeadsTab(HomePage.java:29)
at com.Shanon.pages.HomePage.LeadsTab(HomePage.java:29)
at com.Shanon.pages.HomePage.LeadsTab(HomePage.java:29)
at com.Shanon.pages.HomePage.LeadsTab(HomePage.java:29)
at com.Shanon.pages.HomePage.LeadsTab(HomePage.java:29)
at com.Shanon.pages.HomePage.LeadsTab(HomePage.java:29)
at com.Shanon.pages.HomePage.LeadsTab(HomePage.java:29)
at com.Shanon.pages.HomePage.LeadsTab(HomePage.java:29)
at com.Shanon.pages.HomePage.LeadsTab(HomePage.java:29)
at com.Shanon.pages.HomePage.LeadsTab(HomePage.java:29)
at com.Shanon.pages.HomePage.LeadsTab(HomePage.java:29)
at com.Shanon.pages.HomePage.LeadsTab(HomePage.java:29)
at com.Shanon.pages.HomePage.LeadsTab(HomePage.java:29)
at com.Shanon.pages.HomePage.LeadsTab(HomePage.java:29)
at com.Shanon.pages.HomePage.LeadsTab(HomePage.java:29)
at com.Shanon.pages.HomePage.LeadsTab(HomePage.java:29)
at com.Shanon.pages.HomePage.LeadsTab(HomePage.java:29)
at com.Shanon.pages.HomePage.LeadsTab(HomePage.java:29)
at com.Shanon.pages.HomePage.LeadsTab(HomePage.java:29)
at com.Shanon.pages.HomePage.LeadsTab(HomePage.java:29)
at com.Shanon.pages.HomePage.LeadsTab(HomePage.java:29)
at com.Shanon.pages.HomePage.LeadsTab(HomePage.java:29)
at com.Shanon.pages.HomePage.LeadsTab(HomePage.java:29)
at com.Shanon.pages.HomePage.LeadsTab(HomePage.java:29)
at com.Shanon.pages.HomePage.LeadsTab(HomePage.java:29)
at com.Shanon.pages.HomePage.LeadsTab(HomePage.java:29)
at com.Shanon.pages.HomePage.LeadsTab(HomePage.java:29)
at com.Shanon.pages.HomePage.LeadsTab(HomePage.java:29)
at com.Shanon.pages.HomePage.LeadsTab(HomePage.java:29)
at com.Shanon.pages.HomePage.LeadsTab(HomePage.java:29)
at com.Shanon.pages.HomePage.LeadsTab(HomePage.java:29)
at com.Shanon.pages.HomePage.LeadsTab(HomePage.java:29)
at com.Shanon.pages.HomePage.LeadsTab(HomePage.java:29)
at com.Shanon.pages.HomePage.LeadsTab(HomePage.java:29)
at com.Shanon.pages.HomePage.LeadsTab(HomePage.java:29)
at com.Shanon.pages.HomePage.LeadsTab(HomePage.java:29)
at com.Shanon.pages.HomePage.LeadsTab(HomePage.java:29)
at com.Shanon.pages.HomePage.LeadsTab(HomePage.java:29)
at com.Shanon.pages.HomePage.LeadsTab(HomePage.java:29)
at com.Shanon.pages.HomePage.LeadsTab(HomePage.java:29)
at com.Shanon.pages.HomePage.LeadsTab(HomePage.java:29)
at com.Shanon.pages.HomePage.LeadsTab(HomePage.java:29)
at com.Shanon.pages.HomePage.LeadsTab(HomePage.java:29)
at com.Shanon.pages.HomePage.LeadsTab(HomePage.java:29)
at com.Shanon.pages.HomePage.LeadsTab(HomePage.java:29)
at com.Shanon.pages.HomePage.LeadsTab(HomePage.java:29)
at com.Shanon.pages.HomePage.LeadsTab(HomePage.java:29)
at com.Shanon.pages.HomePage.LeadsTab(HomePage.java:29)
at com.Shanon.pages.HomePage.LeadsTab(HomePage.java:29)
at com.Shanon.pages.HomePage.LeadsTab(HomePage.java:29)
at com.Shanon.pages.HomePage.LeadsTab(HomePage.java:29)
at com.Shanon.pages.HomePage.LeadsTab(HomePage.java:29)
at com.Shanon.pages.HomePage.LeadsTab(HomePage.java:29)
at com.Shanon.pages.HomePage.LeadsTab(HomePage.java:29)
at com.Shanon.pages.HomePage.LeadsTab(HomePage.java:29)
at com.Shanon.pages.HomePage.LeadsTab(HomePage.java:29)
at com.Shanon.pages.HomePage.LeadsTab(HomePage.java:29)
at com.Shanon.pages.HomePage.LeadsTab(HomePage.java:29)
at com.Shanon.pages.HomePage.LeadsTab(HomePage.java:29)
at com.Shanon.pages.HomePage.LeadsTab(HomePage.java:29)
at com.Shanon.pages.HomePage.LeadsTab(HomePage.java:29)
at com.Shanon.pages.HomePage.LeadsTab(HomePage.java:29)
at com.Shanon.pages.HomePage.LeadsTab(HomePage.java:29)
at com.Shanon.pages.HomePage.LeadsTab(HomePage.java:29)
at com.Shanon.pages.HomePage.LeadsTab(HomePage.java:29)
at com.Shanon.pages.HomePage.LeadsTab(HomePage.java:29)
at com.Shanon.pages.HomePage.LeadsTab(HomePage.java:29)
at com.Shanon.pages.HomePage.LeadsTab(HomePage.java:29)
at com.Shanon.pages.HomePage.LeadsTab(HomePage.java:29)
at com.Shanon.pages.HomePage.LeadsTab(HomePage.java:29)
at com.Shanon.pages.HomePage.LeadsTab(HomePage.java:29)
at com.Shanon.pages.HomePage.LeadsTab(HomePage.java:29)
at com.Shanon.pages.HomePage.LeadsTab(HomePage.java:29)
at com.Shanon.pages.HomePage.LeadsTab(HomePage.java:29)
at com.Shanon.pages.HomePage.LeadsTab(HomePage.java:29)
at com.Shanon.pages.HomePage.LeadsTab(HomePage.java:29)
at com.Shanon.pages.HomePage.LeadsTab(HomePage.java:29)
at com.Shanon.pages.HomePage.LeadsTab(HomePage.java:29)
at com.Shanon.pages.HomePage.LeadsTab(HomePage.java:29)
[...]
at com.Shanon.pages.HomePage.LeadsTab(HomePage.java:29)
at com.Shanon.pages.HomePage.LeadsTab(HomePage.java:29)
at com.Shanon.pages.HomePage.LeadsTab(HomePage.java:29)
at com.Shanon.pages.HomePage.LeadsTab(HomePage.java:29)
at com.Shanon.pages.HomePage.LeadsTab(HomePage.java:29)
at com.Shanon.pages.HomePage.LeadsTab(HomePage.java:29)
at com.Shanon.pages.HomePage.LeadsTab(HomePage.java:29)
at com.Shanon.pages.HomePage.LeadsTab(HomePage.java:29)
at com.Shanon.pages.HomePage.LeadsTab(HomePage.java:29)
at com.Shanon.pages.HomePage.LeadsTab(HomePage.java:29)
at com.Shanon.pages.HomePage.LeadsTab(HomePage.java:29)
at com.Shanon.pages.HomePage.LeadsTab(HomePage.java:29)
at com.Shanon.pages.HomePage.LeadsTab(HomePage.java:29)
at com.Shanon.pages.HomePage.LeadsTab(HomePage.java:29)
at com.Shanon.pages.HomePage.LeadsTab(HomePage.java:29)
at com.Shanon.pages.HomePage.LeadsTab(HomePage.java:29)
at com.Shanon.pages.HomePage.LeadsTab(HomePage.java:29)
at com.Shanon.pages.HomePage.LeadsTab(HomePage.java:29)
at com.Shanon.pages.HomePage.LeadsTab(HomePage.java:29)
at com.Shanon.pages.HomePage.LeadsTab(HomePage.java:29)
at com.Shanon.pages.HomePage.LeadsTab(HomePage.java:29)
at com.Shanon.pages.HomePage.LeadsTab(HomePage.java:29)
at com.Shanon.pages.HomePage.LeadsTab(HomePage.java:29)
at com.Shanon.pages.HomePage.LeadsTab(HomePage.java:29)
at com.Shanon.pages.HomePage.LeadsTab(HomePage.java:29)
at com.Shanon.pages.HomePage.LeadsTab(HomePage.java:29)
at com.Shanon.pages.HomePage.LeadsTab(HomePage.java:29)
at com.Shanon.pages.HomePage.LeadsTab(HomePage.java:29)
at com.Shanon.pages.HomePage.LeadsTab(HomePage.java:29)
at com.Shanon.pages.HomePage.LeadsTab(HomePage.java:29)
at com.Shanon.pages.HomePage.LeadsTab(HomePage.java:29)
at com.Shanon.pages.HomePage.LeadsTab(HomePage.java:29)
at com.Shanon.pages.HomePage.LeadsTab(HomePage.java:29)
at com.Shanon.pages.HomePage.LeadsTab(HomePage.java:29)
at com.Shanon.pages.HomePage.LeadsTab(HomePage.java:29)
at com.Shanon.pages.HomePage.LeadsTab(HomePage.java:29)
at com.Shanon.pages.HomePage.LeadsTab(HomePage.java:29)
at com.Shanon.pages.HomePage.LeadsTab(HomePage.java:29)
at com.Shanon.pages.HomePage.LeadsTab(HomePage.java:29)
at com.Shanon.pages.HomePage.LeadsTab(HomePage.java:29)
at com.Shanon.pages.HomePage.LeadsTab(HomePage.java:29)
at com.Shanon.pages.HomePage.LeadsTab(HomePage.java:29)
at com.Shanon.pages.HomePage.LeadsTab(HomePage.java:29)
at com.Shanon.pages.HomePage.LeadsTab(HomePage.java:29)
at com.Shanon.pages.HomePage.LeadsTab(HomePage.java:29)
at com.Shanon.pages.HomePage.LeadsTab(HomePage.java:29)
at com.Shanon.pages.HomePage.LeadsTab(HomePage.java:29)
at com.Shanon.pages.HomePage.LeadsTab(HomePage.java:29)
at com.Shanon.pages.HomePage.LeadsTab(HomePage.java:29)
at com.Shanon.pages.HomePage.LeadsTab(HomePage.java:29)
at com.Shanon.pages.HomePage.LeadsTab(HomePage.java:29)
at com.Shanon.pages.HomePage.LeadsTab(HomePage.java:29)
at com.Shanon.pages.HomePage.LeadsTab(HomePage.java:29)
at com.Shanon.pages.HomePage.LeadsTab(HomePage.java:29)
at com.Shanon.pages.HomePage.LeadsTab(HomePage.java:29)
at com.Shanon.pages.HomePage.LeadsTab(HomePage.java:29)
at com.Shanon.pages.HomePage.LeadsTab(HomePage.java:29)
at com.Shanon.pages.HomePage.LeadsTab(HomePage.java:29)
at com.Shanon.pages.HomePage.LeadsTab(HomePage.java:29)
at com.Shanon.pages.HomePage.LeadsTab(HomePage.java:29)
at com.Shanon.pages.HomePage.LeadsTab(HomePage.java:29)
at com.Shanon.pages.HomePage.LeadsTab(HomePage.java:29)
at com.Shanon.pages.HomePage.LeadsTab(HomePage.java:29)
at com.Shanon.pages.HomePage.LeadsTab(HomePage.java:29)
at com.Shanon.pages.HomePage.LeadsTab(HomePage.java:29)
at com.Shanon.pages.HomePage.LeadsTab(HomePage.java:29)
at com.Shanon.pages.HomePage.LeadsTab(HomePage.java:29)
at com.Shanon.pages.HomePage.LeadsTab(HomePage.java:29)
at com.Shanon.pages.HomePage.LeadsTab(HomePage.java:29)
at com.Shanon.pages.HomePage.LeadsTab(HomePage.java:29)
at com.Shanon.pages.HomePage.LeadsTab(HomePage.java:29)
at com.Shanon.pages.HomePage.LeadsTab(HomePage.java:29)
at com.Shanon.pages.HomePage.LeadsTab(HomePage.java:29)
at com.Shanon.pages.HomePage.LeadsTab(HomePage.java:29)
at com.Shanon.pages.HomePage.LeadsTab(HomePage.java:29)
at com.Shanon.pages.HomePage.LeadsTab(HomePage.java:29)
at com.Shanon.pages.HomePage.LeadsTab(HomePage.java:29)
at com.Shanon.pages.HomePage.LeadsTab(HomePage.java:29)
at com.Shanon.pages.HomePage.LeadsTab(HomePage.java:29)
at com.Shanon.pages.HomePage.LeadsTab(HomePage.java:29)
at com.Shanon.pages.HomePage.LeadsTab(HomePage.java:29)
at com.Shanon.pages.HomePage.LeadsTab(HomePage.java:29)
at com.Shanon.pages.HomePage.LeadsTab(HomePage.java:29)
at com.Shanon.pages.HomePage.LeadsTab(HomePage.java:29)
at com.Shanon.pages.HomePage.LeadsTab(HomePage.java:29)
at com.Shanon.pages.HomePage.LeadsTab(HomePage.java:29)
at com.Shanon.pages.HomePage.LeadsTab(HomePage.java:29)
at com.Shanon.pages.HomePage.LeadsTab(HomePage.java:29)
at com.Shanon.pages.HomePage.LeadsTab(HomePage.java:29)
at com.Shanon.pages.HomePage.LeadsTab(HomePage.java:29)
at com.Shanon.pages.HomePage.LeadsTab(HomePage.java:29)
at com.Shanon.pages.HomePage.LeadsTab(HomePage.java:29)
at com.Shanon.pages.HomePage.LeadsTab(HomePage.java:29)
at com.Shanon.pages.HomePage.LeadsTab(HomePage.java:29)
at com.Shanon.pages.HomePage.LeadsTab(HomePage.java:29)
at com.Shanon.pages.HomePage.LeadsTab(HomePage.java:29)
at com.Shanon.pages.HomePage.LeadsTab(HomePage.java:29)
at com.Shanon.pages.HomePage.LeadsTab(HomePage.java:29)
at com.Shanon.pages.HomePage.LeadsTab(HomePage.java:29)
at com.Shanon.pages.HomePage.LeadsTab(HomePage.java:29)
at com.Shanon.pages.HomePage.LeadsTab(HomePage.java:29)
at com.Shanon.pages.HomePage.LeadsTab(HomePage.java:29)
at com.Shanon.pages.HomePage.LeadsTab(HomePage.java:29)
at com.Shanon.pages.HomePage.LeadsTab(HomePage.java:29)
at com.Shanon.pages.HomePage.LeadsTab(HomePage.java:29)
at com.Shanon.pages.HomePage.LeadsTab(HomePage.java:29)
at com.Shanon.pages.HomePage.LeadsTab(HomePage.java:29)
at com.Shanon.pages.HomePage.LeadsTab(HomePage.java:29)
at com.Shanon.pages.HomePage.LeadsTab(HomePage.java:29)
at com.Shanon.pages.HomePage.LeadsTab(HomePage.java:29)
at com.Shanon.pages.HomePage.LeadsTab(HomePage.java:29)
at com.Shanon.pages.HomePage.LeadsTab(HomePage.java:29)
at com.Shanon.pages.HomePage.LeadsTab(HomePage.java:29)
at com.Shanon.pages.HomePage.LeadsTab(HomePage.java:29)
at com.Shanon.pages.HomePage.LeadsTab(HomePage.java:29)
at com.Shanon.pages.HomePage.LeadsTab(HomePage.java:29)
at com.Shanon.pages.HomePage.LeadsTab(HomePage.java:29)
at com.Shanon.pages.HomePage.LeadsTab(HomePage.java:29)
at com.Shanon.pages.HomePage.LeadsTab(HomePage.java:29)
at com.Shanon.pages.HomePage.LeadsTab(HomePage.java:29)
at com.Shanon.pages.HomePage.LeadsTab(HomePage.java:29)
at com.Shanon.pages.HomePage.LeadsTab(HomePage.java:29)
at com.Shanon.pages.HomePage.LeadsTab(HomePage.java:29)
at com.Shanon.pages.HomePage.LeadsTab(HomePage.java:29)
at com.Shanon.pages.HomePage.LeadsTab(HomePage.java:29)
at com.Shanon.pages.HomePage.LeadsTab(HomePage.java:29)
at com.Shanon.pages.HomePage.LeadsTab(HomePage.java:29)
at com.Shanon.pages.HomePage.LeadsTab(HomePage.java:29)
at com.Shanon.pages.HomePage.LeadsTab(HomePage.java:29)
at com.Shanon.pages.HomePage.LeadsTab(HomePage.java:29)
at com.Shanon.pages.HomePage.LeadsTab(HomePage.java:29)
at com.Shanon.pages.HomePage.LeadsTab(HomePage.java:29)
at com.Shanon.pages.HomePage.LeadsTab(HomePage.java:29)
at com.Shanon.pages.HomePage.LeadsTab(HomePage.java:29)
at com.Shanon.pages.HomePage.LeadsTab(HomePage.java:29)
at com.Shanon.pages.HomePage.LeadsTab(HomePage.java:29)
at com.Shanon.pages.HomePage.LeadsTab(HomePage.java:29)
at com.Shanon.pages.HomePage.LeadsTab(HomePage.java:29)
at com.Shanon.pages.HomePage.LeadsTab(HomePage.java:29)
at com.Shanon.pages.HomePage.LeadsTab(HomePage.java:29)
at com.Shanon.pages.HomePage.LeadsTab(HomePage.java:29)
at com.Shanon.pages.HomePage.LeadsTab(HomePage.java:29)
at com.Shanon.pages.HomePage.LeadsTab(HomePage.java:29)
at com.Shanon.pages.HomePage.LeadsTab(HomePage.java:29)
at com.Shanon.pages.HomePage.LeadsTab(HomePage.java:29)
at com.Shanon.pages.HomePage.LeadsTab(HomePage.java:29)
at com.Shanon.pages.HomePage.LeadsTab(HomePage.java:29)
at com.Shanon.pages.HomePage.LeadsTab(HomePage.java:29)
at com.Shanon.pages.HomePage.LeadsTab(HomePage.java:29)
at com.Shanon.pages.HomePage.LeadsTab(HomePage.java:29)
at com.Shanon.pages.HomePage.LeadsTab(HomePage.java:29)
at com.Shanon.pages.HomePage.LeadsTab(HomePage.java:29)
at com.Shanon.pages.HomePage.LeadsTab(HomePage.java:29)
at com.Shanon.pages.HomePage.LeadsTab(HomePage.java:29)
at com.Shanon.pages.HomePage.LeadsTab(HomePage.java:29)
at com.Shanon.pages.HomePage.LeadsTab(HomePage.java:29)
at com.Shanon.pages.HomePage.LeadsTab(HomePage.java:29)
at com.Shanon.pages.HomePage.LeadsTab(HomePage.java:29)
at com.Shanon.pages.HomePage.LeadsTab(HomePage.java:29)
at com.Shanon.pages.HomePage.LeadsTab(HomePage.java:29)
at com.Shanon.pages.HomePage.LeadsTab(HomePage.java:29)
at com.Shanon.pages.HomePage.LeadsTab(HomePage.java:29)
at com.Shanon.pages.HomePage.LeadsTab(HomePage.java:29)
at com.Shanon.pages.HomePage.LeadsTab(HomePage.java:29)
at com.Shanon.pages.HomePage.LeadsTab(HomePage.java:29)
at com.Shanon.pages.HomePage.LeadsTab(HomePage.java:29)
at com.Shanon.pages.HomePage.LeadsTab(HomePage.java:29)
at com.Shanon.pages.HomePage.LeadsTab(HomePage.java:29)
at com.Shanon.pages.HomePage.LeadsTab(HomePage.java:29)
at com.Shanon.pages.HomePage.LeadsTab(HomePage.java:29)
at com.Shanon.pages.HomePage.LeadsTab(HomePage.java:29)
at com.Shanon.pages.HomePage.LeadsTab(HomePage.java:29)
at com.Shanon.pages.HomePage.LeadsTab(HomePage.java:29)
at com.Shanon.pages.HomePage.LeadsTab(HomePage.java:29)
at com.Shanon.pages.HomePage.LeadsTab(HomePage.java:29)
at com.Shanon.pages.HomePage.LeadsTab(HomePage.java:29)
at com.Shanon.pages.HomePage.LeadsTab(HomePage.java:29)
at com.Shanon.pages.HomePage.LeadsTab(HomePage.java:29)
at com.Shanon.pages.HomePage.LeadsTab(HomePage.java:29)
at com.Shanon.pages.HomePage.LeadsTab(HomePage.java:29)
at com.Shanon.pages.HomePage.LeadsTab(HomePage.java:29)
at com.Shanon.pages.HomePage.LeadsTab(HomePage.java:29)
at com.Shanon.pages.HomePage.LeadsTab(HomePage.java:29)
at com.Shanon.pages.HomePage.LeadsTab(HomePage.java:29)
at com.Shanon.pages.HomePage.LeadsTab(HomePage.java:29)
at com.Shanon.pages.HomePage.LeadsTab(HomePage.java:29)
at com.Shanon.pages.HomePage.LeadsTab(HomePage.java:29)
at com.Shanon.pages.HomePage.LeadsTab(HomePage.java:29)
at com.Shanon.pages.HomePage.LeadsTab(HomePage.java:29)
at com.Shanon.pages.HomePage.LeadsTab(HomePage.java:29)
at com.Shanon.pages.HomePage.LeadsTab(HomePage.java:29)
at com.Shanon.pages.HomePage.LeadsTab(HomePage.java:29)
at com.Shanon.pages.HomePage.LeadsTab(HomePage.java:29)
at com.Shanon.pages.HomePage.LeadsTab(HomePage.java:29)
at com.Shanon.pages.HomePage.LeadsTab(HomePage.java:29)
at com.Shanon.pages.HomePage.LeadsTab(HomePage.java:29)
at com.Shanon.pages.HomePage.LeadsTab(HomePage.java:29)
at com.Shanon.pages.HomePage.LeadsTab(HomePage.java:29)
at com.Shanon.pages.HomePage.LeadsTab(HomePage.java:29)
at com.Shanon.pages.HomePage.LeadsTab(HomePage.java:29)
at com.Shanon.pages.HomePage.LeadsTab(HomePage.java:29)
at com.Shanon.pages.HomePage.LeadsTab(HomePage.java:29)
at com.Shanon.pages.HomePage.LeadsTab(HomePage.java:29)
at com.Shanon.pages.HomePage.LeadsTab(HomePage.java:29)
at com.Shanon.pages.HomePage.LeadsTab(HomePage.java:29)
at com.Shanon.pages.HomePage.LeadsTab(HomePage.java:29)
at com.Shanon.pages.HomePage.LeadsTab(HomePage.java:29)
at com.Shanon.pages.HomePage.LeadsTab(HomePage.java:29)
at com.Shanon.pages.HomePage.LeadsTab(HomePage.java:29)
at com.Shanon.pages.HomePage.LeadsTab(HomePage.java:29)
at com.Shanon.pages.HomePage.LeadsTab(HomePage.java:29)
at com.Shanon.pages.HomePage.LeadsTab(HomePage.java:29)
at com.Shanon.pages.HomePage.LeadsTab(HomePage.java:29)
at com.Shanon.pages.HomePage.LeadsTab(HomePage.java:29)
at com.Shanon.pages.HomePage.LeadsTab(HomePage.java:29)
at com.Shanon.pages.HomePage.LeadsTab(HomePage.java:29)
at com.Shanon.pages.HomePage.LeadsTab(HomePage.java:29)
at com.Shanon.pages.HomePage.LeadsTab(HomePage.java:29)
at com.Shanon.pages.HomePage.LeadsTab(HomePage.java:29)
at com.Shanon.pages.HomePage.LeadsTab(HomePage.java:29)
at com.Shanon.pages.HomePage.LeadsTab(HomePage.java:29)
at com.Shanon.pages.HomePage.LeadsTab(HomePage.java:29)
at com.Shanon.pages.HomePage.LeadsTab(HomePage.java:29)
at com.Shanon.pages.HomePage.LeadsTab(HomePage.java:29)
at com.Shanon.pages.HomePage.LeadsTab(HomePage.java:29)
at com.Shanon.pages.HomePage.LeadsTab(HomePage.java:29)
at com.Shanon.pages.HomePage.LeadsTab(HomePage.java:29)
at com.Shanon.pages.HomePage.LeadsTab(HomePage.java:29)
at com.Shanon.pages.HomePage.LeadsTab(HomePage.java:29)
at com.Shanon.pages.HomePage.LeadsTab(HomePage.java:29)
at com.Shanon.pages.HomePage.LeadsTab(HomePage.java:29)
at com.Shanon.pages.HomePage.LeadsTab(HomePage.java:29)
at com.Shanon.pages.HomePage.LeadsTab(HomePage.java:29)
at com.Shanon.pages.HomePage.LeadsTab(HomePage.java:29)
at com.Shanon.pages.HomePage.LeadsTab(HomePage.java:29)
at com.Shanon.pages.HomePage.LeadsTab(HomePage.java:29)
at com.Shanon.pages.HomePage.LeadsTab(HomePage.java:29)
at com.Shanon.pages.HomePage.LeadsTab(HomePage.java:29)
at com.Shanon.pages.HomePage.LeadsTab(HomePage.java:29)
at com.Shanon.pages.HomePage.LeadsTab(HomePage.java:29)
at com.Shanon.pages.HomePage.LeadsTab(HomePage.java:29)
at com.Shanon.pages.HomePage.LeadsTab(HomePage.java:29)
at com.Shanon.pages.HomePage.LeadsTab(HomePage.java:29)
at com.Shanon.pages.HomePage.LeadsTab(HomePage.java:29)
at com.Shanon.pages.HomePage.LeadsTab(HomePage.java:29)
at com.Shanon.pages.HomePage.LeadsTab(HomePage.java:29)
at com.Shanon.pages.HomePage.LeadsTab(HomePage.java:29)
at com.Shanon.pages.HomePage.LeadsTab(HomePage.java:29)
at com.Shanon.pages.HomePage.LeadsTab(HomePage.java:29)
at com.Shanon.pages.HomePage.LeadsTab(HomePage.java:29)
at com.Shanon.pages.HomePage.LeadsTab(HomePage.java:29)
at com.Shanon.pages.HomePage.LeadsTab(HomePage.java:29)
at com.Shanon.pages.HomePage.LeadsTab(HomePage.java:29)
at com.Shanon.pages.HomePage.LeadsTab(HomePage.java:29)
at com.Shanon.pages.HomePage.LeadsTab(HomePage.java:29)
at com.Shanon.pages.HomePage.LeadsTab(HomePage.java:29)
at com.Shanon.pages.HomePage.LeadsTab(HomePage.java:29)
at com.Shanon.pages.HomePage.LeadsTab(HomePage.java:29)
at com.Shanon.pages.HomePage.LeadsTab(HomePage.java:29)
at com.Shanon.pages.HomePage.LeadsTab(HomePage.java:29)
at com.Shanon.pages.HomePage.LeadsTab(HomePage.java:29)
at com.Shanon.pages.HomePage.LeadsTab(HomePage.java:29)
at com.Shanon.pages.HomePage.LeadsTab(HomePage.java:29)
at com.Shanon.pages.HomePage.LeadsTab(HomePage.java:29)
at com.Shanon.pages.HomePage.LeadsTab(HomePage.java:29)
at com.Shanon.pages.HomePage.LeadsTab(HomePage.java:29)
at com.Shanon.pages.HomePage.LeadsTab(HomePage.java:29)
at com.Shanon.pages.HomePage.LeadsTab(HomePage.java:29)
]]>
    </failure>
  </testcase> <!-- verifyLeadsTabTest -->
  <testcase classname="com.Shanon.Leads.VerifyDashbords" name="verifyDashboardsTabTest" time="20.017">
    <failure type="org.openqa.selenium.NoSuchElementException" message="no such element: Unable to locate element: {&amp;quot;method&amp;quot;:&amp;quot;css selector&amp;quot;,&amp;quot;selector&amp;quot;:&amp;quot;#userName&amp;quot;}
  (Session info: chrome=102.0.5005.115)
For documentation on this error, please visit: https://selenium.dev/exceptions/#no_such_element
Build info: version: &amp;apos;4.1.2&amp;apos;, revision: &amp;apos;9a5a329c5a&amp;apos;
System info: host: &amp;apos;LAPTOP-FUQ7CI23&amp;apos;, ip: &amp;apos;192.168.0.101&amp;apos;, os.name: &amp;apos;Windows 11&amp;apos;, os.arch: &amp;apos;amd64&amp;apos;, os.version: &amp;apos;10.0&amp;apos;, java.version: &amp;apos;17.0.2&amp;apos;
Driver info: org.openqa.selenium.chrome.ChromeDriver
Command: [949dda4d36ccf5a8125bbdb2d58acae0, findElement {using=id, value=userName}]
Capabilities {acceptInsecureCerts: false, browserName: chrome, browserVersion: 102.0.5005.115, chrome: {chromedriverVersion: 101.0.4951.41 (93c720db8323..., userDataDir: C:\Users\Ram\AppData\Local\...}, goog:chromeOptions: {debuggerAddress: localhost:51814}, javascriptEnabled: true, networkConnectionEnabled: false, pageLoadStrategy: normal, platform: WINDOWS, platformName: WINDOWS, proxy: Proxy(), se:cdp: ws://localhost:51814/devtoo..., se:cdpVersion: 102.0.5005.115, setWindowRect: true, strictFileInteractability: false, timeouts: {implicit: 0, pageLoad: 300000, script: 30000}, unhandledPromptBehavior: dismiss and notify, webauthn:extension:credBlob: true, webauthn:extension:largeBlob: true, webauthn:virtualAuthenticators: true}
Session ID: 949dda4d36ccf5a8125bbdb2d58acae0">
      <![CDATA[org.openqa.selenium.NoSuchElementException: no such element: Unable to locate element: {"method":"css selector","selector":"#userName"}
  (Session info: chrome=102.0.5005.115)
For documentation on this error, please visit: https://selenium.dev/exceptions/#no_such_element
Build info: version: '4.1.2', revision: '9a5a329c5a'
System info: host: 'LAPTOP-FUQ7CI23', ip: '192.168.0.101', os.name: 'Windows 11', os.arch: 'amd64', os.version: '10.0', java.version: '17.0.2'
Driver info: org.openqa.selenium.chrome.ChromeDriver
Command: [949dda4d36ccf5a8125bbdb2d58acae0, findElement {using=id, value=userName}]
Capabilities {acceptInsecureCerts: false, browserName: chrome, browserVersion: 102.0.5005.115, chrome: {chromedriverVersion: 101.0.4951.41 (93c720db8323..., userDataDir: C:\Users\Ram\AppData\Local\...}, goog:chromeOptions: {debuggerAddress: localhost:51814}, javascriptEnabled: true, networkConnectionEnabled: false, pageLoadStrategy: normal, platform: WINDOWS, platformName: WINDOWS, proxy: Proxy(), se:cdp: ws://localhost:51814/devtoo..., se:cdpVersion: 102.0.5005.115, setWindowRect: true, strictFileInteractability: false, timeouts: {implicit: 0, pageLoad: 300000, script: 30000}, unhandledPromptBehavior: dismiss and notify, webauthn:extension:credBlob: true, webauthn:extension:largeBlob: true, webauthn:virtualAuthenticators: true}
Session ID: 949dda4d36ccf5a8125bbdb2d58acae0
at org.openqa.selenium.remote.codec.w3c.W3CHttpResponseCodec.createException(W3CHttpResponseCodec.java:200)
at org.openqa.selenium.remote.codec.w3c.W3CHttpResponseCodec.decode(W3CHttpResponseCodec.java:133)
at org.openqa.selenium.remote.codec.w3c.W3CHttpResponseCodec.decode(W3CHttpResponseCodec.java:53)
at org.openqa.selenium.remote.HttpCommandExecutor.execute(HttpCommandExecutor.java:184)
at org.openqa.selenium.remote.service.DriverCommandExecutor.invokeExecute(DriverCommandExecutor.java:167)
at org.openqa.selenium.remote.service.DriverCommandExecutor.execute(DriverCommandExecutor.java:142)
at org.openqa.selenium.remote.RemoteWebDriver.execute(RemoteWebDriver.java:558)
at org.openqa.selenium.remote.ElementLocation$ElementFinder$2.findElement(ElementLocation.java:162)
at org.openqa.selenium.remote.ElementLocation.findElement(ElementLocation.java:60)
at org.openqa.selenium.remote.RemoteWebDriver.findElement(RemoteWebDriver.java:382)
at org.openqa.selenium.remote.RemoteWebDriver.findElement(RemoteWebDriver.java:374)
at org.openqa.selenium.support.pagefactory.DefaultElementLocator.findElement(DefaultElementLocator.java:70)
at org.openqa.selenium.support.pagefactory.internal.LocatingElementHandler.invoke(LocatingElementHandler.java:39)
at jdk.proxy2/jdk.proxy2.$Proxy17.sendKeys(Unknown Source)
at com.Shanon.pages.SignInPage.signIn(SignInPage.java:49)
at com.Shanon.login.ValidLogin.loginToApp(ValidLogin.java:29)
at com.Shanon.Leads.VerifyDashbords.verifyDashboardsTabTest(VerifyDashbords.java:17)
at java.base/java.util.ArrayList.forEach(ArrayList.java:1511)
... Removed 32 stack frames]]>
    </failure>
  </testcase> <!-- verifyDashboardsTabTest -->
  <testcase classname="com.Shanon.login.ValidLogin" name="loginToApp" time="0.55"/>
</testsuite> <!-- Test -->
