<?xml version="1.0" encoding="UTF-8"?>
<testng-results ignored="0" total="4" passed="1" failed="3" skipped="0">
  <reporter-output>
    <line>
      <![CDATA[Test started]]>
    </line>
    <line>
      <![CDATA[LOGIN PAGE is Displayed]]>
    </line>
    <line>
      <![CDATA[createNewLeadTest method started]]>
    </line>
    <line>
      <![CDATA[CRM HOME PAGE is Displayed]]>
    </line>
    <line>
      <![CDATA[createNewLeadTest method FAILED]]>
    </line>
    <line>
      <![CDATA[LOGIN PAGE is Displayed]]>
    </line>
    <line>
      <![CDATA[verifyLeadsTabTest method started]]>
    </line>
    <line>
      <![CDATA[CRM HOME PAGE is Displayed]]>
    </line>
    <line>
      <![CDATA[verifyLeadsTabTest method FAILED]]>
    </line>
    <line>
      <![CDATA[verifyDashboardsTabTest method started]]>
    </line>
    <line>
      <![CDATA[verifyDashboardsTabTest method FAILED]]>
    </line>
    <line>
      <![CDATA[LOGIN PAGE is Displayed]]>
    </line>
    <line>
      <![CDATA[loginToApp method started]]>
    </line>
    <line>
      <![CDATA[CRM HOME PAGE is Displayed]]>
    </line>
    <line>
      <![CDATA[loginToApp method PASSED]]>
    </line>
  </reporter-output>
  <suite started-at="2022-06-15T01:11:34 IST" name="Suite" finished-at="2022-06-15T01:12:00 IST" duration-ms="26010">
    <groups>
    </groups>
    <test started-at="2022-06-15T01:11:34 IST" name="Test" finished-at="2022-06-15T01:12:00 IST" duration-ms="26010">
      <class name="com.Shanon.Leads.VerifyLeads">
        <test-method is-config="true" signature="openBrowser()[pri:0, instance:com.Shanon.Leads.VerifyLeads@24fcf36f]" started-at="2022-06-15T01:11:37 IST" name="openBrowser" finished-at="2022-06-15T01:11:38 IST" duration-ms="1160" status="PASS">
          <reporter-output>
            <line>
              <![CDATA[LOGIN PAGE is Displayed]]>
            </line>
          </reporter-output>
        </test-method> <!-- openBrowser -->
        <test-method signature="verifyLeadsTabTest()[pri:0, instance:com.Shanon.Leads.VerifyLeads@24fcf36f]" started-at="2022-06-15T01:11:38 IST" name="verifyLeadsTabTest" finished-at="2022-06-15T01:11:39 IST" duration-ms="557" status="FAIL">
          <exception class="java.lang.StackOverflowError">
            <full-stacktrace>
              <![CDATA[java.lang.StackOverflowError
at com.Shanon.pages.HomePage.LeadsTab(HomePage.java:29)
at com.Shanon.pages.HomePage.LeadsTab(HomePage.java:29)
at com.Shanon.pages.HomePage.LeadsTab(HomePage.java:29)
at com.Shanon.pages.HomePage.LeadsTab(HomePage.java:29)
at com.Shanon.pages.HomePage.LeadsTab(HomePage.java:29)
at com.Shanon.pages.HomePage.LeadsTab(HomePage.java:29)
at com.Shanon.pages.HomePage.LeadsTab(HomePage.java:29)
at com.Shanon.pages.HomePage.LeadsTab(HomePage.java:29)
at com.Shanon.pages.HomePage.LeadsTab(HomePage.java:29)
at com.Shanon.pages.HomePage.LeadsTab(HomePage.java:29)
at com.Shanon.pages.HomePage.LeadsTab(HomePage.java:29)
at com.Shanon.pages.HomePage.LeadsTab(HomePage.java:29)
at com.Shanon.pages.HomePage.LeadsTab(HomePage.java:29)
at com.Shanon.pages.HomePage.LeadsTab(HomePage.java:29)
at com.Shanon.pages.HomePage.LeadsTab(HomePage.java:29)
at com.Shanon.pages.HomePage.LeadsTab(HomePage.java:29)
at com.Shanon.pages.HomePage.LeadsTab(HomePage.java:29)
at com.Shanon.pages.HomePage.LeadsTab(HomePage.java:29)
at com.Shanon.pages.HomePage.LeadsTab(HomePage.java:29)
at com.Shanon.pages.HomePage.LeadsTab(HomePage.java:29)
at com.Shanon.pages.HomePage.LeadsTab(HomePage.java:29)
at com.Shanon.pages.HomePage.LeadsTab(HomePage.java:29)
at com.Shanon.pages.HomePage.LeadsTab(HomePage.java:29)
at com.Shanon.pages.HomePage.LeadsTab(HomePage.java:29)
at com.Shanon.pages.HomePage.LeadsTab(HomePage.java:29)
at com.Shanon.pages.HomePage.LeadsTab(HomePage.java:29)
at com.Shanon.pages.HomePage.LeadsTab(HomePage.java:29)
at com.Shanon.pages.HomePage.LeadsTab(HomePage.java:29)
at com.Shanon.pages.HomePage.LeadsTab(HomePage.java:29)
at com.Shanon.pages.HomePage.LeadsTab(HomePage.java:29)
at com.Shanon.pages.HomePage.LeadsTab(HomePage.java:29)
at com.Shanon.pages.HomePage.LeadsTab(HomePage.java:29)
at com.Shanon.pages.HomePage.LeadsTab(HomePage.java:29)
at com.Shanon.pages.HomePage.LeadsTab(HomePage.java:29)
at com.Shanon.pages.HomePage.LeadsTab(HomePage.java:29)
at com.Shanon.pages.HomePage.LeadsTab(HomePage.java:29)
at com.Shanon.pages.HomePage.LeadsTab(HomePage.java:29)
at com.Shanon.pages.HomePage.LeadsTab(HomePage.java:29)
at com.Shanon.pages.HomePage.LeadsTab(HomePage.java:29)
at com.Shanon.pages.HomePage.LeadsTab(HomePage.java:29)
at com.Shanon.pages.HomePage.LeadsTab(HomePage.java:29)
at com.Shanon.pages.HomePage.LeadsTab(HomePage.java:29)
at com.Shanon.pages.HomePage.LeadsTab(HomePage.java:29)
at com.Shanon.pages.HomePage.LeadsTab(HomePage.java:29)
at com.Shanon.pages.HomePage.LeadsTab(HomePage.java:29)
at com.Shanon.pages.HomePage.LeadsTab(HomePage.java:29)
at com.Shanon.pages.HomePage.LeadsTab(HomePage.java:29)
at com.Shanon.pages.HomePage.LeadsTab(HomePage.java:29)
at com.Shanon.pages.HomePage.LeadsTab(HomePage.java:29)
at com.Shanon.pages.HomePage.LeadsTab(HomePage.java:29)
at com.Shanon.pages.HomePage.LeadsTab(HomePage.java:29)
at com.Shanon.pages.HomePage.LeadsTab(HomePage.java:29)
at com.Shanon.pages.HomePage.LeadsTab(HomePage.java:29)
at com.Shanon.pages.HomePage.LeadsTab(HomePage.java:29)
at com.Shanon.pages.HomePage.LeadsTab(HomePage.java:29)
at com.Shanon.pages.HomePage.LeadsTab(HomePage.java:29)
at com.Shanon.pages.HomePage.LeadsTab(HomePage.java:29)
at com.Shanon.pages.HomePage.LeadsTab(HomePage.java:29)
at com.Shanon.pages.HomePage.LeadsTab(HomePage.java:29)
at com.Shanon.pages.HomePage.LeadsTab(HomePage.java:29)
at com.Shanon.pages.HomePage.LeadsTab(HomePage.java:29)
at com.Shanon.pages.HomePage.LeadsTab(HomePage.java:29)
at com.Shanon.pages.HomePage.LeadsTab(HomePage.java:29)
at com.Shanon.pages.HomePage.LeadsTab(HomePage.java:29)
at com.Shanon.pages.HomePage.LeadsTab(HomePage.java:29)
at com.Shanon.pages.HomePage.LeadsTab(HomePage.java:29)
at com.Shanon.pages.HomePage.LeadsTab(HomePage.java:29)
at com.Shanon.pages.HomePage.LeadsTab(HomePage.java:29)
at com.Shanon.pages.HomePage.LeadsTab(HomePage.java:29)
at com.Shanon.pages.HomePage.LeadsTab(HomePage.java:29)
at com.Shanon.pages.HomePage.LeadsTab(HomePage.java:29)
at com.Shanon.pages.HomePage.LeadsTab(HomePage.java:29)
at com.Shanon.pages.HomePage.LeadsTab(HomePage.java:29)
at com.Shanon.pages.HomePage.LeadsTab(HomePage.java:29)
at com.Shanon.pages.HomePage.LeadsTab(HomePage.java:29)
at com.Shanon.pages.HomePage.LeadsTab(HomePage.java:29)
at com.Shanon.pages.HomePage.LeadsTab(HomePage.java:29)
at com.Shanon.pages.HomePage.LeadsTab(HomePage.java:29)
at com.Shanon.pages.HomePage.LeadsTab(HomePage.java:29)
at com.Shanon.pages.HomePage.LeadsTab(HomePage.java:29)
at com.Shanon.pages.HomePage.LeadsTab(HomePage.java:29)
at com.Shanon.pages.HomePage.LeadsTab(HomePage.java:29)
at com.Shanon.pages.HomePage.LeadsTab(HomePage.java:29)
at com.Shanon.pages.HomePage.LeadsTab(HomePage.java:29)
at com.Shanon.pages.HomePage.LeadsTab(HomePage.java:29)
at com.Shanon.pages.HomePage.LeadsTab(HomePage.java:29)
at com.Shanon.pages.HomePage.LeadsTab(HomePage.java:29)
at com.Shanon.pages.HomePage.LeadsTab(HomePage.java:29)
at com.Shanon.pages.HomePage.LeadsTab(HomePage.java:29)
at com.Shanon.pages.HomePage.LeadsTab(HomePage.java:29)
at com.Shanon.pages.HomePage.LeadsTab(HomePage.java:29)
at com.Shanon.pages.HomePage.LeadsTab(HomePage.java:29)
at com.Shanon.pages.HomePage.LeadsTab(HomePage.java:29)
at com.Shanon.pages.HomePage.LeadsTab(HomePage.java:29)
at com.Shanon.pages.HomePage.LeadsTab(HomePage.java:29)
at com.Shanon.pages.HomePage.LeadsTab(HomePage.java:29)
at com.Shanon.pages.HomePage.LeadsTab(HomePage.java:29)
at com.Shanon.pages.HomePage.LeadsTab(HomePage.java:29)
at com.Shanon.pages.HomePage.LeadsTab(HomePage.java:29)
at com.Shanon.pages.HomePage.LeadsTab(HomePage.java:29)
at com.Shanon.pages.HomePage.LeadsTab(HomePage.java:29)
at com.Shanon.pages.HomePage.LeadsTab(HomePage.java:29)
at com.Shanon.pages.HomePage.LeadsTab(HomePage.java:29)
at com.Shanon.pages.HomePage.LeadsTab(HomePage.java:29)
at com.Shanon.pages.HomePage.LeadsTab(HomePage.java:29)
at com.Shanon.pages.HomePage.LeadsTab(HomePage.java:29)
at com.Shanon.pages.HomePage.LeadsTab(HomePage.java:29)
at com.Shanon.pages.HomePage.LeadsTab(HomePage.java:29)
at com.Shanon.pages.HomePage.LeadsTab(HomePage.java:29)
at com.Shanon.pages.HomePage.LeadsTab(HomePage.java:29)
at com.Shanon.pages.HomePage.LeadsTab(HomePage.java:29)
at com.Shanon.pages.HomePage.LeadsTab(HomePage.java:29)
at com.Shanon.pages.HomePage.LeadsTab(HomePage.java:29)
at com.Shanon.pages.HomePage.LeadsTab(HomePage.java:29)
at com.Shanon.pages.HomePage.LeadsTab(HomePage.java:29)
at com.Shanon.pages.HomePage.LeadsTab(HomePage.java:29)
at com.Shanon.pages.HomePage.LeadsTab(HomePage.java:29)
at com.Shanon.pages.HomePage.LeadsTab(HomePage.java:29)
at com.Shanon.pages.HomePage.LeadsTab(HomePage.java:29)
at com.Shanon.pages.HomePage.LeadsTab(HomePage.java:29)
at com.Shanon.pages.HomePage.LeadsTab(HomePage.java:29)
at com.Shanon.pages.HomePage.LeadsTab(HomePage.java:29)
at com.Shanon.pages.HomePage.LeadsTab(HomePage.java:29)
at com.Shanon.pages.HomePage.LeadsTab(HomePage.java:29)
at com.Shanon.pages.HomePage.LeadsTab(HomePage.java:29)
at com.Shanon.pages.HomePage.LeadsTab(HomePage.java:29)
at com.Shanon.pages.HomePage.LeadsTab(HomePage.java:29)
at com.Shanon.pages.HomePage.LeadsTab(HomePage.java:29)
at com.Shanon.pages.HomePage.LeadsTab(HomePage.java:29)
at com.Shanon.pages.HomePage.LeadsTab(HomePage.java:29)
at com.Shanon.pages.HomePage.LeadsTab(HomePage.java:29)
at com.Shanon.pages.HomePage.LeadsTab(HomePage.java:29)
at com.Shanon.pages.HomePage.LeadsTab(HomePage.java:29)
at com.Shanon.pages.HomePage.LeadsTab(HomePage.java:29)
at com.Shanon.pages.HomePage.LeadsTab(HomePage.java:29)
at com.Shanon.pages.HomePage.LeadsTab(HomePage.java:29)
at com.Shanon.pages.HomePage.LeadsTab(HomePage.java:29)
at com.Shanon.pages.HomePage.LeadsTab(HomePage.java:29)
at com.Shanon.pages.HomePage.LeadsTab(HomePage.java:29)
at com.Shanon.pages.HomePage.LeadsTab(HomePage.java:29)
at com.Shanon.pages.HomePage.LeadsTab(HomePage.java:29)
at com.Shanon.pages.HomePage.LeadsTab(HomePage.java:29)
at com.Shanon.pages.HomePage.LeadsTab(HomePage.java:29)
at com.Shanon.pages.HomePage.LeadsTab(HomePage.java:29)
at com.Shanon.pages.HomePage.LeadsTab(HomePage.java:29)
at com.Shanon.pages.HomePage.LeadsTab(HomePage.java:29)
at com.Shanon.pages.HomePage.LeadsTab(HomePage.java:29)
at com.Shanon.pages.HomePage.LeadsTab(HomePage.java:29)
at com.Shanon.pages.HomePage.LeadsTab(HomePage.java:29)
at com.Shanon.pages.HomePage.LeadsTab(HomePage.java:29)
at com.Shanon.pages.HomePage.LeadsTab(HomePage.java:29)
at com.Shanon.pages.HomePage.LeadsTab(HomePage.java:29)
at com.Shanon.pages.HomePage.LeadsTab(HomePage.java:29)
at com.Shanon.pages.HomePage.LeadsTab(HomePage.java:29)
at com.Shanon.pages.HomePage.LeadsTab(HomePage.java:29)
at com.Shanon.pages.HomePage.LeadsTab(HomePage.java:29)
at com.Shanon.pages.HomePage.LeadsTab(HomePage.java:29)
at com.Shanon.pages.HomePage.LeadsTab(HomePage.java:29)
at com.Shanon.pages.HomePage.LeadsTab(HomePage.java:29)
at com.Shanon.pages.HomePage.LeadsTab(HomePage.java:29)
at com.Shanon.pages.HomePage.LeadsTab(HomePage.java:29)
at com.Shanon.pages.HomePage.LeadsTab(HomePage.java:29)
at com.Shanon.pages.HomePage.LeadsTab(HomePage.java:29)
at com.Shanon.pages.HomePage.LeadsTab(HomePage.java:29)
at com.Shanon.pages.HomePage.LeadsTab(HomePage.java:29)
at com.Shanon.pages.HomePage.LeadsTab(HomePage.java:29)
at com.Shanon.pages.HomePage.LeadsTab(HomePage.java:29)
at com.Shanon.pages.HomePage.LeadsTab(HomePage.java:29)
at com.Shanon.pages.HomePage.LeadsTab(HomePage.java:29)
at com.Shanon.pages.HomePage.LeadsTab(HomePage.java:29)
at com.Shanon.pages.HomePage.LeadsTab(HomePage.java:29)
at com.Shanon.pages.HomePage.LeadsTab(HomePage.java:29)
at com.Shanon.pages.HomePage.LeadsTab(HomePage.java:29)
at com.Shanon.pages.HomePage.LeadsTab(HomePage.java:29)
at com.Shanon.pages.HomePage.LeadsTab(HomePage.java:29)
at com.Shanon.pages.HomePage.LeadsTab(HomePage.java:29)
at com.Shanon.pages.HomePage.LeadsTab(HomePage.java:29)
at com.Shanon.pages.HomePage.LeadsTab(HomePage.java:29)
at com.Shanon.pages.HomePage.LeadsTab(HomePage.java:29)
at com.Shanon.pages.HomePage.LeadsTab(HomePage.java:29)
at com.Shanon.pages.HomePage.LeadsTab(HomePage.java:29)
at com.Shanon.pages.HomePage.LeadsTab(HomePage.java:29)
at com.Shanon.pages.HomePage.LeadsTab(HomePage.java:29)
at com.Shanon.pages.HomePage.LeadsTab(HomePage.java:29)
at com.Shanon.pages.HomePage.LeadsTab(HomePage.java:29)
at com.Shanon.pages.HomePage.LeadsTab(HomePage.java:29)
at com.Shanon.pages.HomePage.LeadsTab(HomePage.java:29)
at com.Shanon.pages.HomePage.LeadsTab(HomePage.java:29)
at com.Shanon.pages.HomePage.LeadsTab(HomePage.java:29)
at com.Shanon.pages.HomePage.LeadsTab(HomePage.java:29)
at com.Shanon.pages.HomePage.LeadsTab(HomePage.java:29)
at com.Shanon.pages.HomePage.LeadsTab(HomePage.java:29)
at com.Shanon.pages.HomePage.LeadsTab(HomePage.java:29)
at com.Shanon.pages.HomePage.LeadsTab(HomePage.java:29)
at com.Shanon.pages.HomePage.LeadsTab(HomePage.java:29)
at com.Shanon.pages.HomePage.LeadsTab(HomePage.java:29)
at com.Shanon.pages.HomePage.LeadsTab(HomePage.java:29)
at com.Shanon.pages.HomePage.LeadsTab(HomePage.java:29)
at com.Shanon.pages.HomePage.LeadsTab(HomePage.java:29)
at com.Shanon.pages.HomePage.LeadsTab(HomePage.java:29)
at com.Shanon.pages.HomePage.LeadsTab(HomePage.java:29)
at com.Shanon.pages.HomePage.LeadsTab(HomePage.java:29)
at com.Shanon.pages.HomePage.LeadsTab(HomePage.java:29)
at com.Shanon.pages.HomePage.LeadsTab(HomePage.java:29)
at com.Shanon.pages.HomePage.LeadsTab(HomePage.java:29)
at com.Shanon.pages.HomePage.LeadsTab(HomePage.java:29)
at com.Shanon.pages.HomePage.LeadsTab(HomePage.java:29)
at com.Shanon.pages.HomePage.LeadsTab(HomePage.java:29)
at com.Shanon.pages.HomePage.LeadsTab(HomePage.java:29)
at com.Shanon.pages.HomePage.LeadsTab(HomePage.java:29)
at com.Shanon.pages.HomePage.LeadsTab(HomePage.java:29)
at com.Shanon.pages.HomePage.LeadsTab(HomePage.java:29)
at com.Shanon.pages.HomePage.LeadsTab(HomePage.java:29)
at com.Shanon.pages.HomePage.LeadsTab(HomePage.java:29)
at com.Shanon.pages.HomePage.LeadsTab(HomePage.java:29)
at com.Shanon.pages.HomePage.LeadsTab(HomePage.java:29)
at com.Shanon.pages.HomePage.LeadsTab(HomePage.java:29)
at com.Shanon.pages.HomePage.LeadsTab(HomePage.java:29)
at com.Shanon.pages.HomePage.LeadsTab(HomePage.java:29)
at com.Shanon.pages.HomePage.LeadsTab(HomePage.java:29)
at com.Shanon.pages.HomePage.LeadsTab(HomePage.java:29)
at com.Shanon.pages.HomePage.LeadsTab(HomePage.java:29)
at com.Shanon.pages.HomePage.LeadsTab(HomePage.java:29)
at com.Shanon.pages.HomePage.LeadsTab(HomePage.java:29)
at com.Shanon.pages.HomePage.LeadsTab(HomePage.java:29)
at com.Shanon.pages.HomePage.LeadsTab(HomePage.java:29)
at com.Shanon.pages.HomePage.LeadsTab(HomePage.java:29)
at com.Shanon.pages.HomePage.LeadsTab(HomePage.java:29)
at com.Shanon.pages.HomePage.LeadsTab(HomePage.java:29)
at com.Shanon.pages.HomePage.LeadsTab(HomePage.java:29)
at com.Shanon.pages.HomePage.LeadsTab(HomePage.java:29)
at com.Shanon.pages.HomePage.LeadsTab(HomePage.java:29)
at com.Shanon.pages.HomePage.LeadsTab(HomePage.java:29)
at com.Shanon.pages.HomePage.LeadsTab(HomePage.java:29)
at com.Shanon.pages.HomePage.LeadsTab(HomePage.java:29)
at com.Shanon.pages.HomePage.LeadsTab(HomePage.java:29)
at com.Shanon.pages.HomePage.LeadsTab(HomePage.java:29)
at com.Shanon.pages.HomePage.LeadsTab(HomePage.java:29)
at com.Shanon.pages.HomePage.LeadsTab(HomePage.java:29)
at com.Shanon.pages.HomePage.LeadsTab(HomePage.java:29)
at com.Shanon.pages.HomePage.LeadsTab(HomePage.java:29)
at com.Shanon.pages.HomePage.LeadsTab(HomePage.java:29)
at com.Shanon.pages.HomePage.LeadsTab(HomePage.java:29)
at com.Shanon.pages.HomePage.LeadsTab(HomePage.java:29)
at com.Shanon.pages.HomePage.LeadsTab(HomePage.java:29)
at com.Shanon.pages.HomePage.LeadsTab(HomePage.java:29)
at com.Shanon.pages.HomePage.LeadsTab(HomePage.java:29)
at com.Shanon.pages.HomePage.LeadsTab(HomePage.java:29)
at com.Shanon.pages.HomePage.LeadsTab(HomePage.java:29)
at com.Shanon.pages.HomePage.LeadsTab(HomePage.java:29)
at com.Shanon.pages.HomePage.LeadsTab(HomePage.java:29)
at com.Shanon.pages.HomePage.LeadsTab(HomePage.java:29)
at com.Shanon.pages.HomePage.LeadsTab(HomePage.java:29)
at com.Shanon.pages.HomePage.LeadsTab(HomePage.java:29)
at com.Shanon.pages.HomePage.LeadsTab(HomePage.java:29)
at com.Shanon.pages.HomePage.LeadsTab(HomePage.java:29)
at com.Shanon.pages.HomePage.LeadsTab(HomePage.java:29)
at com.Shanon.pages.HomePage.LeadsTab(HomePage.java:29)
at com.Shanon.pages.HomePage.LeadsTab(HomePage.java:29)
at com.Shanon.pages.HomePage.LeadsTab(HomePage.java:29)
at com.Shanon.pages.HomePage.LeadsTab(HomePage.java:29)
at com.Shanon.pages.HomePage.LeadsTab(HomePage.java:29)
at com.Shanon.pages.HomePage.LeadsTab(HomePage.java:29)
at com.Shanon.pages.HomePage.LeadsTab(HomePage.java:29)
at com.Shanon.pages.HomePage.LeadsTab(HomePage.java:29)
at com.Shanon.pages.HomePage.LeadsTab(HomePage.java:29)
at com.Shanon.pages.HomePage.LeadsTab(HomePage.java:29)
at com.Shanon.pages.HomePage.LeadsTab(HomePage.java:29)
at com.Shanon.pages.HomePage.LeadsTab(HomePage.java:29)
at com.Shanon.pages.HomePage.LeadsTab(HomePage.java:29)
at com.Shanon.pages.HomePage.LeadsTab(HomePage.java:29)
at com.Shanon.pages.HomePage.LeadsTab(HomePage.java:29)
at com.Shanon.pages.HomePage.LeadsTab(HomePage.java:29)
at com.Shanon.pages.HomePage.LeadsTab(HomePage.java:29)
at com.Shanon.pages.HomePage.LeadsTab(HomePage.java:29)
at com.Shanon.pages.HomePage.LeadsTab(HomePage.java:29)
at com.Shanon.pages.HomePage.LeadsTab(HomePage.java:29)
at com.Shanon.pages.HomePage.LeadsTab(HomePage.java:29)
at com.Shanon.pages.HomePage.LeadsTab(HomePage.java:29)
at com.Shanon.pages.HomePage.LeadsTab(HomePage.java:29)
at com.Shanon.pages.HomePage.LeadsTab(HomePage.java:29)
at com.Shanon.pages.HomePage.LeadsTab(HomePage.java:29)
at com.Shanon.pages.HomePage.LeadsTab(HomePage.java:29)
at com.Shanon.pages.HomePage.LeadsTab(HomePage.java:29)
at com.Shanon.pages.HomePage.LeadsTab(HomePage.java:29)
at com.Shanon.pages.HomePage.LeadsTab(HomePage.java:29)
at com.Shanon.pages.HomePage.LeadsTab(HomePage.java:29)
at com.Shanon.pages.HomePage.LeadsTab(HomePage.java:29)
at com.Shanon.pages.HomePage.LeadsTab(HomePage.java:29)
at com.Shanon.pages.HomePage.LeadsTab(HomePage.java:29)
at com.Shanon.pages.HomePage.LeadsTab(HomePage.java:29)
at com.Shanon.pages.HomePage.LeadsTab(HomePage.java:29)
at com.Shanon.pages.HomePage.LeadsTab(HomePage.java:29)
at com.Shanon.pages.HomePage.LeadsTab(HomePage.java:29)
at com.Shanon.pages.HomePage.LeadsTab(HomePage.java:29)
at com.Shanon.pages.HomePage.LeadsTab(HomePage.java:29)
at com.Shanon.pages.HomePage.LeadsTab(HomePage.java:29)
at com.Shanon.pages.HomePage.LeadsTab(HomePage.java:29)
at com.Shanon.pages.HomePage.LeadsTab(HomePage.java:29)
at com.Shanon.pages.HomePage.LeadsTab(HomePage.java:29)
at com.Shanon.pages.HomePage.LeadsTab(HomePage.java:29)
at com.Shanon.pages.HomePage.LeadsTab(HomePage.java:29)
at com.Shanon.pages.HomePage.LeadsTab(HomePage.java:29)
at com.Shanon.pages.HomePage.LeadsTab(HomePage.java:29)
at com.Shanon.pages.HomePage.LeadsTab(HomePage.java:29)
at com.Shanon.pages.HomePage.LeadsTab(HomePage.java:29)
at com.Shanon.pages.HomePage.LeadsTab(HomePage.java:29)
at com.Shanon.pages.HomePage.LeadsTab(HomePage.java:29)
at com.Shanon.pages.HomePage.LeadsTab(HomePage.java:29)
at com.Shanon.pages.HomePage.LeadsTab(HomePage.java:29)
at com.Shanon.pages.HomePage.LeadsTab(HomePage.java:29)
at com.Shanon.pages.HomePage.LeadsTab(HomePage.java:29)
at com.Shanon.pages.HomePage.LeadsTab(HomePage.java:29)
at com.Shanon.pages.HomePage.LeadsTab(HomePage.java:29)
at com.Shanon.pages.HomePage.LeadsTab(HomePage.java:29)
at com.Shanon.pages.HomePage.LeadsTab(HomePage.java:29)
at com.Shanon.pages.HomePage.LeadsTab(HomePage.java:29)
at com.Shanon.pages.HomePage.LeadsTab(HomePage.java:29)
at com.Shanon.pages.HomePage.LeadsTab(HomePage.java:29)
at com.Shanon.pages.HomePage.LeadsTab(HomePage.java:29)
at com.Shanon.pages.HomePage.LeadsTab(HomePage.java:29)
at com.Shanon.pages.HomePage.LeadsTab(HomePage.java:29)
at com.Shanon.pages.HomePage.LeadsTab(HomePage.java:29)
at com.Shanon.pages.HomePage.LeadsTab(HomePage.java:29)
at com.Shanon.pages.HomePage.LeadsTab(HomePage.java:29)
at com.Shanon.pages.HomePage.LeadsTab(HomePage.java:29)
at com.Shanon.pages.HomePage.LeadsTab(HomePage.java:29)
at com.Shanon.pages.HomePage.LeadsTab(HomePage.java:29)
at com.Shanon.pages.HomePage.LeadsTab(HomePage.java:29)
at com.Shanon.pages.HomePage.LeadsTab(HomePage.java:29)
at com.Shanon.pages.HomePage.LeadsTab(HomePage.java:29)
at com.Shanon.pages.HomePage.LeadsTab(HomePage.java:29)
at com.Shanon.pages.HomePage.LeadsTab(HomePage.java:29)
at com.Shanon.pages.HomePage.LeadsTab(HomePage.java:29)
at com.Shanon.pages.HomePage.LeadsTab(HomePage.java:29)
at com.Shanon.pages.HomePage.LeadsTab(HomePage.java:29)
at com.Shanon.pages.HomePage.LeadsTab(HomePage.java:29)
at com.Shanon.pages.HomePage.LeadsTab(HomePage.java:29)
at com.Shanon.pages.HomePage.LeadsTab(HomePage.java:29)
at com.Shanon.pages.HomePage.LeadsTab(HomePage.java:29)
at com.Shanon.pages.HomePage.LeadsTab(HomePage.java:29)
at com.Shanon.pages.HomePage.LeadsTab(HomePage.java:29)
at com.Shanon.pages.HomePage.LeadsTab(HomePage.java:29)
at com.Shanon.pages.HomePage.LeadsTab(HomePage.java:29)
at com.Shanon.pages.HomePage.LeadsTab(HomePage.java:29)
at com.Shanon.pages.HomePage.LeadsTab(HomePage.java:29)
at com.Shanon.pages.HomePage.LeadsTab(HomePage.java:29)
at com.Shanon.pages.HomePage.LeadsTab(HomePage.java:29)
at com.Shanon.pages.HomePage.LeadsTab(HomePage.java:29)
at com.Shanon.pages.HomePage.LeadsTab(HomePage.java:29)
at com.Shanon.pages.HomePage.LeadsTab(HomePage.java:29)
at com.Shanon.pages.HomePage.LeadsTab(HomePage.java:29)
at com.Shanon.pages.HomePage.LeadsTab(HomePage.java:29)
at com.Shanon.pages.HomePage.LeadsTab(HomePage.java:29)
at com.Shanon.pages.HomePage.LeadsTab(HomePage.java:29)
at com.Shanon.pages.HomePage.LeadsTab(HomePage.java:29)
at com.Shanon.pages.HomePage.LeadsTab(HomePage.java:29)
at com.Shanon.pages.HomePage.LeadsTab(HomePage.java:29)
at com.Shanon.pages.HomePage.LeadsTab(HomePage.java:29)
at com.Shanon.pages.HomePage.LeadsTab(HomePage.java:29)
at com.Shanon.pages.HomePage.LeadsTab(HomePage.java:29)
at com.Shanon.pages.HomePage.LeadsTab(HomePage.java:29)
at com.Shanon.pages.HomePage.LeadsTab(HomePage.java:29)
at com.Shanon.pages.HomePage.LeadsTab(HomePage.java:29)
at com.Shanon.pages.HomePage.LeadsTab(HomePage.java:29)
at com.Shanon.pages.HomePage.LeadsTab(HomePage.java:29)
at com.Shanon.pages.HomePage.LeadsTab(HomePage.java:29)
at com.Shanon.pages.HomePage.LeadsTab(HomePage.java:29)
at com.Shanon.pages.HomePage.LeadsTab(HomePage.java:29)
at com.Shanon.pages.HomePage.LeadsTab(HomePage.java:29)
at com.Shanon.pages.HomePage.LeadsTab(HomePage.java:29)
at com.Shanon.pages.HomePage.LeadsTab(HomePage.java:29)
at com.Shanon.pages.HomePage.LeadsTab(HomePage.java:29)
at com.Shanon.pages.HomePage.LeadsTab(HomePage.java:29)
at com.Shanon.pages.HomePage.LeadsTab(HomePage.java:29)
at com.Shanon.pages.HomePage.LeadsTab(HomePage.java:29)
at com.Shanon.pages.HomePage.LeadsTab(HomePage.java:29)
at com.Shanon.pages.HomePage.LeadsTab(HomePage.java:29)
at com.Shanon.pages.HomePage.LeadsTab(HomePage.java:29)
at com.Shanon.pages.HomePage.LeadsTab(HomePage.java:29)
at com.Shanon.pages.HomePage.LeadsTab(HomePage.java:29)
at com.Shanon.pages.HomePage.LeadsTab(HomePage.java:29)
at com.Shanon.pages.HomePage.LeadsTab(HomePage.java:29)
at com.Shanon.pages.HomePage.LeadsTab(HomePage.java:29)
at com.Shanon.pages.HomePage.LeadsTab(HomePage.java:29)
at com.Shanon.pages.HomePage.LeadsTab(HomePage.java:29)
at com.Shanon.pages.HomePage.LeadsTab(HomePage.java:29)
at com.Shanon.pages.HomePage.LeadsTab(HomePage.java:29)
at com.Shanon.pages.HomePage.LeadsTab(HomePage.java:29)
at com.Shanon.pages.HomePage.LeadsTab(HomePage.java:29)
at com.Shanon.pages.HomePage.LeadsTab(HomePage.java:29)
at com.Shanon.pages.HomePage.LeadsTab(HomePage.java:29)
at com.Shanon.pages.HomePage.LeadsTab(HomePage.java:29)
at com.Shanon.pages.HomePage.LeadsTab(HomePage.java:29)
at com.Shanon.pages.HomePage.LeadsTab(HomePage.java:29)
at com.Shanon.pages.HomePage.LeadsTab(HomePage.java:29)
at com.Shanon.pages.HomePage.LeadsTab(HomePage.java:29)
at com.Shanon.pages.HomePage.LeadsTab(HomePage.java:29)
at com.Shanon.pages.HomePage.LeadsTab(HomePage.java:29)
at com.Shanon.pages.HomePage.LeadsTab(HomePage.java:29)
at com.Shanon.pages.HomePage.LeadsTab(HomePage.java:29)
at com.Shanon.pages.HomePage.LeadsTab(HomePage.java:29)
at com.Shanon.pages.HomePage.LeadsTab(HomePage.java:29)
at com.Shanon.pages.HomePage.LeadsTab(HomePage.java:29)
at com.Shanon.pages.HomePage.LeadsTab(HomePage.java:29)
at com.Shanon.pages.HomePage.LeadsTab(HomePage.java:29)
at com.Shanon.pages.HomePage.LeadsTab(HomePage.java:29)
at com.Shanon.pages.HomePage.LeadsTab(HomePage.java:29)
at com.Shanon.pages.HomePage.LeadsTab(HomePage.java:29)
at com.Shanon.pages.HomePage.LeadsTab(HomePage.java:29)
at com.Shanon.pages.HomePage.LeadsTab(HomePage.java:29)
at com.Shanon.pages.HomePage.LeadsTab(HomePage.java:29)
at com.Shanon.pages.HomePage.LeadsTab(HomePage.java:29)
at com.Shanon.pages.HomePage.LeadsTab(HomePage.java:29)
at com.Shanon.pages.HomePage.LeadsTab(HomePage.java:29)
at com.Shanon.pages.HomePage.LeadsTab(HomePage.java:29)
at com.Shanon.pages.HomePage.LeadsTab(HomePage.java:29)
at com.Shanon.pages.HomePage.LeadsTab(HomePage.java:29)
at com.Shanon.pages.HomePage.LeadsTab(HomePage.java:29)
at com.Shanon.pages.HomePage.LeadsTab(HomePage.java:29)
at com.Shanon.pages.HomePage.LeadsTab(HomePage.java:29)
at com.Shanon.pages.HomePage.LeadsTab(HomePage.java:29)
at com.Shanon.pages.HomePage.LeadsTab(HomePage.java:29)
at com.Shanon.pages.HomePage.LeadsTab(HomePage.java:29)
at com.Shanon.pages.HomePage.LeadsTab(HomePage.java:29)
at com.Shanon.pages.HomePage.LeadsTab(HomePage.java:29)
at com.Shanon.pages.HomePage.LeadsTab(HomePage.java:29)
at com.Shanon.pages.HomePage.LeadsTab(HomePage.java:29)
at com.Shanon.pages.HomePage.LeadsTab(HomePage.java:29)
at com.Shanon.pages.HomePage.LeadsTab(HomePage.java:29)
at com.Shanon.pages.HomePage.LeadsTab(HomePage.java:29)
at com.Shanon.pages.HomePage.LeadsTab(HomePage.java:29)
at com.Shanon.pages.HomePage.LeadsTab(HomePage.java:29)
at com.Shanon.pages.HomePage.LeadsTab(HomePage.java:29)
at com.Shanon.pages.HomePage.LeadsTab(HomePage.java:29)
at com.Shanon.pages.HomePage.LeadsTab(HomePage.java:29)
at com.Shanon.pages.HomePage.LeadsTab(HomePage.java:29)
at com.Shanon.pages.HomePage.LeadsTab(HomePage.java:29)
at com.Shanon.pages.HomePage.LeadsTab(HomePage.java:29)
at com.Shanon.pages.HomePage.LeadsTab(HomePage.java:29)
at com.Shanon.pages.HomePage.LeadsTab(HomePage.java:29)
at com.Shanon.pages.HomePage.LeadsTab(HomePage.java:29)
at com.Shanon.pages.HomePage.LeadsTab(HomePage.java:29)
at com.Shanon.pages.HomePage.LeadsTab(HomePage.java:29)
at com.Shanon.pages.HomePage.LeadsTab(HomePage.java:29)
at com.Shanon.pages.HomePage.LeadsTab(HomePage.java:29)
at com.Shanon.pages.HomePage.LeadsTab(HomePage.java:29)
at com.Shanon.pages.HomePage.LeadsTab(HomePage.java:29)
at com.Shanon.pages.HomePage.LeadsTab(HomePage.java:29)
at com.Shanon.pages.HomePage.LeadsTab(HomePage.java:29)
at com.Shanon.pages.HomePage.LeadsTab(HomePage.java:29)
at com.Shanon.pages.HomePage.LeadsTab(HomePage.java:29)
at com.Shanon.pages.HomePage.LeadsTab(HomePage.java:29)
at com.Shanon.pages.HomePage.LeadsTab(HomePage.java:29)
at com.Shanon.pages.HomePage.LeadsTab(HomePage.java:29)
at com.Shanon.pages.HomePage.LeadsTab(HomePage.java:29)
at com.Shanon.pages.HomePage.LeadsTab(HomePage.java:29)
at com.Shanon.pages.HomePage.LeadsTab(HomePage.java:29)
at com.Shanon.pages.HomePage.LeadsTab(HomePage.java:29)
at com.Shanon.pages.HomePage.LeadsTab(HomePage.java:29)
at com.Shanon.pages.HomePage.LeadsTab(HomePage.java:29)
at com.Shanon.pages.HomePage.LeadsTab(HomePage.java:29)
at com.Shanon.pages.HomePage.LeadsTab(HomePage.java:29)
at com.Shanon.pages.HomePage.LeadsTab(HomePage.java:29)
at com.Shanon.pages.HomePage.LeadsTab(HomePage.java:29)
at com.Shanon.pages.HomePage.LeadsTab(HomePage.java:29)
at com.Shanon.pages.HomePage.LeadsTab(HomePage.java:29)
at com.Shanon.pages.HomePage.LeadsTab(HomePage.java:29)
at com.Shanon.pages.HomePage.LeadsTab(HomePage.java:29)
at com.Shanon.pages.HomePage.LeadsTab(HomePage.java:29)
at com.Shanon.pages.HomePage.LeadsTab(HomePage.java:29)
at com.Shanon.pages.HomePage.LeadsTab(HomePage.java:29)
at com.Shanon.pages.HomePage.LeadsTab(HomePage.java:29)
at com.Shanon.pages.HomePage.LeadsTab(HomePage.java:29)
at com.Shanon.pages.HomePage.LeadsTab(HomePage.java:29)
at com.Shanon.pages.HomePage.LeadsTab(HomePage.java:29)
at com.Shanon.pages.HomePage.LeadsTab(HomePage.java:29)
at com.Shanon.pages.HomePage.LeadsTab(HomePage.java:29)
at com.Shanon.pages.HomePage.LeadsTab(HomePage.java:29)
at com.Shanon.pages.HomePage.LeadsTab(HomePage.java:29)
at com.Shanon.pages.HomePage.LeadsTab(HomePage.java:29)
at com.Shanon.pages.HomePage.LeadsTab(HomePage.java:29)
at com.Shanon.pages.HomePage.LeadsTab(HomePage.java:29)
at com.Shanon.pages.HomePage.LeadsTab(HomePage.java:29)
at com.Shanon.pages.HomePage.LeadsTab(HomePage.java:29)
at com.Shanon.pages.HomePage.LeadsTab(HomePage.java:29)
at com.Shanon.pages.HomePage.LeadsTab(HomePage.java:29)
at com.Shanon.pages.HomePage.LeadsTab(HomePage.java:29)
at com.Shanon.pages.HomePage.LeadsTab(HomePage.java:29)
at com.Shanon.pages.HomePage.LeadsTab(HomePage.java:29)
at com.Shanon.pages.HomePage.LeadsTab(HomePage.java:29)
at com.Shanon.pages.HomePage.LeadsTab(HomePage.java:29)
at com.Shanon.pages.HomePage.LeadsTab(HomePage.java:29)
at com.Shanon.pages.HomePage.LeadsTab(HomePage.java:29)
at com.Shanon.pages.HomePage.LeadsTab(HomePage.java:29)
at com.Shanon.pages.HomePage.LeadsTab(HomePage.java:29)
at com.Shanon.pages.HomePage.LeadsTab(HomePage.java:29)
at com.Shanon.pages.HomePage.LeadsTab(HomePage.java:29)
at com.Shanon.pages.HomePage.LeadsTab(HomePage.java:29)
at com.Shanon.pages.HomePage.LeadsTab(HomePage.java:29)
at com.Shanon.pages.HomePage.LeadsTab(HomePage.java:29)
at com.Shanon.pages.HomePage.LeadsTab(HomePage.java:29)
at com.Shanon.pages.HomePage.LeadsTab(HomePage.java:29)
at com.Shanon.pages.HomePage.LeadsTab(HomePage.java:29)
at com.Shanon.pages.HomePage.LeadsTab(HomePage.java:29)
at com.Shanon.pages.HomePage.LeadsTab(HomePage.java:29)
at com.Shanon.pages.HomePage.LeadsTab(HomePage.java:29)
at com.Shanon.pages.HomePage.LeadsTab(HomePage.java:29)
at com.Shanon.pages.HomePage.LeadsTab(HomePage.java:29)
at com.Shanon.pages.HomePage.LeadsTab(HomePage.java:29)
at com.Shanon.pages.HomePage.LeadsTab(HomePage.java:29)
at com.Shanon.pages.HomePage.LeadsTab(HomePage.java:29)
at com.Shanon.pages.HomePage.LeadsTab(HomePage.java:29)
at com.Shanon.pages.HomePage.LeadsTab(HomePage.java:29)
at com.Shanon.pages.HomePage.LeadsTab(HomePage.java:29)
at com.Shanon.pages.HomePage.LeadsTab(HomePage.java:29)
at com.Shanon.pages.HomePage.LeadsTab(HomePage.java:29)
at com.Shanon.pages.HomePage.LeadsTab(HomePage.java:29)
at com.Shanon.pages.HomePage.LeadsTab(HomePage.java:29)
at com.Shanon.pages.HomePage.LeadsTab(HomePage.java:29)
at com.Shanon.pages.HomePage.LeadsTab(HomePage.java:29)
at com.Shanon.pages.HomePage.LeadsTab(HomePage.java:29)
at com.Shanon.pages.HomePage.LeadsTab(HomePage.java:29)
at com.Shanon.pages.HomePage.LeadsTab(HomePage.java:29)
at com.Shanon.pages.HomePage.LeadsTab(HomePage.java:29)
at com.Shanon.pages.HomePage.LeadsTab(HomePage.java:29)
at com.Shanon.pages.HomePage.LeadsTab(HomePage.java:29)
at com.Shanon.pages.HomePage.LeadsTab(HomePage.java:29)
at com.Shanon.pages.HomePage.LeadsTab(HomePage.java:29)
at com.Shanon.pages.HomePage.LeadsTab(HomePage.java:29)
at com.Shanon.pages.HomePage.LeadsTab(HomePage.java:29)
at com.Shanon.pages.HomePage.LeadsTab(HomePage.java:29)
at com.Shanon.pages.HomePage.LeadsTab(HomePage.java:29)
at com.Shanon.pages.HomePage.LeadsTab(HomePage.java:29)
at com.Shanon.pages.HomePage.LeadsTab(HomePage.java:29)
at com.Shanon.pages.HomePage.LeadsTab(HomePage.java:29)
at com.Shanon.pages.HomePage.LeadsTab(HomePage.java:29)
at com.Shanon.pages.HomePage.LeadsTab(HomePage.java:29)
at com.Shanon.pages.HomePage.LeadsTab(HomePage.java:29)
at com.Shanon.pages.HomePage.LeadsTab(HomePage.java:29)
at com.Shanon.pages.HomePage.LeadsTab(HomePage.java:29)
at com.Shanon.pages.HomePage.LeadsTab(HomePage.java:29)
at com.Shanon.pages.HomePage.LeadsTab(HomePage.java:29)
at com.Shanon.pages.HomePage.LeadsTab(HomePage.java:29)
at com.Shanon.pages.HomePage.LeadsTab(HomePage.java:29)
at com.Shanon.pages.HomePage.LeadsTab(HomePage.java:29)
at com.Shanon.pages.HomePage.LeadsTab(HomePage.java:29)
at com.Shanon.pages.HomePage.LeadsTab(HomePage.java:29)
at com.Shanon.pages.HomePage.LeadsTab(HomePage.java:29)
at com.Shanon.pages.HomePage.LeadsTab(HomePage.java:29)
at com.Shanon.pages.HomePage.LeadsTab(HomePage.java:29)
at com.Shanon.pages.HomePage.LeadsTab(HomePage.java:29)
at com.Shanon.pages.HomePage.LeadsTab(HomePage.java:29)
at com.Shanon.pages.HomePage.LeadsTab(HomePage.java:29)
at com.Shanon.pages.HomePage.LeadsTab(HomePage.java:29)
at com.Shanon.pages.HomePage.LeadsTab(HomePage.java:29)
at com.Shanon.pages.HomePage.LeadsTab(HomePage.java:29)
at com.Shanon.pages.HomePage.LeadsTab(HomePage.java:29)
at com.Shanon.pages.HomePage.LeadsTab(HomePage.java:29)
at com.Shanon.pages.HomePage.LeadsTab(HomePage.java:29)
at com.Shanon.pages.HomePage.LeadsTab(HomePage.java:29)
at com.Shanon.pages.HomePage.LeadsTab(HomePage.java:29)
at com.Shanon.pages.HomePage.LeadsTab(HomePage.java:29)
at com.Shanon.pages.HomePage.LeadsTab(HomePage.java:29)
at com.Shanon.pages.HomePage.LeadsTab(HomePage.java:29)
at com.Shanon.pages.HomePage.LeadsTab(HomePage.java:29)
at com.Shanon.pages.HomePage.LeadsTab(HomePage.java:29)
at com.Shanon.pages.HomePage.LeadsTab(HomePage.java:29)
at com.Shanon.pages.HomePage.LeadsTab(HomePage.java:29)
at com.Shanon.pages.HomePage.LeadsTab(HomePage.java:29)
at com.Shanon.pages.HomePage.LeadsTab(HomePage.java:29)
at com.Shanon.pages.HomePage.LeadsTab(HomePage.java:29)
at com.Shanon.pages.HomePage.LeadsTab(HomePage.java:29)
at com.Shanon.pages.HomePage.LeadsTab(HomePage.java:29)
at com.Shanon.pages.HomePage.LeadsTab(HomePage.java:29)
at com.Shanon.pages.HomePage.LeadsTab(HomePage.java:29)
at com.Shanon.pages.HomePage.LeadsTab(HomePage.java:29)
at com.Shanon.pages.HomePage.LeadsTab(HomePage.java:29)
at com.Shanon.pages.HomePage.LeadsTab(HomePage.java:29)
at com.Shanon.pages.HomePage.LeadsTab(HomePage.java:29)
at com.Shanon.pages.HomePage.LeadsTab(HomePage.java:29)
at com.Shanon.pages.HomePage.LeadsTab(HomePage.java:29)
at com.Shanon.pages.HomePage.LeadsTab(HomePage.java:29)
at com.Shanon.pages.HomePage.LeadsTab(HomePage.java:29)
at com.Shanon.pages.HomePage.LeadsTab(HomePage.java:29)
at com.Shanon.pages.HomePage.LeadsTab(HomePage.java:29)
at com.Shanon.pages.HomePage.LeadsTab(HomePage.java:29)
at com.Shanon.pages.HomePage.LeadsTab(HomePage.java:29)
at com.Shanon.pages.HomePage.LeadsTab(HomePage.java:29)
at com.Shanon.pages.HomePage.LeadsTab(HomePage.java:29)
at com.Shanon.pages.HomePage.LeadsTab(HomePage.java:29)
at com.Shanon.pages.HomePage.LeadsTab(HomePage.java:29)
at com.Shanon.pages.HomePage.LeadsTab(HomePage.java:29)
at com.Shanon.pages.HomePage.LeadsTab(HomePage.java:29)
at com.Shanon.pages.HomePage.LeadsTab(HomePage.java:29)
at com.Shanon.pages.HomePage.LeadsTab(HomePage.java:29)
at com.Shanon.pages.HomePage.LeadsTab(HomePage.java:29)
at com.Shanon.pages.HomePage.LeadsTab(HomePage.java:29)
at com.Shanon.pages.HomePage.LeadsTab(HomePage.java:29)
at com.Shanon.pages.HomePage.LeadsTab(HomePage.java:29)
at com.Shanon.pages.HomePage.LeadsTab(HomePage.java:29)
at com.Shanon.pages.HomePage.LeadsTab(HomePage.java:29)
at com.Shanon.pages.HomePage.LeadsTab(HomePage.java:29)
at com.Shanon.pages.HomePage.LeadsTab(HomePage.java:29)
at com.Shanon.pages.HomePage.LeadsTab(HomePage.java:29)
at com.Shanon.pages.HomePage.LeadsTab(HomePage.java:29)
at com.Shanon.pages.HomePage.LeadsTab(HomePage.java:29)
at com.Shanon.pages.HomePage.LeadsTab(HomePage.java:29)
at com.Shanon.pages.HomePage.LeadsTab(HomePage.java:29)
at com.Shanon.pages.HomePage.LeadsTab(HomePage.java:29)
at com.Shanon.pages.HomePage.LeadsTab(HomePage.java:29)
at com.Shanon.pages.HomePage.LeadsTab(HomePage.java:29)
at com.Shanon.pages.HomePage.LeadsTab(HomePage.java:29)
at com.Shanon.pages.HomePage.LeadsTab(HomePage.java:29)
at com.Shanon.pages.HomePage.LeadsTab(HomePage.java:29)
at com.Shanon.pages.HomePage.LeadsTab(HomePage.java:29)
at com.Shanon.pages.HomePage.LeadsTab(HomePage.java:29)
at com.Shanon.pages.HomePage.LeadsTab(HomePage.java:29)
at com.Shanon.pages.HomePage.LeadsTab(HomePage.java:29)
at com.Shanon.pages.HomePage.LeadsTab(HomePage.java:29)
at com.Shanon.pages.HomePage.LeadsTab(HomePage.java:29)
at com.Shanon.pages.HomePage.LeadsTab(HomePage.java:29)
at com.Shanon.pages.HomePage.LeadsTab(HomePage.java:29)
at com.Shanon.pages.HomePage.LeadsTab(HomePage.java:29)
at com.Shanon.pages.HomePage.LeadsTab(HomePage.java:29)
at com.Shanon.pages.HomePage.LeadsTab(HomePage.java:29)
at com.Shanon.pages.HomePage.LeadsTab(HomePage.java:29)
at com.Shanon.pages.HomePage.LeadsTab(HomePage.java:29)
at com.Shanon.pages.HomePage.LeadsTab(HomePage.java:29)
at com.Shanon.pages.HomePage.LeadsTab(HomePage.java:29)
at com.Shanon.pages.HomePage.LeadsTab(HomePage.java:29)
at com.Shanon.pages.HomePage.LeadsTab(HomePage.java:29)
at com.Shanon.pages.HomePage.LeadsTab(HomePage.java:29)
at com.Shanon.pages.HomePage.LeadsTab(HomePage.java:29)
at com.Shanon.pages.HomePage.LeadsTab(HomePage.java:29)
at com.Shanon.pages.HomePage.LeadsTab(HomePage.java:29)
at com.Shanon.pages.HomePage.LeadsTab(HomePage.java:29)
at com.Shanon.pages.HomePage.LeadsTab(HomePage.java:29)
at com.Shanon.pages.HomePage.LeadsTab(HomePage.java:29)
at com.Shanon.pages.HomePage.LeadsTab(HomePage.java:29)
at com.Shanon.pages.HomePage.LeadsTab(HomePage.java:29)
at com.Shanon.pages.HomePage.LeadsTab(HomePage.java:29)
at com.Shanon.pages.HomePage.LeadsTab(HomePage.java:29)
at com.Shanon.pages.HomePage.LeadsTab(HomePage.java:29)
at com.Shanon.pages.HomePage.LeadsTab(HomePage.java:29)
at com.Shanon.pages.HomePage.LeadsTab(HomePage.java:29)
at com.Shanon.pages.HomePage.LeadsTab(HomePage.java:29)
at com.Shanon.pages.HomePage.LeadsTab(HomePage.java:29)
at com.Shanon.pages.HomePage.LeadsTab(HomePage.java:29)
at com.Shanon.pages.HomePage.LeadsTab(HomePage.java:29)
at com.Shanon.pages.HomePage.LeadsTab(HomePage.java:29)
at com.Shanon.pages.HomePage.LeadsTab(HomePage.java:29)
at com.Shanon.pages.HomePage.LeadsTab(HomePage.java:29)
at com.Shanon.pages.HomePage.LeadsTab(HomePage.java:29)
at com.Shanon.pages.HomePage.LeadsTab(HomePage.java:29)
at com.Shanon.pages.HomePage.LeadsTab(HomePage.java:29)
at com.Shanon.pages.HomePage.LeadsTab(HomePage.java:29)
at com.Shanon.pages.HomePage.LeadsTab(HomePage.java:29)
at com.Shanon.pages.HomePage.LeadsTab(HomePage.java:29)
at com.Shanon.pages.HomePage.LeadsTab(HomePage.java:29)
at com.Shanon.pages.HomePage.LeadsTab(HomePage.java:29)
at com.Shanon.pages.HomePage.LeadsTab(HomePage.java:29)
at com.Shanon.pages.HomePage.LeadsTab(HomePage.java:29)
at com.Shanon.pages.HomePage.LeadsTab(HomePage.java:29)
at com.Shanon.pages.HomePage.LeadsTab(HomePage.java:29)
at com.Shanon.pages.HomePage.LeadsTab(HomePage.java:29)
at com.Shanon.pages.HomePage.LeadsTab(HomePage.java:29)
at com.Shanon.pages.HomePage.LeadsTab(HomePage.java:29)
at com.Shanon.pages.HomePage.LeadsTab(HomePage.java:29)
at com.Shanon.pages.HomePage.LeadsTab(HomePage.java:29)
at com.Shanon.pages.HomePage.LeadsTab(HomePage.java:29)
at com.Shanon.pages.HomePage.LeadsTab(HomePage.java:29)
at com.Shanon.pages.HomePage.LeadsTab(HomePage.java:29)
at com.Shanon.pages.HomePage.LeadsTab(HomePage.java:29)
at com.Shanon.pages.HomePage.LeadsTab(HomePage.java:29)
at com.Shanon.pages.HomePage.LeadsTab(HomePage.java:29)
at com.Shanon.pages.HomePage.LeadsTab(HomePage.java:29)
at com.Shanon.pages.HomePage.LeadsTab(HomePage.java:29)
at com.Shanon.pages.HomePage.LeadsTab(HomePage.java:29)
at com.Shanon.pages.HomePage.LeadsTab(HomePage.java:29)
at com.Shanon.pages.HomePage.LeadsTab(HomePage.java:29)
at com.Shanon.pages.HomePage.LeadsTab(HomePage.java:29)
at com.Shanon.pages.HomePage.LeadsTab(HomePage.java:29)
at com.Shanon.pages.HomePage.LeadsTab(HomePage.java:29)
at com.Shanon.pages.HomePage.LeadsTab(HomePage.java:29)
at com.Shanon.pages.HomePage.LeadsTab(HomePage.java:29)
at com.Shanon.pages.HomePage.LeadsTab(HomePage.java:29)
at com.Shanon.pages.HomePage.LeadsTab(HomePage.java:29)
at com.Shanon.pages.HomePage.LeadsTab(HomePage.java:29)
at com.Shanon.pages.HomePage.LeadsTab(HomePage.java:29)
at com.Shanon.pages.HomePage.LeadsTab(HomePage.java:29)
at com.Shanon.pages.HomePage.LeadsTab(HomePage.java:29)
at com.Shanon.pages.HomePage.LeadsTab(HomePage.java:29)
at com.Shanon.pages.HomePage.LeadsTab(HomePage.java:29)
at com.Shanon.pages.HomePage.LeadsTab(HomePage.java:29)
at com.Shanon.pages.HomePage.LeadsTab(HomePage.java:29)
at com.Shanon.pages.HomePage.LeadsTab(HomePage.java:29)
at com.Shanon.pages.HomePage.LeadsTab(HomePage.java:29)
at com.Shanon.pages.HomePage.LeadsTab(HomePage.java:29)
at com.Shanon.pages.HomePage.LeadsTab(HomePage.java:29)
at com.Shanon.pages.HomePage.LeadsTab(HomePage.java:29)
at com.Shanon.pages.HomePage.LeadsTab(HomePage.java:29)
at com.Shanon.pages.HomePage.LeadsTab(HomePage.java:29)
at com.Shanon.pages.HomePage.LeadsTab(HomePage.java:29)
at com.Shanon.pages.HomePage.LeadsTab(HomePage.java:29)
at com.Shanon.pages.HomePage.LeadsTab(HomePage.java:29)
at com.Shanon.pages.HomePage.LeadsTab(HomePage.java:29)
at com.Shanon.pages.HomePage.LeadsTab(HomePage.java:29)
at com.Shanon.pages.HomePage.LeadsTab(HomePage.java:29)
at com.Shanon.pages.HomePage.LeadsTab(HomePage.java:29)
at com.Shanon.pages.HomePage.LeadsTab(HomePage.java:29)
at com.Shanon.pages.HomePage.LeadsTab(HomePage.java:29)
at com.Shanon.pages.HomePage.LeadsTab(HomePage.java:29)
at com.Shanon.pages.HomePage.LeadsTab(HomePage.java:29)
at com.Shanon.pages.HomePage.LeadsTab(HomePage.java:29)
at com.Shanon.pages.HomePage.LeadsTab(HomePage.java:29)
at com.Shanon.pages.HomePage.LeadsTab(HomePage.java:29)
at com.Shanon.pages.HomePage.LeadsTab(HomePage.java:29)
at com.Shanon.pages.HomePage.LeadsTab(HomePage.java:29)
at com.Shanon.pages.HomePage.LeadsTab(HomePage.java:29)
at com.Shanon.pages.HomePage.LeadsTab(HomePage.java:29)
at com.Shanon.pages.HomePage.LeadsTab(HomePage.java:29)
at com.Shanon.pages.HomePage.LeadsTab(HomePage.java:29)
at com.Shanon.pages.HomePage.LeadsTab(HomePage.java:29)
at com.Shanon.pages.HomePage.LeadsTab(HomePage.java:29)
at com.Shanon.pages.HomePage.LeadsTab(HomePage.java:29)
at com.Shanon.pages.HomePage.LeadsTab(HomePage.java:29)
at com.Shanon.pages.HomePage.LeadsTab(HomePage.java:29)
at com.Shanon.pages.HomePage.LeadsTab(HomePage.java:29)
at com.Shanon.pages.HomePage.LeadsTab(HomePage.java:29)
at com.Shanon.pages.HomePage.LeadsTab(HomePage.java:29)
at com.Shanon.pages.HomePage.LeadsTab(HomePage.java:29)
at com.Shanon.pages.HomePage.LeadsTab(HomePage.java:29)
at com.Shanon.pages.HomePage.LeadsTab(HomePage.java:29)
at com.Shanon.pages.HomePage.LeadsTab(HomePage.java:29)
at com.Shanon.pages.HomePage.LeadsTab(HomePage.java:29)
at com.Shanon.pages.HomePage.LeadsTab(HomePage.java:29)
at com.Shanon.pages.HomePage.LeadsTab(HomePage.java:29)
at com.Shanon.pages.HomePage.LeadsTab(HomePage.java:29)
at com.Shanon.pages.HomePage.LeadsTab(HomePage.java:29)
at com.Shanon.pages.HomePage.LeadsTab(HomePage.java:29)
at com.Shanon.pages.HomePage.LeadsTab(HomePage.java:29)
at com.Shanon.pages.HomePage.LeadsTab(HomePage.java:29)
at com.Shanon.pages.HomePage.LeadsTab(HomePage.java:29)
at com.Shanon.pages.HomePage.LeadsTab(HomePage.java:29)
at com.Shanon.pages.HomePage.LeadsTab(HomePage.java:29)
at com.Shanon.pages.HomePage.LeadsTab(HomePage.java:29)
at com.Shanon.pages.HomePage.LeadsTab(HomePage.java:29)
at com.Shanon.pages.HomePage.LeadsTab(HomePage.java:29)
at com.Shanon.pages.HomePage.LeadsTab(HomePage.java:29)
at com.Shanon.pages.HomePage.LeadsTab(HomePage.java:29)
at com.Shanon.pages.HomePage.LeadsTab(HomePage.java:29)
at com.Shanon.pages.HomePage.LeadsTab(HomePage.java:29)
at com.Shanon.pages.HomePage.LeadsTab(HomePage.java:29)
at com.Shanon.pages.HomePage.LeadsTab(HomePage.java:29)
at com.Shanon.pages.HomePage.LeadsTab(HomePage.java:29)
at com.Shanon.pages.HomePage.LeadsTab(HomePage.java:29)
at com.Shanon.pages.HomePage.LeadsTab(HomePage.java:29)
at com.Shanon.pages.HomePage.LeadsTab(HomePage.java:29)
at com.Shanon.pages.HomePage.LeadsTab(HomePage.java:29)
at com.Shanon.pages.HomePage.LeadsTab(HomePage.java:29)
at com.Shanon.pages.HomePage.LeadsTab(HomePage.java:29)
at com.Shanon.pages.HomePage.LeadsTab(HomePage.java:29)
at com.Shanon.pages.HomePage.LeadsTab(HomePage.java:29)
at com.Shanon.pages.HomePage.LeadsTab(HomePage.java:29)
at com.Shanon.pages.HomePage.LeadsTab(HomePage.java:29)
at com.Shanon.pages.HomePage.LeadsTab(HomePage.java:29)
at com.Shanon.pages.HomePage.LeadsTab(HomePage.java:29)
at com.Shanon.pages.HomePage.LeadsTab(HomePage.java:29)
at com.Shanon.pages.HomePage.LeadsTab(HomePage.java:29)
at com.Shanon.pages.HomePage.LeadsTab(HomePage.java:29)
at com.Shanon.pages.HomePage.LeadsTab(HomePage.java:29)
at com.Shanon.pages.HomePage.LeadsTab(HomePage.java:29)
at com.Shanon.pages.HomePage.LeadsTab(HomePage.java:29)
at com.Shanon.pages.HomePage.LeadsTab(HomePage.java:29)
at com.Shanon.pages.HomePage.LeadsTab(HomePage.java:29)
at com.Shanon.pages.HomePage.LeadsTab(HomePage.java:29)
at com.Shanon.pages.HomePage.LeadsTab(HomePage.java:29)
at com.Shanon.pages.HomePage.LeadsTab(HomePage.java:29)
at com.Shanon.pages.HomePage.LeadsTab(HomePage.java:29)
at com.Shanon.pages.HomePage.LeadsTab(HomePage.java:29)
at com.Shanon.pages.HomePage.LeadsTab(HomePage.java:29)
at com.Shanon.pages.HomePage.LeadsTab(HomePage.java:29)
at com.Shanon.pages.HomePage.LeadsTab(HomePage.java:29)
at com.Shanon.pages.HomePage.LeadsTab(HomePage.java:29)
at com.Shanon.pages.HomePage.LeadsTab(HomePage.java:29)
at com.Shanon.pages.HomePage.LeadsTab(HomePage.java:29)
at com.Shanon.pages.HomePage.LeadsTab(HomePage.java:29)
at com.Shanon.pages.HomePage.LeadsTab(HomePage.java:29)
at com.Shanon.pages.HomePage.LeadsTab(HomePage.java:29)
at com.Shanon.pages.HomePage.LeadsTab(HomePage.java:29)
at com.Shanon.pages.HomePage.LeadsTab(HomePage.java:29)
at com.Shanon.pages.HomePage.LeadsTab(HomePage.java:29)
at com.Shanon.pages.HomePage.LeadsTab(HomePage.java:29)
at com.Shanon.pages.HomePage.LeadsTab(HomePage.java:29)
at com.Shanon.pages.HomePage.LeadsTab(HomePage.java:29)
at com.Shanon.pages.HomePage.LeadsTab(HomePage.java:29)
at com.Shanon.pages.HomePage.LeadsTab(HomePage.java:29)
at com.Shanon.pages.HomePage.LeadsTab(HomePage.java:29)
at com.Shanon.pages.HomePage.LeadsTab(HomePage.java:29)
at com.Shanon.pages.HomePage.LeadsTab(HomePage.java:29)
at com.Shanon.pages.HomePage.LeadsTab(HomePage.java:29)
at com.Shanon.pages.HomePage.LeadsTab(HomePage.java:29)
at com.Shanon.pages.HomePage.LeadsTab(HomePage.java:29)
at com.Shanon.pages.HomePage.LeadsTab(HomePage.java:29)
at com.Shanon.pages.HomePage.LeadsTab(HomePage.java:29)
at com.Shanon.pages.HomePage.LeadsTab(HomePage.java:29)
at com.Shanon.pages.HomePage.LeadsTab(HomePage.java:29)
at com.Shanon.pages.HomePage.LeadsTab(HomePage.java:29)
at com.Shanon.pages.HomePage.LeadsTab(HomePage.java:29)
at com.Shanon.pages.HomePage.LeadsTab(HomePage.java:29)
at com.Shanon.pages.HomePage.LeadsTab(HomePage.java:29)
at com.Shanon.pages.HomePage.LeadsTab(HomePage.java:29)
at com.Shanon.pages.HomePage.LeadsTab(HomePage.java:29)
at com.Shanon.pages.HomePage.LeadsTab(HomePage.java:29)
at com.Shanon.pages.HomePage.LeadsTab(HomePage.java:29)
at com.Shanon.pages.HomePage.LeadsTab(HomePage.java:29)
at com.Shanon.pages.HomePage.LeadsTab(HomePage.java:29)
at com.Shanon.pages.HomePage.LeadsTab(HomePage.java:29)
at com.Shanon.pages.HomePage.LeadsTab(HomePage.java:29)
at com.Shanon.pages.HomePage.LeadsTab(HomePage.java:29)
at com.Shanon.pages.HomePage.LeadsTab(HomePage.java:29)
at com.Shanon.pages.HomePage.LeadsTab(HomePage.java:29)
at com.Shanon.pages.HomePage.LeadsTab(HomePage.java:29)
at com.Shanon.pages.HomePage.LeadsTab(HomePage.java:29)
at com.Shanon.pages.HomePage.LeadsTab(HomePage.java:29)
at com.Shanon.pages.HomePage.LeadsTab(HomePage.java:29)
at com.Shanon.pages.HomePage.LeadsTab(HomePage.java:29)
at com.Shanon.pages.HomePage.LeadsTab(HomePage.java:29)
at com.Shanon.pages.HomePage.LeadsTab(HomePage.java:29)
at com.Shanon.pages.HomePage.LeadsTab(HomePage.java:29)
at com.Shanon.pages.HomePage.LeadsTab(HomePage.java:29)
at com.Shanon.pages.HomePage.LeadsTab(HomePage.java:29)
at com.Shanon.pages.HomePage.LeadsTab(HomePage.java:29)
at com.Shanon.pages.HomePage.LeadsTab(HomePage.java:29)
at com.Shanon.pages.HomePage.LeadsTab(HomePage.java:29)
at com.Shanon.pages.HomePage.LeadsTab(HomePage.java:29)
at com.Shanon.pages.HomePage.LeadsTab(HomePage.java:29)
at com.Shanon.pages.HomePage.LeadsTab(HomePage.java:29)
at com.Shanon.pages.HomePage.LeadsTab(HomePage.java:29)
at com.Shanon.pages.HomePage.LeadsTab(HomePage.java:29)
at com.Shanon.pages.HomePage.LeadsTab(HomePage.java:29)
at com.Shanon.pages.HomePage.LeadsTab(HomePage.java:29)
at com.Shanon.pages.HomePage.LeadsTab(HomePage.java:29)
at com.Shanon.pages.HomePage.LeadsTab(HomePage.java:29)
at com.Shanon.pages.HomePage.LeadsTab(HomePage.java:29)
at com.Shanon.pages.HomePage.LeadsTab(HomePage.java:29)
at com.Shanon.pages.HomePage.LeadsTab(HomePage.java:29)
at com.Shanon.pages.HomePage.LeadsTab(HomePage.java:29)
at com.Shanon.pages.HomePage.LeadsTab(HomePage.java:29)
at com.Shanon.pages.HomePage.LeadsTab(HomePage.java:29)
at com.Shanon.pages.HomePage.LeadsTab(HomePage.java:29)
at com.Shanon.pages.HomePage.LeadsTab(HomePage.java:29)
at com.Shanon.pages.HomePage.LeadsTab(HomePage.java:29)
at com.Shanon.pages.HomePage.LeadsTab(HomePage.java:29)
at com.Shanon.pages.HomePage.LeadsTab(HomePage.java:29)
at com.Shanon.pages.HomePage.LeadsTab(HomePage.java:29)
at com.Shanon.pages.HomePage.LeadsTab(HomePage.java:29)
at com.Shanon.pages.HomePage.LeadsTab(HomePage.java:29)
at com.Shanon.pages.HomePage.LeadsTab(HomePage.java:29)
at com.Shanon.pages.HomePage.LeadsTab(HomePage.java:29)
at com.Shanon.pages.HomePage.LeadsTab(HomePage.java:29)
at com.Shanon.pages.HomePage.LeadsTab(HomePage.java:29)
at com.Shanon.pages.HomePage.LeadsTab(HomePage.java:29)
at com.Shanon.pages.HomePage.LeadsTab(HomePage.java:29)
at com.Shanon.pages.HomePage.LeadsTab(HomePage.java:29)
at com.Shanon.pages.HomePage.LeadsTab(HomePage.java:29)
at com.Shanon.pages.HomePage.LeadsTab(HomePage.java:29)
at com.Shanon.pages.HomePage.LeadsTab(HomePage.java:29)
at com.Shanon.pages.HomePage.LeadsTab(HomePage.java:29)
at com.Shanon.pages.HomePage.LeadsTab(HomePage.java:29)
at com.Shanon.pages.HomePage.LeadsTab(HomePage.java:29)
at com.Shanon.pages.HomePage.LeadsTab(HomePage.java:29)
at com.Shanon.pages.HomePage.LeadsTab(HomePage.java:29)
at com.Shanon.pages.HomePage.LeadsTab(HomePage.java:29)
at com.Shanon.pages.HomePage.LeadsTab(HomePage.java:29)
at com.Shanon.pages.HomePage.LeadsTab(HomePage.java:29)
at com.Shanon.pages.HomePage.LeadsTab(HomePage.java:29)
at com.Shanon.pages.HomePage.LeadsTab(HomePage.java:29)
at com.Shanon.pages.HomePage.LeadsTab(HomePage.java:29)
at com.Shanon.pages.HomePage.LeadsTab(HomePage.java:29)
at com.Shanon.pages.HomePage.LeadsTab(HomePage.java:29)
at com.Shanon.pages.HomePage.LeadsTab(HomePage.java:29)
at com.Shanon.pages.HomePage.LeadsTab(HomePage.java:29)
at com.Shanon.pages.HomePage.LeadsTab(HomePage.java:29)
at com.Shanon.pages.HomePage.LeadsTab(HomePage.java:29)
at com.Shanon.pages.HomePage.LeadsTab(HomePage.java:29)
at com.Shanon.pages.HomePage.LeadsTab(HomePage.java:29)
at com.Shanon.pages.HomePage.LeadsTab(HomePage.java:29)
at com.Shanon.pages.HomePage.LeadsTab(HomePage.java:29)
at com.Shanon.pages.HomePage.LeadsTab(HomePage.java:29)
at com.Shanon.pages.HomePage.LeadsTab(HomePage.java:29)
at com.Shanon.pages.HomePage.LeadsTab(HomePage.java:29)
at com.Shanon.pages.HomePage.LeadsTab(HomePage.java:29)
at com.Shanon.pages.HomePage.LeadsTab(HomePage.java:29)
at com.Shanon.pages.HomePage.LeadsTab(HomePage.java:29)
at com.Shanon.pages.HomePage.LeadsTab(HomePage.java:29)
at com.Shanon.pages.HomePage.LeadsTab(HomePage.java:29)
at com.Shanon.pages.HomePage.LeadsTab(HomePage.java:29)
at com.Shanon.pages.HomePage.LeadsTab(HomePage.java:29)
at com.Shanon.pages.HomePage.LeadsTab(HomePage.java:29)
at com.Shanon.pages.HomePage.LeadsTab(HomePage.java:29)
at com.Shanon.pages.HomePage.LeadsTab(HomePage.java:29)
at com.Shanon.pages.HomePage.LeadsTab(HomePage.java:29)
at com.Shanon.pages.HomePage.LeadsTab(HomePage.java:29)
at com.Shanon.pages.HomePage.LeadsTab(HomePage.java:29)
at com.Shanon.pages.HomePage.LeadsTab(HomePage.java:29)
at com.Shanon.pages.HomePage.LeadsTab(HomePage.java:29)
at com.Shanon.pages.HomePage.LeadsTab(HomePage.java:29)
at com.Shanon.pages.HomePage.LeadsTab(HomePage.java:29)
at com.Shanon.pages.HomePage.LeadsTab(HomePage.java:29)
at com.Shanon.pages.HomePage.LeadsTab(HomePage.java:29)
at com.Shanon.pages.HomePage.LeadsTab(HomePage.java:29)
at com.Shanon.pages.HomePage.LeadsTab(HomePage.java:29)
at com.Shanon.pages.HomePage.LeadsTab(HomePage.java:29)
at com.Shanon.pages.HomePage.LeadsTab(HomePage.java:29)
at com.Shanon.pages.HomePage.LeadsTab(HomePage.java:29)
at com.Shanon.pages.HomePage.LeadsTab(HomePage.java:29)
at com.Shanon.pages.HomePage.LeadsTab(HomePage.java:29)
at com.Shanon.pages.HomePage.LeadsTab(HomePage.java:29)
at com.Shanon.pages.HomePage.LeadsTab(HomePage.java:29)
at com.Shanon.pages.HomePage.LeadsTab(HomePage.java:29)
at com.Shanon.pages.HomePage.LeadsTab(HomePage.java:29)
at com.Shanon.pages.HomePage.LeadsTab(HomePage.java:29)
at com.Shanon.pages.HomePage.LeadsTab(HomePage.java:29)
at com.Shanon.pages.HomePage.LeadsTab(HomePage.java:29)
at com.Shanon.pages.HomePage.LeadsTab(HomePage.java:29)
at com.Shanon.pages.HomePage.LeadsTab(HomePage.java:29)
at com.Shanon.pages.HomePage.LeadsTab(HomePage.java:29)
at com.Shanon.pages.HomePage.LeadsTab(HomePage.java:29)
at com.Shanon.pages.HomePage.LeadsTab(HomePage.java:29)
at com.Shanon.pages.HomePage.LeadsTab(HomePage.java:29)
at com.Shanon.pages.HomePage.LeadsTab(HomePage.java:29)
at com.Shanon.pages.HomePage.LeadsTab(HomePage.java:29)
at com.Shanon.pages.HomePage.LeadsTab(HomePage.java:29)
at com.Shanon.pages.HomePage.LeadsTab(HomePage.java:29)
at com.Shanon.pages.HomePage.LeadsTab(HomePage.java:29)
at com.Shanon.pages.HomePage.LeadsTab(HomePage.java:29)
at com.Shanon.pages.HomePage.LeadsTab(HomePage.java:29)
at com.Shanon.pages.HomePage.LeadsTab(HomePage.java:29)
at com.Shanon.pages.HomePage.LeadsTab(HomePage.java:29)
at com.Shanon.pages.HomePage.LeadsTab(HomePage.java:29)
at com.Shanon.pages.HomePage.LeadsTab(HomePage.java:29)
at com.Shanon.pages.HomePage.LeadsTab(HomePage.java:29)
at com.Shanon.pages.HomePage.LeadsTab(HomePage.java:29)
at com.Shanon.pages.HomePage.LeadsTab(HomePage.java:29)
at com.Shanon.pages.HomePage.LeadsTab(HomePage.java:29)
at com.Shanon.pages.HomePage.LeadsTab(HomePage.java:29)
at com.Shanon.pages.HomePage.LeadsTab(HomePage.java:29)
at com.Shanon.pages.HomePage.LeadsTab(HomePage.java:29)
at com.Shanon.pages.HomePage.LeadsTab(HomePage.java:29)
at com.Shanon.pages.HomePage.LeadsTab(HomePage.java:29)
at com.Shanon.pages.HomePage.LeadsTab(HomePage.java:29)
at com.Shanon.pages.HomePage.LeadsTab(HomePage.java:29)
at com.Shanon.pages.HomePage.LeadsTab(HomePage.java:29)
at com.Shanon.pages.HomePage.LeadsTab(HomePage.java:29)
at com.Shanon.pages.HomePage.LeadsTab(HomePage.java:29)
at com.Shanon.pages.HomePage.LeadsTab(HomePage.java:29)
at com.Shanon.pages.HomePage.LeadsTab(HomePage.java:29)
at com.Shanon.pages.HomePage.LeadsTab(HomePage.java:29)
at com.Shanon.pages.HomePage.LeadsTab(HomePage.java:29)
at com.Shanon.pages.HomePage.LeadsTab(HomePage.java:29)
at com.Shanon.pages.HomePage.LeadsTab(HomePage.java:29)
at com.Shanon.pages.HomePage.LeadsTab(HomePage.java:29)
at com.Shanon.pages.HomePage.LeadsTab(HomePage.java:29)
at com.Shanon.pages.HomePage.LeadsTab(HomePage.java:29)
at com.Shanon.pages.HomePage.LeadsTab(HomePage.java:29)
at com.Shanon.pages.HomePage.LeadsTab(HomePage.java:29)
at com.Shanon.pages.HomePage.LeadsTab(HomePage.java:29)
at com.Shanon.pages.HomePage.LeadsTab(HomePage.java:29)
at com.Shanon.pages.HomePage.LeadsTab(HomePage.java:29)
at com.Shanon.pages.HomePage.LeadsTab(HomePage.java:29)
at com.Shanon.pages.HomePage.LeadsTab(HomePage.java:29)
at com.Shanon.pages.HomePage.LeadsTab(HomePage.java:29)
at com.Shanon.pages.HomePage.LeadsTab(HomePage.java:29)
at com.Shanon.pages.HomePage.LeadsTab(HomePage.java:29)
at com.Shanon.pages.HomePage.LeadsTab(HomePage.java:29)
at com.Shanon.pages.HomePage.LeadsTab(HomePage.java:29)
at com.Shanon.pages.HomePage.LeadsTab(HomePage.java:29)
at com.Shanon.pages.HomePage.LeadsTab(HomePage.java:29)
at com.Shanon.pages.HomePage.LeadsTab(HomePage.java:29)
at com.Shanon.pages.HomePage.LeadsTab(HomePage.java:29)
at com.Shanon.pages.HomePage.LeadsTab(HomePage.java:29)
at com.Shanon.pages.HomePage.LeadsTab(HomePage.java:29)
at com.Shanon.pages.HomePage.LeadsTab(HomePage.java:29)
at com.Shanon.pages.HomePage.LeadsTab(HomePage.java:29)
at com.Shanon.pages.HomePage.LeadsTab(HomePage.java:29)
at com.Shanon.pages.HomePage.LeadsTab(HomePage.java:29)
at com.Shanon.pages.HomePage.LeadsTab(HomePage.java:29)
at com.Shanon.pages.HomePage.LeadsTab(HomePage.java:29)
at com.Shanon.pages.HomePage.LeadsTab(HomePage.java:29)
at com.Shanon.pages.HomePage.LeadsTab(HomePage.java:29)
at com.Shanon.pages.HomePage.LeadsTab(HomePage.java:29)
at com.Shanon.pages.HomePage.LeadsTab(HomePage.java:29)
at com.Shanon.pages.HomePage.LeadsTab(HomePage.java:29)
at com.Shanon.pages.HomePage.LeadsTab(HomePage.java:29)
at com.Shanon.pages.HomePage.LeadsTab(HomePage.java:29)
at com.Shanon.pages.HomePage.LeadsTab(HomePage.java:29)
at com.Shanon.pages.HomePage.LeadsTab(HomePage.java:29)
at com.Shanon.pages.HomePage.LeadsTab(HomePage.java:29)
at com.Shanon.pages.HomePage.LeadsTab(HomePage.java:29)
at com.Shanon.pages.HomePage.LeadsTab(HomePage.java:29)
at com.Shanon.pages.HomePage.LeadsTab(HomePage.java:29)
at com.Shanon.pages.HomePage.LeadsTab(HomePage.java:29)
at com.Shanon.pages.HomePage.LeadsTab(HomePage.java:29)
at com.Shanon.pages.HomePage.LeadsTab(HomePage.java:29)
at com.Shanon.pages.HomePage.LeadsTab(HomePage.java:29)
at com.Shanon.pages.HomePage.LeadsTab(HomePage.java:29)
at com.Shanon.pages.HomePage.LeadsTab(HomePage.java:29)
at com.Shanon.pages.HomePage.LeadsTab(HomePage.java:29)
at com.Shanon.pages.HomePage.LeadsTab(HomePage.java:29)
at com.Shanon.pages.HomePage.LeadsTab(HomePage.java:29)
at com.Shanon.pages.HomePage.LeadsTab(HomePage.java:29)
at com.Shanon.pages.HomePage.LeadsTab(HomePage.java:29)
at com.Shanon.pages.HomePage.LeadsTab(HomePage.java:29)
at com.Shanon.pages.HomePage.LeadsTab(HomePage.java:29)
at com.Shanon.pages.HomePage.LeadsTab(HomePage.java:29)
at com.Shanon.pages.HomePage.LeadsTab(HomePage.java:29)
at com.Shanon.pages.HomePage.LeadsTab(HomePage.java:29)
at com.Shanon.pages.HomePage.LeadsTab(HomePage.java:29)
at com.Shanon.pages.HomePage.LeadsTab(HomePage.java:29)
at com.Shanon.pages.HomePage.LeadsTab(HomePage.java:29)
at com.Shanon.pages.HomePage.LeadsTab(HomePage.java:29)
at com.Shanon.pages.HomePage.LeadsTab(HomePage.java:29)
]]>
            </full-stacktrace>
          </exception> <!-- java.lang.StackOverflowError -->
          <reporter-output>
            <line>
              <![CDATA[verifyLeadsTabTest method started]]>
            </line>
            <line>
              <![CDATA[CRM HOME PAGE is Displayed]]>
            </line>
            <line>
              <![CDATA[verifyLeadsTabTest method FAILED]]>
            </line>
          </reporter-output>
        </test-method> <!-- verifyLeadsTabTest -->
      </class> <!-- com.Shanon.Leads.VerifyLeads -->
      <class name="com.Shanon.Leads.VerifyDashbords">
        <test-method signature="verifyDashboardsTabTest()[pri:0, instance:com.Shanon.Leads.VerifyDashbords@10feca44]" started-at="2022-06-15T01:11:39 IST" name="verifyDashboardsTabTest" finished-at="2022-06-15T01:11:59 IST" duration-ms="20017" status="FAIL">
          <exception class="org.openqa.selenium.NoSuchElementException">
            <message>
              <![CDATA[no such element: Unable to locate element: {"method":"css selector","selector":"#userName"}
  (Session info: chrome=102.0.5005.115)
For documentation on this error, please visit: https://selenium.dev/exceptions/#no_such_element
Build info: version: '4.1.2', revision: '9a5a329c5a'
System info: host: 'LAPTOP-FUQ7CI23', ip: '192.168.0.101', os.name: 'Windows 11', os.arch: 'amd64', os.version: '10.0', java.version: '17.0.2'
Driver info: org.openqa.selenium.chrome.ChromeDriver
Command: [949dda4d36ccf5a8125bbdb2d58acae0, findElement {using=id, value=userName}]
Capabilities {acceptInsecureCerts: false, browserName: chrome, browserVersion: 102.0.5005.115, chrome: {chromedriverVersion: 101.0.4951.41 (93c720db8323..., userDataDir: C:\Users\Ram\AppData\Local\...}, goog:chromeOptions: {debuggerAddress: localhost:51814}, javascriptEnabled: true, networkConnectionEnabled: false, pageLoadStrategy: normal, platform: WINDOWS, platformName: WINDOWS, proxy: Proxy(), se:cdp: ws://localhost:51814/devtoo..., se:cdpVersion: 102.0.5005.115, setWindowRect: true, strictFileInteractability: false, timeouts: {implicit: 0, pageLoad: 300000, script: 30000}, unhandledPromptBehavior: dismiss and notify, webauthn:extension:credBlob: true, webauthn:extension:largeBlob: true, webauthn:virtualAuthenticators: true}
Session ID: 949dda4d36ccf5a8125bbdb2d58acae0]]>
            </message>
            <full-stacktrace>
              <![CDATA[org.openqa.selenium.NoSuchElementException: no such element: Unable to locate element: {"method":"css selector","selector":"#userName"}
  (Session info: chrome=102.0.5005.115)
For documentation on this error, please visit: https://selenium.dev/exceptions/#no_such_element
Build info: version: '4.1.2', revision: '9a5a329c5a'
System info: host: 'LAPTOP-FUQ7CI23', ip: '192.168.0.101', os.name: 'Windows 11', os.arch: 'amd64', os.version: '10.0', java.version: '17.0.2'
Driver info: org.openqa.selenium.chrome.ChromeDriver
Command: [949dda4d36ccf5a8125bbdb2d58acae0, findElement {using=id, value=userName}]
Capabilities {acceptInsecureCerts: false, browserName: chrome, browserVersion: 102.0.5005.115, chrome: {chromedriverVersion: 101.0.4951.41 (93c720db8323..., userDataDir: C:\Users\Ram\AppData\Local\...}, goog:chromeOptions: {debuggerAddress: localhost:51814}, javascriptEnabled: true, networkConnectionEnabled: false, pageLoadStrategy: normal, platform: WINDOWS, platformName: WINDOWS, proxy: Proxy(), se:cdp: ws://localhost:51814/devtoo..., se:cdpVersion: 102.0.5005.115, setWindowRect: true, strictFileInteractability: false, timeouts: {implicit: 0, pageLoad: 300000, script: 30000}, unhandledPromptBehavior: dismiss and notify, webauthn:extension:credBlob: true, webauthn:extension:largeBlob: true, webauthn:virtualAuthenticators: true}
Session ID: 949dda4d36ccf5a8125bbdb2d58acae0
at java.base/jdk.internal.reflect.NativeConstructorAccessorImpl.newInstance0(Native Method)
at java.base/jdk.internal.reflect.NativeConstructorAccessorImpl.newInstance(NativeConstructorAccessorImpl.java:77)
at java.base/jdk.internal.reflect.DelegatingConstructorAccessorImpl.newInstance(DelegatingConstructorAccessorImpl.java:45)
at java.base/java.lang.reflect.Constructor.newInstanceWithCaller(Constructor.java:499)
at java.base/java.lang.reflect.Constructor.newInstance(Constructor.java:480)
at org.openqa.selenium.remote.codec.w3c.W3CHttpResponseCodec.createException(W3CHttpResponseCodec.java:200)
at org.openqa.selenium.remote.codec.w3c.W3CHttpResponseCodec.decode(W3CHttpResponseCodec.java:133)
at org.openqa.selenium.remote.codec.w3c.W3CHttpResponseCodec.decode(W3CHttpResponseCodec.java:53)
at org.openqa.selenium.remote.HttpCommandExecutor.execute(HttpCommandExecutor.java:184)
at org.openqa.selenium.remote.service.DriverCommandExecutor.invokeExecute(DriverCommandExecutor.java:167)
at org.openqa.selenium.remote.service.DriverCommandExecutor.execute(DriverCommandExecutor.java:142)
at org.openqa.selenium.remote.RemoteWebDriver.execute(RemoteWebDriver.java:558)
at org.openqa.selenium.remote.ElementLocation$ElementFinder$2.findElement(ElementLocation.java:162)
at org.openqa.selenium.remote.ElementLocation.findElement(ElementLocation.java:60)
at org.openqa.selenium.remote.RemoteWebDriver.findElement(RemoteWebDriver.java:382)
at org.openqa.selenium.remote.RemoteWebDriver.findElement(RemoteWebDriver.java:374)
at org.openqa.selenium.support.pagefactory.DefaultElementLocator.findElement(DefaultElementLocator.java:70)
at org.openqa.selenium.support.pagefactory.internal.LocatingElementHandler.invoke(LocatingElementHandler.java:39)
at jdk.proxy2/jdk.proxy2.$Proxy17.sendKeys(Unknown Source)
at com.Shanon.pages.SignInPage.signIn(SignInPage.java:49)
at com.Shanon.login.ValidLogin.loginToApp(ValidLogin.java:29)
at com.Shanon.Leads.VerifyDashbords.verifyDashboardsTabTest(VerifyDashbords.java:17)
at java.base/jdk.internal.reflect.NativeMethodAccessorImpl.invoke0(Native Method)
at java.base/jdk.internal.reflect.NativeMethodAccessorImpl.invoke(NativeMethodAccessorImpl.java:77)
at java.base/jdk.internal.reflect.DelegatingMethodAccessorImpl.invoke(DelegatingMethodAccessorImpl.java:43)
at java.base/java.lang.reflect.Method.invoke(Method.java:568)
at org.testng.internal.MethodInvocationHelper.invokeMethod(MethodInvocationHelper.java:133)
at org.testng.internal.TestInvoker.invokeMethod(TestInvoker.java:598)
at org.testng.internal.TestInvoker.invokeTestMethod(TestInvoker.java:173)
at org.testng.internal.MethodRunner.runInSequence(MethodRunner.java:46)
at org.testng.internal.TestInvoker$MethodInvocationAgent.invoke(TestInvoker.java:824)
at org.testng.internal.TestInvoker.invokeTestMethods(TestInvoker.java:146)
at org.testng.internal.TestMethodWorker.invokeTestMethods(TestMethodWorker.java:146)
at org.testng.internal.TestMethodWorker.run(TestMethodWorker.java:128)
at java.base/java.util.ArrayList.forEach(ArrayList.java:1511)
at org.testng.TestRunner.privateRun(TestRunner.java:794)
at org.testng.TestRunner.run(TestRunner.java:596)
at org.testng.SuiteRunner.runTest(SuiteRunner.java:377)
at org.testng.SuiteRunner.runSequentially(SuiteRunner.java:371)
at org.testng.SuiteRunner.privateRun(SuiteRunner.java:332)
at org.testng.SuiteRunner.run(SuiteRunner.java:276)
at org.testng.SuiteRunnerWorker.runSuite(SuiteRunnerWorker.java:53)
at org.testng.SuiteRunnerWorker.run(SuiteRunnerWorker.java:96)
at org.testng.TestNG.runSuitesSequentially(TestNG.java:1212)
at org.testng.TestNG.runSuitesLocally(TestNG.java:1134)
at org.testng.TestNG.runSuites(TestNG.java:1063)
at org.testng.TestNG.run(TestNG.java:1031)
at org.testng.remote.AbstractRemoteTestNG.run(AbstractRemoteTestNG.java:115)
at org.testng.remote.RemoteTestNG.initAndRun(RemoteTestNG.java:251)
at org.testng.remote.RemoteTestNG.main(RemoteTestNG.java:77)
]]>
            </full-stacktrace>
          </exception> <!-- org.openqa.selenium.NoSuchElementException -->
          <reporter-output>
            <line>
              <![CDATA[verifyDashboardsTabTest method started]]>
            </line>
            <line>
              <![CDATA[verifyDashboardsTabTest method FAILED]]>
            </line>
          </reporter-output>
        </test-method> <!-- verifyDashboardsTabTest -->
      </class> <!-- com.Shanon.Leads.VerifyDashbords -->
      <class name="com.Shanon.Leads.VerifyLeadCreation">
        <test-method is-config="true" signature="openBrowser()[pri:0, instance:com.Shanon.Leads.VerifyLeadCreation@37654521]" started-at="2022-06-15T01:11:34 IST" name="openBrowser" finished-at="2022-06-15T01:11:36 IST" duration-ms="2026" status="PASS">
          <reporter-output>
            <line>
              <![CDATA[LOGIN PAGE is Displayed]]>
            </line>
          </reporter-output>
        </test-method> <!-- openBrowser -->
        <test-method signature="createNewLeadTest()[pri:0, instance:com.Shanon.Leads.VerifyLeadCreation@37654521]" started-at="2022-06-15T01:11:36 IST" name="createNewLeadTest" finished-at="2022-06-15T01:11:37 IST" duration-ms="609" status="FAIL">
          <exception class="java.lang.StackOverflowError">
            <full-stacktrace>
              <![CDATA[java.lang.StackOverflowError
at com.Shanon.pages.HomePage.LeadsTab(HomePage.java:29)
at com.Shanon.pages.HomePage.LeadsTab(HomePage.java:29)
at com.Shanon.pages.HomePage.LeadsTab(HomePage.java:29)
at com.Shanon.pages.HomePage.LeadsTab(HomePage.java:29)
at com.Shanon.pages.HomePage.LeadsTab(HomePage.java:29)
at com.Shanon.pages.HomePage.LeadsTab(HomePage.java:29)
at com.Shanon.pages.HomePage.LeadsTab(HomePage.java:29)
at com.Shanon.pages.HomePage.LeadsTab(HomePage.java:29)
at com.Shanon.pages.HomePage.LeadsTab(HomePage.java:29)
at com.Shanon.pages.HomePage.LeadsTab(HomePage.java:29)
at com.Shanon.pages.HomePage.LeadsTab(HomePage.java:29)
at com.Shanon.pages.HomePage.LeadsTab(HomePage.java:29)
at com.Shanon.pages.HomePage.LeadsTab(HomePage.java:29)
at com.Shanon.pages.HomePage.LeadsTab(HomePage.java:29)
at com.Shanon.pages.HomePage.LeadsTab(HomePage.java:29)
at com.Shanon.pages.HomePage.LeadsTab(HomePage.java:29)
at com.Shanon.pages.HomePage.LeadsTab(HomePage.java:29)
at com.Shanon.pages.HomePage.LeadsTab(HomePage.java:29)
at com.Shanon.pages.HomePage.LeadsTab(HomePage.java:29)
at com.Shanon.pages.HomePage.LeadsTab(HomePage.java:29)
at com.Shanon.pages.HomePage.LeadsTab(HomePage.java:29)
at com.Shanon.pages.HomePage.LeadsTab(HomePage.java:29)
at com.Shanon.pages.HomePage.LeadsTab(HomePage.java:29)
at com.Shanon.pages.HomePage.LeadsTab(HomePage.java:29)
at com.Shanon.pages.HomePage.LeadsTab(HomePage.java:29)
at com.Shanon.pages.HomePage.LeadsTab(HomePage.java:29)
at com.Shanon.pages.HomePage.LeadsTab(HomePage.java:29)
at com.Shanon.pages.HomePage.LeadsTab(HomePage.java:29)
at com.Shanon.pages.HomePage.LeadsTab(HomePage.java:29)
at com.Shanon.pages.HomePage.LeadsTab(HomePage.java:29)
at com.Shanon.pages.HomePage.LeadsTab(HomePage.java:29)
at com.Shanon.pages.HomePage.LeadsTab(HomePage.java:29)
at com.Shanon.pages.HomePage.LeadsTab(HomePage.java:29)
at com.Shanon.pages.HomePage.LeadsTab(HomePage.java:29)
at com.Shanon.pages.HomePage.LeadsTab(HomePage.java:29)
at com.Shanon.pages.HomePage.LeadsTab(HomePage.java:29)
at com.Shanon.pages.HomePage.LeadsTab(HomePage.java:29)
at com.Shanon.pages.HomePage.LeadsTab(HomePage.java:29)
at com.Shanon.pages.HomePage.LeadsTab(HomePage.java:29)
at com.Shanon.pages.HomePage.LeadsTab(HomePage.java:29)
at com.Shanon.pages.HomePage.LeadsTab(HomePage.java:29)
at com.Shanon.pages.HomePage.LeadsTab(HomePage.java:29)
at com.Shanon.pages.HomePage.LeadsTab(HomePage.java:29)
at com.Shanon.pages.HomePage.LeadsTab(HomePage.java:29)
at com.Shanon.pages.HomePage.LeadsTab(HomePage.java:29)
at com.Shanon.pages.HomePage.LeadsTab(HomePage.java:29)
at com.Shanon.pages.HomePage.LeadsTab(HomePage.java:29)
at com.Shanon.pages.HomePage.LeadsTab(HomePage.java:29)
at com.Shanon.pages.HomePage.LeadsTab(HomePage.java:29)
at com.Shanon.pages.HomePage.LeadsTab(HomePage.java:29)
at com.Shanon.pages.HomePage.LeadsTab(HomePage.java:29)
at com.Shanon.pages.HomePage.LeadsTab(HomePage.java:29)
at com.Shanon.pages.HomePage.LeadsTab(HomePage.java:29)
at com.Shanon.pages.HomePage.LeadsTab(HomePage.java:29)
at com.Shanon.pages.HomePage.LeadsTab(HomePage.java:29)
at com.Shanon.pages.HomePage.LeadsTab(HomePage.java:29)
at com.Shanon.pages.HomePage.LeadsTab(HomePage.java:29)
at com.Shanon.pages.HomePage.LeadsTab(HomePage.java:29)
at com.Shanon.pages.HomePage.LeadsTab(HomePage.java:29)
at com.Shanon.pages.HomePage.LeadsTab(HomePage.java:29)
at com.Shanon.pages.HomePage.LeadsTab(HomePage.java:29)
at com.Shanon.pages.HomePage.LeadsTab(HomePage.java:29)
at com.Shanon.pages.HomePage.LeadsTab(HomePage.java:29)
at com.Shanon.pages.HomePage.LeadsTab(HomePage.java:29)
at com.Shanon.pages.HomePage.LeadsTab(HomePage.java:29)
at com.Shanon.pages.HomePage.LeadsTab(HomePage.java:29)
at com.Shanon.pages.HomePage.LeadsTab(HomePage.java:29)
at com.Shanon.pages.HomePage.LeadsTab(HomePage.java:29)
at com.Shanon.pages.HomePage.LeadsTab(HomePage.java:29)
at com.Shanon.pages.HomePage.LeadsTab(HomePage.java:29)
at com.Shanon.pages.HomePage.LeadsTab(HomePage.java:29)
at com.Shanon.pages.HomePage.LeadsTab(HomePage.java:29)
at com.Shanon.pages.HomePage.LeadsTab(HomePage.java:29)
at com.Shanon.pages.HomePage.LeadsTab(HomePage.java:29)
at com.Shanon.pages.HomePage.LeadsTab(HomePage.java:29)
at com.Shanon.pages.HomePage.LeadsTab(HomePage.java:29)
at com.Shanon.pages.HomePage.LeadsTab(HomePage.java:29)
at com.Shanon.pages.HomePage.LeadsTab(HomePage.java:29)
at com.Shanon.pages.HomePage.LeadsTab(HomePage.java:29)
at com.Shanon.pages.HomePage.LeadsTab(HomePage.java:29)
at com.Shanon.pages.HomePage.LeadsTab(HomePage.java:29)
at com.Shanon.pages.HomePage.LeadsTab(HomePage.java:29)
at com.Shanon.pages.HomePage.LeadsTab(HomePage.java:29)
at com.Shanon.pages.HomePage.LeadsTab(HomePage.java:29)
at com.Shanon.pages.HomePage.LeadsTab(HomePage.java:29)
at com.Shanon.pages.HomePage.LeadsTab(HomePage.java:29)
at com.Shanon.pages.HomePage.LeadsTab(HomePage.java:29)
at com.Shanon.pages.HomePage.LeadsTab(HomePage.java:29)
at com.Shanon.pages.HomePage.LeadsTab(HomePage.java:29)
at com.Shanon.pages.HomePage.LeadsTab(HomePage.java:29)
at com.Shanon.pages.HomePage.LeadsTab(HomePage.java:29)
at com.Shanon.pages.HomePage.LeadsTab(HomePage.java:29)
at com.Shanon.pages.HomePage.LeadsTab(HomePage.java:29)
at com.Shanon.pages.HomePage.LeadsTab(HomePage.java:29)
at com.Shanon.pages.HomePage.LeadsTab(HomePage.java:29)
at com.Shanon.pages.HomePage.LeadsTab(HomePage.java:29)
at com.Shanon.pages.HomePage.LeadsTab(HomePage.java:29)
at com.Shanon.pages.HomePage.LeadsTab(HomePage.java:29)
at com.Shanon.pages.HomePage.LeadsTab(HomePage.java:29)
at com.Shanon.pages.HomePage.LeadsTab(HomePage.java:29)
at com.Shanon.pages.HomePage.LeadsTab(HomePage.java:29)
at com.Shanon.pages.HomePage.LeadsTab(HomePage.java:29)
at com.Shanon.pages.HomePage.LeadsTab(HomePage.java:29)
at com.Shanon.pages.HomePage.LeadsTab(HomePage.java:29)
at com.Shanon.pages.HomePage.LeadsTab(HomePage.java:29)
at com.Shanon.pages.HomePage.LeadsTab(HomePage.java:29)
at com.Shanon.pages.HomePage.LeadsTab(HomePage.java:29)
at com.Shanon.pages.HomePage.LeadsTab(HomePage.java:29)
at com.Shanon.pages.HomePage.LeadsTab(HomePage.java:29)
at com.Shanon.pages.HomePage.LeadsTab(HomePage.java:29)
at com.Shanon.pages.HomePage.LeadsTab(HomePage.java:29)
at com.Shanon.pages.HomePage.LeadsTab(HomePage.java:29)
at com.Shanon.pages.HomePage.LeadsTab(HomePage.java:29)
at com.Shanon.pages.HomePage.LeadsTab(HomePage.java:29)
at com.Shanon.pages.HomePage.LeadsTab(HomePage.java:29)
at com.Shanon.pages.HomePage.LeadsTab(HomePage.java:29)
at com.Shanon.pages.HomePage.LeadsTab(HomePage.java:29)
at com.Shanon.pages.HomePage.LeadsTab(HomePage.java:29)
at com.Shanon.pages.HomePage.LeadsTab(HomePage.java:29)
at com.Shanon.pages.HomePage.LeadsTab(HomePage.java:29)
at com.Shanon.pages.HomePage.LeadsTab(HomePage.java:29)
at com.Shanon.pages.HomePage.LeadsTab(HomePage.java:29)
at com.Shanon.pages.HomePage.LeadsTab(HomePage.java:29)
at com.Shanon.pages.HomePage.LeadsTab(HomePage.java:29)
at com.Shanon.pages.HomePage.LeadsTab(HomePage.java:29)
at com.Shanon.pages.HomePage.LeadsTab(HomePage.java:29)
at com.Shanon.pages.HomePage.LeadsTab(HomePage.java:29)
at com.Shanon.pages.HomePage.LeadsTab(HomePage.java:29)
at com.Shanon.pages.HomePage.LeadsTab(HomePage.java:29)
at com.Shanon.pages.HomePage.LeadsTab(HomePage.java:29)
at com.Shanon.pages.HomePage.LeadsTab(HomePage.java:29)
at com.Shanon.pages.HomePage.LeadsTab(HomePage.java:29)
at com.Shanon.pages.HomePage.LeadsTab(HomePage.java:29)
at com.Shanon.pages.HomePage.LeadsTab(HomePage.java:29)
at com.Shanon.pages.HomePage.LeadsTab(HomePage.java:29)
at com.Shanon.pages.HomePage.LeadsTab(HomePage.java:29)
at com.Shanon.pages.HomePage.LeadsTab(HomePage.java:29)
at com.Shanon.pages.HomePage.LeadsTab(HomePage.java:29)
at com.Shanon.pages.HomePage.LeadsTab(HomePage.java:29)
at com.Shanon.pages.HomePage.LeadsTab(HomePage.java:29)
at com.Shanon.pages.HomePage.LeadsTab(HomePage.java:29)
at com.Shanon.pages.HomePage.LeadsTab(HomePage.java:29)
at com.Shanon.pages.HomePage.LeadsTab(HomePage.java:29)
at com.Shanon.pages.HomePage.LeadsTab(HomePage.java:29)
at com.Shanon.pages.HomePage.LeadsTab(HomePage.java:29)
at com.Shanon.pages.HomePage.LeadsTab(HomePage.java:29)
at com.Shanon.pages.HomePage.LeadsTab(HomePage.java:29)
at com.Shanon.pages.HomePage.LeadsTab(HomePage.java:29)
at com.Shanon.pages.HomePage.LeadsTab(HomePage.java:29)
at com.Shanon.pages.HomePage.LeadsTab(HomePage.java:29)
at com.Shanon.pages.HomePage.LeadsTab(HomePage.java:29)
at com.Shanon.pages.HomePage.LeadsTab(HomePage.java:29)
at com.Shanon.pages.HomePage.LeadsTab(HomePage.java:29)
at com.Shanon.pages.HomePage.LeadsTab(HomePage.java:29)
at com.Shanon.pages.HomePage.LeadsTab(HomePage.java:29)
at com.Shanon.pages.HomePage.LeadsTab(HomePage.java:29)
at com.Shanon.pages.HomePage.LeadsTab(HomePage.java:29)
at com.Shanon.pages.HomePage.LeadsTab(HomePage.java:29)
at com.Shanon.pages.HomePage.LeadsTab(HomePage.java:29)
at com.Shanon.pages.HomePage.LeadsTab(HomePage.java:29)
at com.Shanon.pages.HomePage.LeadsTab(HomePage.java:29)
at com.Shanon.pages.HomePage.LeadsTab(HomePage.java:29)
at com.Shanon.pages.HomePage.LeadsTab(HomePage.java:29)
at com.Shanon.pages.HomePage.LeadsTab(HomePage.java:29)
at com.Shanon.pages.HomePage.LeadsTab(HomePage.java:29)
at com.Shanon.pages.HomePage.LeadsTab(HomePage.java:29)
at com.Shanon.pages.HomePage.LeadsTab(HomePage.java:29)
at com.Shanon.pages.HomePage.LeadsTab(HomePage.java:29)
at com.Shanon.pages.HomePage.LeadsTab(HomePage.java:29)
at com.Shanon.pages.HomePage.LeadsTab(HomePage.java:29)
at com.Shanon.pages.HomePage.LeadsTab(HomePage.java:29)
at com.Shanon.pages.HomePage.LeadsTab(HomePage.java:29)
at com.Shanon.pages.HomePage.LeadsTab(HomePage.java:29)
at com.Shanon.pages.HomePage.LeadsTab(HomePage.java:29)
at com.Shanon.pages.HomePage.LeadsTab(HomePage.java:29)
at com.Shanon.pages.HomePage.LeadsTab(HomePage.java:29)
at com.Shanon.pages.HomePage.LeadsTab(HomePage.java:29)
at com.Shanon.pages.HomePage.LeadsTab(HomePage.java:29)
at com.Shanon.pages.HomePage.LeadsTab(HomePage.java:29)
at com.Shanon.pages.HomePage.LeadsTab(HomePage.java:29)
at com.Shanon.pages.HomePage.LeadsTab(HomePage.java:29)
at com.Shanon.pages.HomePage.LeadsTab(HomePage.java:29)
at com.Shanon.pages.HomePage.LeadsTab(HomePage.java:29)
at com.Shanon.pages.HomePage.LeadsTab(HomePage.java:29)
at com.Shanon.pages.HomePage.LeadsTab(HomePage.java:29)
at com.Shanon.pages.HomePage.LeadsTab(HomePage.java:29)
at com.Shanon.pages.HomePage.LeadsTab(HomePage.java:29)
at com.Shanon.pages.HomePage.LeadsTab(HomePage.java:29)
at com.Shanon.pages.HomePage.LeadsTab(HomePage.java:29)
at com.Shanon.pages.HomePage.LeadsTab(HomePage.java:29)
at com.Shanon.pages.HomePage.LeadsTab(HomePage.java:29)
at com.Shanon.pages.HomePage.LeadsTab(HomePage.java:29)
at com.Shanon.pages.HomePage.LeadsTab(HomePage.java:29)
at com.Shanon.pages.HomePage.LeadsTab(HomePage.java:29)
at com.Shanon.pages.HomePage.LeadsTab(HomePage.java:29)
at com.Shanon.pages.HomePage.LeadsTab(HomePage.java:29)
at com.Shanon.pages.HomePage.LeadsTab(HomePage.java:29)
at com.Shanon.pages.HomePage.LeadsTab(HomePage.java:29)
at com.Shanon.pages.HomePage.LeadsTab(HomePage.java:29)
at com.Shanon.pages.HomePage.LeadsTab(HomePage.java:29)
[...]
at com.Shanon.pages.HomePage.LeadsTab(HomePage.java:29)
at com.Shanon.pages.HomePage.LeadsTab(HomePage.java:29)
at com.Shanon.pages.HomePage.LeadsTab(HomePage.java:29)
at com.Shanon.pages.HomePage.LeadsTab(HomePage.java:29)
at com.Shanon.pages.HomePage.LeadsTab(HomePage.java:29)
at com.Shanon.pages.HomePage.LeadsTab(HomePage.java:29)
at com.Shanon.pages.HomePage.LeadsTab(HomePage.java:29)
at com.Shanon.pages.HomePage.LeadsTab(HomePage.java:29)
at com.Shanon.pages.HomePage.LeadsTab(HomePage.java:29)
at com.Shanon.pages.HomePage.LeadsTab(HomePage.java:29)
at com.Shanon.pages.HomePage.LeadsTab(HomePage.java:29)
at com.Shanon.pages.HomePage.LeadsTab(HomePage.java:29)
at com.Shanon.pages.HomePage.LeadsTab(HomePage.java:29)
at com.Shanon.pages.HomePage.LeadsTab(HomePage.java:29)
at com.Shanon.pages.HomePage.LeadsTab(HomePage.java:29)
at com.Shanon.pages.HomePage.LeadsTab(HomePage.java:29)
at com.Shanon.pages.HomePage.LeadsTab(HomePage.java:29)
at com.Shanon.pages.HomePage.LeadsTab(HomePage.java:29)
at com.Shanon.pages.HomePage.LeadsTab(HomePage.java:29)
at com.Shanon.pages.HomePage.LeadsTab(HomePage.java:29)
at com.Shanon.pages.HomePage.LeadsTab(HomePage.java:29)
at com.Shanon.pages.HomePage.LeadsTab(HomePage.java:29)
at com.Shanon.pages.HomePage.LeadsTab(HomePage.java:29)
at com.Shanon.pages.HomePage.LeadsTab(HomePage.java:29)
at com.Shanon.pages.HomePage.LeadsTab(HomePage.java:29)
at com.Shanon.pages.HomePage.LeadsTab(HomePage.java:29)
at com.Shanon.pages.HomePage.LeadsTab(HomePage.java:29)
at com.Shanon.pages.HomePage.LeadsTab(HomePage.java:29)
at com.Shanon.pages.HomePage.LeadsTab(HomePage.java:29)
at com.Shanon.pages.HomePage.LeadsTab(HomePage.java:29)
at com.Shanon.pages.HomePage.LeadsTab(HomePage.java:29)
at com.Shanon.pages.HomePage.LeadsTab(HomePage.java:29)
at com.Shanon.pages.HomePage.LeadsTab(HomePage.java:29)
at com.Shanon.pages.HomePage.LeadsTab(HomePage.java:29)
at com.Shanon.pages.HomePage.LeadsTab(HomePage.java:29)
at com.Shanon.pages.HomePage.LeadsTab(HomePage.java:29)
at com.Shanon.pages.HomePage.LeadsTab(HomePage.java:29)
at com.Shanon.pages.HomePage.LeadsTab(HomePage.java:29)
at com.Shanon.pages.HomePage.LeadsTab(HomePage.java:29)
at com.Shanon.pages.HomePage.LeadsTab(HomePage.java:29)
at com.Shanon.pages.HomePage.LeadsTab(HomePage.java:29)
at com.Shanon.pages.HomePage.LeadsTab(HomePage.java:29)
at com.Shanon.pages.HomePage.LeadsTab(HomePage.java:29)
at com.Shanon.pages.HomePage.LeadsTab(HomePage.java:29)
at com.Shanon.pages.HomePage.LeadsTab(HomePage.java:29)
at com.Shanon.pages.HomePage.LeadsTab(HomePage.java:29)
at com.Shanon.pages.HomePage.LeadsTab(HomePage.java:29)
at com.Shanon.pages.HomePage.LeadsTab(HomePage.java:29)
at com.Shanon.pages.HomePage.LeadsTab(HomePage.java:29)
at com.Shanon.pages.HomePage.LeadsTab(HomePage.java:29)
at com.Shanon.pages.HomePage.LeadsTab(HomePage.java:29)
at com.Shanon.pages.HomePage.LeadsTab(HomePage.java:29)
at com.Shanon.pages.HomePage.LeadsTab(HomePage.java:29)
at com.Shanon.pages.HomePage.LeadsTab(HomePage.java:29)
at com.Shanon.pages.HomePage.LeadsTab(HomePage.java:29)
at com.Shanon.pages.HomePage.LeadsTab(HomePage.java:29)
at com.Shanon.pages.HomePage.LeadsTab(HomePage.java:29)
at com.Shanon.pages.HomePage.LeadsTab(HomePage.java:29)
at com.Shanon.pages.HomePage.LeadsTab(HomePage.java:29)
at com.Shanon.pages.HomePage.LeadsTab(HomePage.java:29)
at com.Shanon.pages.HomePage.LeadsTab(HomePage.java:29)
at com.Shanon.pages.HomePage.LeadsTab(HomePage.java:29)
at com.Shanon.pages.HomePage.LeadsTab(HomePage.java:29)
at com.Shanon.pages.HomePage.LeadsTab(HomePage.java:29)
at com.Shanon.pages.HomePage.LeadsTab(HomePage.java:29)
at com.Shanon.pages.HomePage.LeadsTab(HomePage.java:29)
at com.Shanon.pages.HomePage.LeadsTab(HomePage.java:29)
at com.Shanon.pages.HomePage.LeadsTab(HomePage.java:29)
at com.Shanon.pages.HomePage.LeadsTab(HomePage.java:29)
at com.Shanon.pages.HomePage.LeadsTab(HomePage.java:29)
at com.Shanon.pages.HomePage.LeadsTab(HomePage.java:29)
at com.Shanon.pages.HomePage.LeadsTab(HomePage.java:29)
at com.Shanon.pages.HomePage.LeadsTab(HomePage.java:29)
at com.Shanon.pages.HomePage.LeadsTab(HomePage.java:29)
at com.Shanon.pages.HomePage.LeadsTab(HomePage.java:29)
at com.Shanon.pages.HomePage.LeadsTab(HomePage.java:29)
at com.Shanon.pages.HomePage.LeadsTab(HomePage.java:29)
at com.Shanon.pages.HomePage.LeadsTab(HomePage.java:29)
at com.Shanon.pages.HomePage.LeadsTab(HomePage.java:29)
at com.Shanon.pages.HomePage.LeadsTab(HomePage.java:29)
at com.Shanon.pages.HomePage.LeadsTab(HomePage.java:29)
at com.Shanon.pages.HomePage.LeadsTab(HomePage.java:29)
at com.Shanon.pages.HomePage.LeadsTab(HomePage.java:29)
at com.Shanon.pages.HomePage.LeadsTab(HomePage.java:29)
at com.Shanon.pages.HomePage.LeadsTab(HomePage.java:29)
at com.Shanon.pages.HomePage.LeadsTab(HomePage.java:29)
at com.Shanon.pages.HomePage.LeadsTab(HomePage.java:29)
at com.Shanon.pages.HomePage.LeadsTab(HomePage.java:29)
at com.Shanon.pages.HomePage.LeadsTab(HomePage.java:29)
at com.Shanon.pages.HomePage.LeadsTab(HomePage.java:29)
at com.Shanon.pages.HomePage.LeadsTab(HomePage.java:29)
at com.Shanon.pages.HomePage.LeadsTab(HomePage.java:29)
at com.Shanon.pages.HomePage.LeadsTab(HomePage.java:29)
at com.Shanon.pages.HomePage.LeadsTab(HomePage.java:29)
at com.Shanon.pages.HomePage.LeadsTab(HomePage.java:29)
at com.Shanon.pages.HomePage.LeadsTab(HomePage.java:29)
at com.Shanon.pages.HomePage.LeadsTab(HomePage.java:29)
at com.Shanon.pages.HomePage.LeadsTab(HomePage.java:29)
at com.Shanon.pages.HomePage.LeadsTab(HomePage.java:29)
at com.Shanon.pages.HomePage.LeadsTab(HomePage.java:29)
at com.Shanon.pages.HomePage.LeadsTab(HomePage.java:29)
at com.Shanon.pages.HomePage.LeadsTab(HomePage.java:29)
at com.Shanon.pages.HomePage.LeadsTab(HomePage.java:29)
at com.Shanon.pages.HomePage.LeadsTab(HomePage.java:29)
at com.Shanon.pages.HomePage.LeadsTab(HomePage.java:29)
at com.Shanon.pages.HomePage.LeadsTab(HomePage.java:29)
at com.Shanon.pages.HomePage.LeadsTab(HomePage.java:29)
at com.Shanon.pages.HomePage.LeadsTab(HomePage.java:29)
at com.Shanon.pages.HomePage.LeadsTab(HomePage.java:29)
at com.Shanon.pages.HomePage.LeadsTab(HomePage.java:29)
at com.Shanon.pages.HomePage.LeadsTab(HomePage.java:29)
at com.Shanon.pages.HomePage.LeadsTab(HomePage.java:29)
at com.Shanon.pages.HomePage.LeadsTab(HomePage.java:29)
at com.Shanon.pages.HomePage.LeadsTab(HomePage.java:29)
at com.Shanon.pages.HomePage.LeadsTab(HomePage.java:29)
at com.Shanon.pages.HomePage.LeadsTab(HomePage.java:29)
at com.Shanon.pages.HomePage.LeadsTab(HomePage.java:29)
at com.Shanon.pages.HomePage.LeadsTab(HomePage.java:29)
at com.Shanon.pages.HomePage.LeadsTab(HomePage.java:29)
at com.Shanon.pages.HomePage.LeadsTab(HomePage.java:29)
at com.Shanon.pages.HomePage.LeadsTab(HomePage.java:29)
at com.Shanon.pages.HomePage.LeadsTab(HomePage.java:29)
at com.Shanon.pages.HomePage.LeadsTab(HomePage.java:29)
at com.Shanon.pages.HomePage.LeadsTab(HomePage.java:29)
at com.Shanon.pages.HomePage.LeadsTab(HomePage.java:29)
at com.Shanon.pages.HomePage.LeadsTab(HomePage.java:29)
at com.Shanon.pages.HomePage.LeadsTab(HomePage.java:29)
at com.Shanon.pages.HomePage.LeadsTab(HomePage.java:29)
at com.Shanon.pages.HomePage.LeadsTab(HomePage.java:29)
at com.Shanon.pages.HomePage.LeadsTab(HomePage.java:29)
at com.Shanon.pages.HomePage.LeadsTab(HomePage.java:29)
at com.Shanon.pages.HomePage.LeadsTab(HomePage.java:29)
at com.Shanon.pages.HomePage.LeadsTab(HomePage.java:29)
at com.Shanon.pages.HomePage.LeadsTab(HomePage.java:29)
at com.Shanon.pages.HomePage.LeadsTab(HomePage.java:29)
at com.Shanon.pages.HomePage.LeadsTab(HomePage.java:29)
at com.Shanon.pages.HomePage.LeadsTab(HomePage.java:29)
at com.Shanon.pages.HomePage.LeadsTab(HomePage.java:29)
at com.Shanon.pages.HomePage.LeadsTab(HomePage.java:29)
at com.Shanon.pages.HomePage.LeadsTab(HomePage.java:29)
at com.Shanon.pages.HomePage.LeadsTab(HomePage.java:29)
at com.Shanon.pages.HomePage.LeadsTab(HomePage.java:29)
at com.Shanon.pages.HomePage.LeadsTab(HomePage.java:29)
at com.Shanon.pages.HomePage.LeadsTab(HomePage.java:29)
at com.Shanon.pages.HomePage.LeadsTab(HomePage.java:29)
at com.Shanon.pages.HomePage.LeadsTab(HomePage.java:29)
at com.Shanon.pages.HomePage.LeadsTab(HomePage.java:29)
at com.Shanon.pages.HomePage.LeadsTab(HomePage.java:29)
at com.Shanon.pages.HomePage.LeadsTab(HomePage.java:29)
at com.Shanon.pages.HomePage.LeadsTab(HomePage.java:29)
at com.Shanon.pages.HomePage.LeadsTab(HomePage.java:29)
at com.Shanon.pages.HomePage.LeadsTab(HomePage.java:29)
at com.Shanon.pages.HomePage.LeadsTab(HomePage.java:29)
at com.Shanon.pages.HomePage.LeadsTab(HomePage.java:29)
at com.Shanon.pages.HomePage.LeadsTab(HomePage.java:29)
at com.Shanon.pages.HomePage.LeadsTab(HomePage.java:29)
at com.Shanon.pages.HomePage.LeadsTab(HomePage.java:29)
at com.Shanon.pages.HomePage.LeadsTab(HomePage.java:29)
at com.Shanon.pages.HomePage.LeadsTab(HomePage.java:29)
at com.Shanon.pages.HomePage.LeadsTab(HomePage.java:29)
at com.Shanon.pages.HomePage.LeadsTab(HomePage.java:29)
at com.Shanon.pages.HomePage.LeadsTab(HomePage.java:29)
at com.Shanon.pages.HomePage.LeadsTab(HomePage.java:29)
at com.Shanon.pages.HomePage.LeadsTab(HomePage.java:29)
at com.Shanon.pages.HomePage.LeadsTab(HomePage.java:29)
at com.Shanon.pages.HomePage.LeadsTab(HomePage.java:29)
at com.Shanon.pages.HomePage.LeadsTab(HomePage.java:29)
at com.Shanon.pages.HomePage.LeadsTab(HomePage.java:29)
at com.Shanon.pages.HomePage.LeadsTab(HomePage.java:29)
at com.Shanon.pages.HomePage.LeadsTab(HomePage.java:29)
at com.Shanon.pages.HomePage.LeadsTab(HomePage.java:29)
at com.Shanon.pages.HomePage.LeadsTab(HomePage.java:29)
at com.Shanon.pages.HomePage.LeadsTab(HomePage.java:29)
at com.Shanon.pages.HomePage.LeadsTab(HomePage.java:29)
at com.Shanon.pages.HomePage.LeadsTab(HomePage.java:29)
at com.Shanon.pages.HomePage.LeadsTab(HomePage.java:29)
at com.Shanon.pages.HomePage.LeadsTab(HomePage.java:29)
at com.Shanon.pages.HomePage.LeadsTab(HomePage.java:29)
at com.Shanon.pages.HomePage.LeadsTab(HomePage.java:29)
at com.Shanon.pages.HomePage.LeadsTab(HomePage.java:29)
at com.Shanon.pages.HomePage.LeadsTab(HomePage.java:29)
at com.Shanon.pages.HomePage.LeadsTab(HomePage.java:29)
at com.Shanon.pages.HomePage.LeadsTab(HomePage.java:29)
at com.Shanon.pages.HomePage.LeadsTab(HomePage.java:29)
at com.Shanon.pages.HomePage.LeadsTab(HomePage.java:29)
at com.Shanon.pages.HomePage.LeadsTab(HomePage.java:29)
at com.Shanon.pages.HomePage.LeadsTab(HomePage.java:29)
at com.Shanon.pages.HomePage.LeadsTab(HomePage.java:29)
at com.Shanon.pages.HomePage.LeadsTab(HomePage.java:29)
at com.Shanon.pages.HomePage.LeadsTab(HomePage.java:29)
at com.Shanon.pages.HomePage.LeadsTab(HomePage.java:29)
at com.Shanon.pages.HomePage.LeadsTab(HomePage.java:29)
at com.Shanon.pages.HomePage.LeadsTab(HomePage.java:29)
at com.Shanon.pages.HomePage.LeadsTab(HomePage.java:29)
at com.Shanon.pages.HomePage.LeadsTab(HomePage.java:29)
at com.Shanon.pages.HomePage.LeadsTab(HomePage.java:29)
at com.Shanon.pages.HomePage.LeadsTab(HomePage.java:29)
at com.Shanon.pages.HomePage.LeadsTab(HomePage.java:29)
at com.Shanon.pages.HomePage.LeadsTab(HomePage.java:29)
at com.Shanon.pages.HomePage.LeadsTab(HomePage.java:29)
at com.Shanon.pages.HomePage.LeadsTab(HomePage.java:29)
at com.Shanon.pages.HomePage.LeadsTab(HomePage.java:29)
at com.Shanon.pages.HomePage.LeadsTab(HomePage.java:29)
at com.Shanon.pages.HomePage.LeadsTab(HomePage.java:29)
at com.Shanon.pages.HomePage.LeadsTab(HomePage.java:29)
at com.Shanon.pages.HomePage.LeadsTab(HomePage.java:29)
at com.Shanon.pages.HomePage.LeadsTab(HomePage.java:29)
at com.Shanon.pages.HomePage.LeadsTab(HomePage.java:29)
at com.Shanon.pages.HomePage.LeadsTab(HomePage.java:29)
at com.Shanon.pages.HomePage.LeadsTab(HomePage.java:29)
at com.Shanon.pages.HomePage.LeadsTab(HomePage.java:29)
at com.Shanon.pages.HomePage.LeadsTab(HomePage.java:29)
at com.Shanon.pages.HomePage.LeadsTab(HomePage.java:29)
at com.Shanon.pages.HomePage.LeadsTab(HomePage.java:29)
at com.Shanon.pages.HomePage.LeadsTab(HomePage.java:29)
at com.Shanon.pages.HomePage.LeadsTab(HomePage.java:29)
at com.Shanon.pages.HomePage.LeadsTab(HomePage.java:29)
at com.Shanon.pages.HomePage.LeadsTab(HomePage.java:29)
at com.Shanon.pages.HomePage.LeadsTab(HomePage.java:29)
at com.Shanon.pages.HomePage.LeadsTab(HomePage.java:29)
at com.Shanon.pages.HomePage.LeadsTab(HomePage.java:29)
at com.Shanon.pages.HomePage.LeadsTab(HomePage.java:29)
at com.Shanon.pages.HomePage.LeadsTab(HomePage.java:29)
at com.Shanon.pages.HomePage.LeadsTab(HomePage.java:29)
at com.Shanon.pages.HomePage.LeadsTab(HomePage.java:29)
at com.Shanon.pages.HomePage.LeadsTab(HomePage.java:29)
at com.Shanon.pages.HomePage.LeadsTab(HomePage.java:29)
at com.Shanon.pages.HomePage.LeadsTab(HomePage.java:29)
at com.Shanon.pages.HomePage.LeadsTab(HomePage.java:29)
at com.Shanon.pages.HomePage.LeadsTab(HomePage.java:29)
at com.Shanon.pages.HomePage.LeadsTab(HomePage.java:29)
at com.Shanon.pages.HomePage.LeadsTab(HomePage.java:29)
at com.Shanon.pages.HomePage.LeadsTab(HomePage.java:29)
at com.Shanon.pages.HomePage.LeadsTab(HomePage.java:29)
at com.Shanon.pages.HomePage.LeadsTab(HomePage.java:29)
at com.Shanon.pages.HomePage.LeadsTab(HomePage.java:29)
at com.Shanon.pages.HomePage.LeadsTab(HomePage.java:29)
at com.Shanon.pages.HomePage.LeadsTab(HomePage.java:29)
at com.Shanon.pages.HomePage.LeadsTab(HomePage.java:29)
at com.Shanon.pages.HomePage.LeadsTab(HomePage.java:29)
at com.Shanon.pages.HomePage.LeadsTab(HomePage.java:29)
at com.Shanon.pages.HomePage.LeadsTab(HomePage.java:29)
at com.Shanon.pages.HomePage.LeadsTab(HomePage.java:29)
at com.Shanon.pages.HomePage.LeadsTab(HomePage.java:29)
at com.Shanon.pages.HomePage.LeadsTab(HomePage.java:29)
at com.Shanon.pages.HomePage.LeadsTab(HomePage.java:29)
at com.Shanon.pages.HomePage.LeadsTab(HomePage.java:29)
at com.Shanon.pages.HomePage.LeadsTab(HomePage.java:29)
at com.Shanon.pages.HomePage.LeadsTab(HomePage.java:29)
at com.Shanon.pages.HomePage.LeadsTab(HomePage.java:29)
at com.Shanon.pages.HomePage.LeadsTab(HomePage.java:29)
at com.Shanon.pages.HomePage.LeadsTab(HomePage.java:29)
at com.Shanon.pages.HomePage.LeadsTab(HomePage.java:29)
at com.Shanon.pages.HomePage.LeadsTab(HomePage.java:29)
at com.Shanon.pages.HomePage.LeadsTab(HomePage.java:29)
at com.Shanon.pages.HomePage.LeadsTab(HomePage.java:29)
at com.Shanon.pages.HomePage.LeadsTab(HomePage.java:29)
at com.Shanon.pages.HomePage.LeadsTab(HomePage.java:29)
at com.Shanon.pages.HomePage.LeadsTab(HomePage.java:29)
at com.Shanon.pages.HomePage.LeadsTab(HomePage.java:29)
at com.Shanon.pages.HomePage.LeadsTab(HomePage.java:29)
at com.Shanon.pages.HomePage.LeadsTab(HomePage.java:29)
at com.Shanon.pages.HomePage.LeadsTab(HomePage.java:29)
at com.Shanon.pages.HomePage.LeadsTab(HomePage.java:29)
at com.Shanon.pages.HomePage.LeadsTab(HomePage.java:29)
at com.Shanon.pages.HomePage.LeadsTab(HomePage.java:29)
at com.Shanon.pages.HomePage.LeadsTab(HomePage.java:29)
at com.Shanon.pages.HomePage.LeadsTab(HomePage.java:29)
at com.Shanon.pages.HomePage.LeadsTab(HomePage.java:29)
at com.Shanon.pages.HomePage.LeadsTab(HomePage.java:29)
at com.Shanon.pages.HomePage.LeadsTab(HomePage.java:29)
at com.Shanon.pages.HomePage.LeadsTab(HomePage.java:29)
at com.Shanon.pages.HomePage.LeadsTab(HomePage.java:29)
at com.Shanon.pages.HomePage.LeadsTab(HomePage.java:29)
at com.Shanon.pages.HomePage.LeadsTab(HomePage.java:29)
at com.Shanon.pages.HomePage.LeadsTab(HomePage.java:29)
at com.Shanon.pages.HomePage.LeadsTab(HomePage.java:29)
at com.Shanon.pages.HomePage.LeadsTab(HomePage.java:29)
at com.Shanon.pages.HomePage.LeadsTab(HomePage.java:29)
at com.Shanon.pages.HomePage.LeadsTab(HomePage.java:29)
at com.Shanon.pages.HomePage.LeadsTab(HomePage.java:29)
at com.Shanon.pages.HomePage.LeadsTab(HomePage.java:29)
at com.Shanon.pages.HomePage.LeadsTab(HomePage.java:29)
at com.Shanon.pages.HomePage.LeadsTab(HomePage.java:29)
at com.Shanon.pages.HomePage.LeadsTab(HomePage.java:29)
at com.Shanon.pages.HomePage.LeadsTab(HomePage.java:29)
at com.Shanon.pages.HomePage.LeadsTab(HomePage.java:29)
at com.Shanon.pages.HomePage.LeadsTab(HomePage.java:29)
at com.Shanon.pages.HomePage.LeadsTab(HomePage.java:29)
at com.Shanon.pages.HomePage.LeadsTab(HomePage.java:29)
at com.Shanon.pages.HomePage.LeadsTab(HomePage.java:29)
at com.Shanon.pages.HomePage.LeadsTab(HomePage.java:29)
at com.Shanon.pages.HomePage.LeadsTab(HomePage.java:29)
at com.Shanon.pages.HomePage.LeadsTab(HomePage.java:29)
at com.Shanon.pages.HomePage.LeadsTab(HomePage.java:29)
at com.Shanon.pages.HomePage.LeadsTab(HomePage.java:29)
at com.Shanon.pages.HomePage.LeadsTab(HomePage.java:29)
at com.Shanon.pages.HomePage.LeadsTab(HomePage.java:29)
at com.Shanon.pages.HomePage.LeadsTab(HomePage.java:29)
at com.Shanon.pages.HomePage.LeadsTab(HomePage.java:29)
at com.Shanon.pages.HomePage.LeadsTab(HomePage.java:29)
at com.Shanon.pages.HomePage.LeadsTab(HomePage.java:29)
at com.Shanon.pages.HomePage.LeadsTab(HomePage.java:29)
at com.Shanon.pages.HomePage.LeadsTab(HomePage.java:29)
at com.Shanon.pages.HomePage.LeadsTab(HomePage.java:29)
at com.Shanon.pages.HomePage.LeadsTab(HomePage.java:29)
at com.Shanon.pages.HomePage.LeadsTab(HomePage.java:29)
at com.Shanon.pages.HomePage.LeadsTab(HomePage.java:29)
at com.Shanon.pages.HomePage.LeadsTab(HomePage.java:29)
at com.Shanon.pages.HomePage.LeadsTab(HomePage.java:29)
at com.Shanon.pages.HomePage.LeadsTab(HomePage.java:29)
at com.Shanon.pages.HomePage.LeadsTab(HomePage.java:29)
at com.Shanon.pages.HomePage.LeadsTab(HomePage.java:29)
at com.Shanon.pages.HomePage.LeadsTab(HomePage.java:29)
at com.Shanon.pages.HomePage.LeadsTab(HomePage.java:29)
at com.Shanon.pages.HomePage.LeadsTab(HomePage.java:29)
at com.Shanon.pages.HomePage.LeadsTab(HomePage.java:29)
at com.Shanon.pages.HomePage.LeadsTab(HomePage.java:29)
at com.Shanon.pages.HomePage.LeadsTab(HomePage.java:29)
at com.Shanon.pages.HomePage.LeadsTab(HomePage.java:29)
at com.Shanon.pages.HomePage.LeadsTab(HomePage.java:29)
at com.Shanon.pages.HomePage.LeadsTab(HomePage.java:29)
at com.Shanon.pages.HomePage.LeadsTab(HomePage.java:29)
at com.Shanon.pages.HomePage.LeadsTab(HomePage.java:29)
at com.Shanon.pages.HomePage.LeadsTab(HomePage.java:29)
]]>
            </full-stacktrace>
          </exception> <!-- java.lang.StackOverflowError -->
          <reporter-output>
            <line>
              <![CDATA[createNewLeadTest method started]]>
            </line>
            <line>
              <![CDATA[CRM HOME PAGE is Displayed]]>
            </line>
            <line>
              <![CDATA[createNewLeadTest method FAILED]]>
            </line>
          </reporter-output>
        </test-method> <!-- createNewLeadTest -->
      </class> <!-- com.Shanon.Leads.VerifyLeadCreation -->
      <class name="com.Shanon.login.ValidLogin">
        <test-method is-config="true" signature="openBrowser()[pri:0, instance:com.Shanon.login.ValidLogin@3fb1549b]" started-at="2022-06-15T01:11:59 IST" name="openBrowser" finished-at="2022-06-15T01:12:00 IST" duration-ms="1036" status="PASS">
          <reporter-output>
            <line>
              <![CDATA[LOGIN PAGE is Displayed]]>
            </line>
          </reporter-output>
        </test-method> <!-- openBrowser -->
        <test-method signature="loginToApp()[pri:0, instance:com.Shanon.login.ValidLogin@3fb1549b]" started-at="2022-06-15T01:12:00 IST" name="loginToApp" finished-at="2022-06-15T01:12:00 IST" duration-ms="550" status="PASS">
          <reporter-output>
            <line>
              <![CDATA[loginToApp method started]]>
            </line>
            <line>
              <![CDATA[CRM HOME PAGE is Displayed]]>
            </line>
            <line>
              <![CDATA[loginToApp method PASSED]]>
            </line>
          </reporter-output>
        </test-method> <!-- loginToApp -->
      </class> <!-- com.Shanon.login.ValidLogin -->
    </test> <!-- Test -->
  </suite> <!-- Suite -->
</testng-results>
